Log file open, 12/23/23 12:03:23
LogWindows: Failed to load 'aqProf.dll' (GetLastError=126)
LogWindows: File 'aqProf.dll' does not exist
LogWindows: Failed to load 'VtuneApi.dll' (GetLastError=126)
LogWindows: File 'VtuneApi.dll' does not exist
LogWindows: Failed to load 'VtuneApi32e.dll' (GetLastError=126)
LogWindows: File 'VtuneApi32e.dll' does not exist
LogConsoleResponse: Display: Failed to find resolution value strings in scalability ini. Falling back to default.
LogConsoleResponse: Display: Failed to find resolution value strings in scalability ini. Falling back to default.
LogInit: Display: Running engine for game: BodyScanLine
LogPlatformFile: Not using cached read wrapper
LogTaskGraph: Started task graph with 5 named threads and 35 total threads with 3 sets of task threads.
LogStats: Stats thread started at 0.330118
LogICUInternationalization: ICU TimeZone Detection - Raw Offset: +1:00, Platform Override: ''
LogInit: Display: Loading text-based GConfig....
LogPluginManager: Mounting plugin MeshPainting
LogPluginManager: Mounting plugin XGEController
LogPluginManager: Mounting plugin Paper2D
LogPluginManager: Mounting plugin AISupport
LogPluginManager: Mounting plugin EnvironmentQueryEditor
LogPluginManager: Mounting plugin LiveLink
LogPluginManager: Mounting plugin CameraShakePreviewer
LogPluginManager: Mounting plugin GameplayCameras
LogPluginManager: Mounting plugin OpenColorIO
LogPluginManager: Mounting plugin OodleData
LogPluginManager: Mounting plugin LightPropagationVolume
LogPluginManager: Mounting plugin OodleNetwork
LogPluginManager: Mounting plugin AssetManagerEditor
LogPluginManager: Mounting plugin AnimationSharing
LogPluginManager: Mounting plugin CLionSourceCodeAccess
LogPluginManager: Mounting plugin CodeLiteSourceCodeAccess
LogPluginManager: Mounting plugin KDevelopSourceCodeAccess
LogPluginManager: Mounting plugin NullSourceCodeAccess
LogPluginManager: Mounting plugin PluginUtils
LogPluginManager: Mounting plugin PlasticSourceControl
LogPluginManager: Mounting plugin CryptoKeys
LogPluginManager: Mounting plugin PerforceSourceControl
LogPluginManager: Mounting plugin PropertyAccessNode
LogPluginManager: Mounting plugin PixWinPlugin
LogPluginManager: Mounting plugin CurveEditorTools
LogPluginManager: Mounting plugin RiderSourceCodeAccess
LogPluginManager: Mounting plugin DataValidation
LogPluginManager: Mounting plugin TextureFormatOodle
LogPluginManager: Mounting plugin EditorScriptingUtilities
LogPluginManager: Mounting plugin FacialAnimation
LogPluginManager: Mounting plugin GeometryMode
LogPluginManager: Mounting plugin GameplayTagsEditor
LogPluginManager: Mounting plugin MaterialAnalyzer
LogPluginManager: Mounting plugin SubversionSourceControl
LogPluginManager: Mounting plugin MacGraphicsSwitching
LogPluginManager: Mounting plugin MobileLauncherProfileWizard
LogPluginManager: Mounting plugin PluginBrowser
LogPluginManager: Mounting plugin UObjectPlugin
LogPluginManager: Mounting plugin VisualStudioSourceCodeAccess
LogPluginManager: Mounting plugin SpeedTreeImporter
LogPluginManager: Mounting plugin XCodeSourceCodeAccess
LogPluginManager: Mounting plugin DatasmithContent
LogPluginManager: Mounting plugin VisualStudioCodeSourceCodeAccess
LogPluginManager: Mounting plugin VariantManagerContent
LogPluginManager: Mounting plugin Niagara
LogPluginManager: Mounting plugin AlembicImporter
LogPluginManager: Mounting plugin AutomationUtils
LogPluginManager: Mounting plugin ChaosCloth
LogPluginManager: Mounting plugin ChaosEditor
LogPluginManager: Mounting plugin ChaosClothEditor
LogPluginManager: Mounting plugin ChaosNiagara
LogPluginManager: Mounting plugin GitSourceControl
LogPluginManager: Mounting plugin ChaosSolverPlugin
LogPluginManager: Mounting plugin CharacterAI
LogPluginManager: Mounting plugin GeometryCache
LogPluginManager: Mounting plugin BackChannel
LogPluginManager: Mounting plugin LuminPlatformFeatures
LogPluginManager: Mounting plugin MagicLeap
LogPluginManager: Mounting plugin MagicLeapLightEstimation
LogPluginManager: Mounting plugin GeometryCollectionPlugin
LogPluginManager: Mounting plugin MagicLeapMedia
LogPluginManager: Mounting plugin MagicLeapPassableWorld
LogPluginManager: Mounting plugin MLSDK
LogPluginManager: Mounting plugin AvfMedia
LogPluginManager: Mounting plugin AndroidMedia
LogPluginManager: Mounting plugin GeometryProcessing
LogPluginManager: Mounting plugin MotoSynth
LogPluginManager: Mounting plugin OpenImageDenoise
LogPluginManager: Mounting plugin ImgMedia
LogPluginManager: Mounting plugin PlanarCut
LogPluginManager: Mounting plugin MediaCompositing
LogPluginManager: Mounting plugin PlatformCrypto
LogPluginManager: Mounting plugin ProxyLODPlugin
LogPluginManager: Mounting plugin PythonScriptPlugin
LogPluginManager: Mounting plugin WmfMedia
LogPluginManager: Mounting plugin WebMMedia
LogPluginManager: Mounting plugin MediaPlayerEditor
LogPluginManager: Mounting plugin SkeletalReduction
LogPluginManager: Mounting plugin UdpMessaging
LogPluginManager: Mounting plugin TcpMessaging
LogPluginManager: Mounting plugin MatineeToLevelSequence
LogPluginManager: Mounting plugin LevelSequenceEditor
LogPluginManager: Mounting plugin MovieRenderPipeline
LogPluginManager: Mounting plugin SequencerScripting
LogPluginManager: Mounting plugin TemplateSequence
LogPluginManager: Mounting plugin ActorSequence
LogPluginManager: Mounting plugin OnlineSubsystemNull
LogPluginManager: Mounting plugin OnlineSubsystem
LogPluginManager: Mounting plugin OnlineSubsystemUtils
LogPluginManager: Mounting plugin LauncherChunkInstaller
LogPluginManager: Mounting plugin ActorLayerUtilities
LogPluginManager: Mounting plugin AndroidDeviceProfileSelector
LogPluginManager: Mounting plugin AndroidMoviePlayer
LogPluginManager: Mounting plugin AndroidPermission
LogPluginManager: Mounting plugin AppleMoviePlayer
LogPluginManager: Mounting plugin AppleImageUtils
LogPluginManager: Mounting plugin AudioCapture
LogPluginManager: Mounting plugin AssetTags
LogPluginManager: Mounting plugin AudioSynesthesia
LogPluginManager: Mounting plugin CustomMeshComponent
LogPluginManager: Mounting plugin CableComponent
LogPluginManager: Mounting plugin ArchVisCharacter
LogPluginManager: Mounting plugin EditableMesh
LogPluginManager: Mounting plugin ChunkDownloader
LogPluginManager: Mounting plugin ExampleDeviceProfileSelector
LogPluginManager: Mounting plugin GooglePAD
LogPluginManager: Mounting plugin IOSDeviceProfileSelector
LogPluginManager: Mounting plugin LinuxDeviceProfileSelector
LogPluginManager: Mounting plugin GoogleCloudMessaging
LogPluginManager: Mounting plugin LocationServicesBPLibrary
LogPluginManager: Mounting plugin MobilePatchingUtils
LogPluginManager: Mounting plugin OpenXR
LogPluginManager: Mounting plugin OpenXREyeTracker
LogPluginManager: Mounting plugin OpenXRHandTracking
LogPluginManager: Mounting plugin PhysXVehicles
LogPluginManager: Mounting plugin PostSplashScreen
LogPluginManager: Mounting plugin ProceduralMeshComponent
LogPluginManager: Mounting plugin PropertyAccessEditor
LogPluginManager: Mounting plugin SignificanceManager
LogPluginManager: Mounting plugin RuntimePhysXCooking
LogPluginManager: Mounting plugin SoundFields
LogPluginManager: Mounting plugin Synthesis
LogPluginManager: Mounting plugin WebMMoviePlayer
LogPluginManager: Mounting plugin WindowsMoviePlayer
LogPluginManager: Mounting plugin ScreenshotTools
LogPluginManager: Mounting plugin Takes
LogPluginManager: Mounting plugin ContentBrowserAssetDataSource
LogPluginManager: Mounting plugin ContentBrowserClassDataSource
LogPluginManager: Mounting plugin ContentBrowserFileDataSource
LogPluginManager: Mounting plugin OnlineSubsystemGooglePlay
LogPluginManager: Mounting plugin OnlineSubsystemIOS
LogPluginManager: Mounting plugin OculusVR
LogPluginManager: Mounting plugin SteamVR
PixWinPlugin: PIX capture plugin failed to initialize! Check that the process is launched from PIX.
LogInit: Using libcurl 7.55.1-DEV
LogInit:  - built for x86_64-pc-win32
LogInit:  - supports SSL with OpenSSL/1.1.1
LogInit:  - supports HTTP deflate (compression) using libz 1.2.8
LogInit:  - other features:
LogInit:      CURL_VERSION_SSL
LogInit:      CURL_VERSION_LIBZ
LogInit:      CURL_VERSION_IPV6
LogInit:      CURL_VERSION_ASYNCHDNS
LogInit:      CURL_VERSION_LARGEFILE
LogInit:      CURL_VERSION_IDN
LogInit:  CurlRequestOptions (configurable via config and command line):
LogInit:  - bVerifyPeer = true  - Libcurl will verify peer certificate
LogInit:  - bUseHttpProxy = false  - Libcurl will NOT use HTTP proxy
LogInit:  - bDontReuseConnections = false  - Libcurl will reuse connections
LogInit:  - MaxHostConnections = 16  - Libcurl will limit the number of connections to a host
LogInit:  - LocalHostAddr = Default
LogInit:  - BufferSize = 65536
LogOnline: OSS: Creating online subsystem instance for: NULL
LogInit: WinSock: version 1.1 (2.2), MaxSocks=32767, MaxUdp=65467
LogOnline: OSS: TryLoadSubsystemAndSetDefault: Loaded subsystem for module [NULL]
LogInit: Build: ++UE4+Release-4.27-CL-18319896
LogInit: Engine Version: 4.27.2-18319896+++UE4+Release-4.27
LogInit: Compatible Engine Version: 4.27.0-17155196+++UE4+Release-4.27
LogInit: Net CL: 17155196
LogInit: OS: Windows 10 (Release 2009) (), CPU: AMD Ryzen 5 1600 Six-Core Processor            , GPU: NVIDIA GeForce GTX 1070
LogInit: Compiled (64-bit): Nov 30 2021 07:12:08
LogInit: Compiled with Visual C++: 19.24.28315.00
LogInit: Build Configuration: Development
LogInit: Branch Name: ++UE4+Release-4.27
LogInit: Command Line:  MoviePipelineEntryMap?game=/Script/MovieRenderPipelineCore.MoviePipelineGameMode -game -Multiprocess -NoLoadingScreen -FixedSeed -log -Unattended -messaging -SessionName="NewProcess Movie Render" -nohmd -windowed -ResX=1280 -ResY=720 -dpcvars=sg.ViewDistanceQuality=4,sg.AntiAliasingQuality=4,sg.ShadowQuality=4,sg.PostProcessQuality=4,sg.TextureQuality=4,sg.EffectsQuality=4,sg.FoliageQuality=4,sg.ShadingQuality=4,r.TextureStreaming=0,r.ForceLOD=0,r.SkeletalMeshLODBias=-10,r.ParticleLODBias=-10,foliage.DitheredLOD=0,foliage.ForceLOD=0r.Shadow.DistanceScale=10,r.ShadowQuality=5,r.Shadow.RadiusThreshold=0.001000,r.ViewDistanceScale=50,r.D3D12.GPUTimeout=0,a.URO.Enable=0,r.SkyLight.RealTimeReflectionCapture.TimeSlice=0, -execcmds=r.HLOD 0, -MoviePipelineConfig=MovieRenderPipeline/QueueManifest.utxt
LogInit: Base Directory: C:/Program Files/Epic Games/UE_4.27/Engine/Binaries/Win64/
LogInit: Allocator: TBB
LogInit: Installed Engine Build: 1
LogDevObjectVersion: Number of dev versions registered: 29
LogDevObjectVersion:   Dev-Blueprints (B0D832E4-1F89-4F0D-ACCF-7EB736FD4AA2): 10
LogDevObjectVersion:   Dev-Build (E1C64328-A22C-4D53-A36C-8E866417BD8C): 0
LogDevObjectVersion:   Dev-Core (375EC13C-06E4-48FB-B500-84F0262A717E): 4
LogDevObjectVersion:   Dev-Editor (E4B068ED-F494-42E9-A231-DA0B2E46BB41): 40
LogDevObjectVersion:   Dev-Framework (CFFC743F-43B0-4480-9391-14DF171D2073): 37
LogDevObjectVersion:   Dev-Mobile (B02B49B5-BB20-44E9-A304-32B752E40360): 3
LogDevObjectVersion:   Dev-Networking (A4E4105C-59A1-49B5-A7C5-40C4547EDFEE): 0
LogDevObjectVersion:   Dev-Online (39C831C9-5AE6-47DC-9A44-9C173E1C8E7C): 0
LogDevObjectVersion:   Dev-Physics (78F01B33-EBEA-4F98-B9B4-84EACCB95AA2): 14
LogDevObjectVersion:   Dev-Platform (6631380F-2D4D-43E0-8009-CF276956A95A): 0
LogDevObjectVersion:   Dev-Rendering (12F88B9F-8875-4AFC-A67C-D90C383ABD29): 45
LogDevObjectVersion:   Dev-Sequencer (7B5AE74C-D270-4C10-A958-57980B212A5A): 13
LogDevObjectVersion:   Dev-VR (D7296918-1DD6-4BDD-9DE2-64A83CC13884): 3
LogDevObjectVersion:   Dev-LoadTimes (C2A15278-BFE7-4AFE-6C17-90FF531DF755): 1
LogDevObjectVersion:   Private-Geometry (6EACA3D4-40EC-4CC1-B786-8BED09428FC5): 3
LogDevObjectVersion:   Dev-AnimPhys (29E575DD-E0A3-4627-9D10-D276232CDCEA): 17
LogDevObjectVersion:   Dev-Anim (AF43A65D-7FD3-4947-9873-3E8ED9C1BB05): 15
LogDevObjectVersion:   Dev-ReflectionCapture (6B266CEC-1EC7-4B8F-A30B-E4D90942FC07): 1
LogDevObjectVersion:   Dev-Automation (0DF73D61-A23F-47EA-B727-89E90C41499A): 1
LogDevObjectVersion:   FortniteMain (601D1886-AC64-4F84-AA16-D3DE0DEAC7D6): 47
LogDevObjectVersion:   FortniteRelease (E7086368-6B23-4C58-8439-1B7016265E91): 1
LogDevObjectVersion:   Dev-Enterprise (9DFFBCD6-494F-0158-E221-12823C92A888): 10
LogDevObjectVersion:   Dev-Niagara (F2AED0AC-9AFE-416F-8664-AA7FFA26D6FC): 1
LogDevObjectVersion:   Dev-Destruction (174F1F0B-B4C6-45A5-B13F-2EE8D0FB917D): 10
LogDevObjectVersion:   Dev-Physics-Ext (35F94A83-E258-406C-A318-09F59610247C): 41
LogDevObjectVersion:   Dev-PhysicsMaterial-Chaos (B68FC16E-8B1B-42E2-B453-215C058844FE): 1
LogDevObjectVersion:   Dev-CineCamera (B2E18506-4273-CFC2-A54E-F4BB758BBA07): 1
LogDevObjectVersion:   Dev-VirtualProduction (64F58936-FD1B-42BA-BA96-7289D5D0FA4E): 1
LogDevObjectVersion:   Dev-MediaFramework (6F0ED827-A609-4895-9C91-998D90180EA4): 2
LogInit: Presizing for max 25165824 objects, including 0 objects not considered by GC, pre-allocating 0 bytes for permanent pool.
LogConfig: Applying CVar settings from Section [/Script/Engine.StreamingSettings] File [D:/UE4 Projects/ScanLine/Saved/Config/Windows/Engine.ini]
LogConfig: Setting CVar [[s.MinBulkDataSizeForAsyncLoading:131072]]
LogConfig: Setting CVar [[s.AsyncLoadingThreadEnabled:0]]
LogConfig: Setting CVar [[s.EventDrivenLoaderEnabled:1]]
LogConfig: Setting CVar [[s.WarnIfTimeLimitExceeded:0]]
LogConfig: Setting CVar [[s.TimeLimitExceededMultiplier:1.5]]
LogConfig: Setting CVar [[s.TimeLimitExceededMinTime:0.005]]
LogConfig: Setting CVar [[s.UseBackgroundLevelStreaming:1]]
LogConfig: Setting CVar [[s.PriorityAsyncLoadingExtraTime:15.0]]
LogConfig: Setting CVar [[s.LevelStreamingActorsUpdateTimeLimit:5.0]]
LogConfig: Setting CVar [[s.PriorityLevelStreamingActorsUpdateExtraTime:5.0]]
LogConfig: Setting CVar [[s.LevelStreamingComponentsRegistrationGranularity:10]]
LogConfig: Setting CVar [[s.UnregisterComponentsTimeLimit:1.0]]
LogConfig: Setting CVar [[s.LevelStreamingComponentsUnregistrationGranularity:5]]
LogConfig: Setting CVar [[s.FlushStreamingOnExit:1]]
LogInit: Object subsystem initialized
LogConfig: Setting CVar [[con.DebugEarlyDefault:1]]
LogConfig: Setting CVar [[r.setres:1280x720]]
[2023.12.23-11.03.24:357][  0]LogConfig: Setting CVar [[con.DebugEarlyDefault:1]]
[2023.12.23-11.03.24:358][  0]LogConfig: Setting CVar [[r.setres:1280x720]]
[2023.12.23-11.03.24:358][  0]LogConfig: Applying CVar settings from Section [/Script/Engine.RendererSettings] File [D:/UE4 Projects/ScanLine/Saved/Config/Windows/Engine.ini]
[2023.12.23-11.03.24:359][  0]LogConfig: Setting CVar [[r.GPUCrashDebugging:0]]
[2023.12.23-11.03.24:359][  0]LogConfig: Applying CVar settings from Section [/Script/Engine.RendererOverrideSettings] File [D:/UE4 Projects/ScanLine/Saved/Config/Windows/Engine.ini]
[2023.12.23-11.03.24:360][  0]LogConfig: Applying CVar settings from Section [/Script/Engine.StreamingSettings] File [D:/UE4 Projects/ScanLine/Saved/Config/Windows/Engine.ini]
[2023.12.23-11.03.24:360][  0]LogConfig: Setting CVar [[s.MinBulkDataSizeForAsyncLoading:131072]]
[2023.12.23-11.03.24:361][  0]LogConfig: Setting CVar [[s.AsyncLoadingThreadEnabled:0]]
[2023.12.23-11.03.24:361][  0]LogConfig: Setting CVar [[s.EventDrivenLoaderEnabled:1]]
[2023.12.23-11.03.24:362][  0]LogConfig: Setting CVar [[s.WarnIfTimeLimitExceeded:0]]
[2023.12.23-11.03.24:362][  0]LogConfig: Setting CVar [[s.TimeLimitExceededMultiplier:1.5]]
[2023.12.23-11.03.24:363][  0]LogConfig: Setting CVar [[s.TimeLimitExceededMinTime:0.005]]
[2023.12.23-11.03.24:363][  0]LogConfig: Setting CVar [[s.UseBackgroundLevelStreaming:1]]
[2023.12.23-11.03.24:364][  0]LogConfig: Setting CVar [[s.PriorityAsyncLoadingExtraTime:15.0]]
[2023.12.23-11.03.24:364][  0]LogConfig: Setting CVar [[s.LevelStreamingActorsUpdateTimeLimit:5.0]]
[2023.12.23-11.03.24:364][  0]LogConfig: Setting CVar [[s.PriorityLevelStreamingActorsUpdateExtraTime:5.0]]
[2023.12.23-11.03.24:365][  0]LogConfig: Setting CVar [[s.LevelStreamingComponentsRegistrationGranularity:10]]
[2023.12.23-11.03.24:368][  0]LogConfig: Setting CVar [[s.UnregisterComponentsTimeLimit:1.0]]
[2023.12.23-11.03.24:368][  0]LogConfig: Setting CVar [[s.LevelStreamingComponentsUnregistrationGranularity:5]]
[2023.12.23-11.03.24:369][  0]LogConfig: Setting CVar [[s.FlushStreamingOnExit:1]]
[2023.12.23-11.03.24:369][  0]LogConfig: Applying CVar settings from Section [/Script/Engine.GarbageCollectionSettings] File [D:/UE4 Projects/ScanLine/Saved/Config/Windows/Engine.ini]
[2023.12.23-11.03.24:369][  0]LogConfig: Setting CVar [[gc.MaxObjectsNotConsideredByGC:1]]
[2023.12.23-11.03.24:370][  0]LogConfig: Setting CVar [[gc.SizeOfPermanentObjectPool:0]]
[2023.12.23-11.03.24:370][  0]LogConfig: Setting CVar [[gc.FlushStreamingOnGC:0]]
[2023.12.23-11.03.24:371][  0]LogConfig: Setting CVar [[gc.NumRetriesBeforeForcingGC:10]]
[2023.12.23-11.03.24:371][  0]LogConfig: Setting CVar [[gc.AllowParallelGC:1]]
[2023.12.23-11.03.24:372][  0]LogConfig: Setting CVar [[gc.TimeBetweenPurgingPendingKillObjects:61.1]]
[2023.12.23-11.03.24:373][  0]LogConfig: Setting CVar [[gc.MaxObjectsInEditor:25165824]]
[2023.12.23-11.03.24:373][  0]LogConfig: Setting CVar [[gc.IncrementalBeginDestroyEnabled:1]]
[2023.12.23-11.03.24:374][  0]LogConfig: Setting CVar [[gc.CreateGCClusters:1]]
[2023.12.23-11.03.24:375][  0]LogConfig: Setting CVar [[gc.MinGCClusterSize:5]]
[2023.12.23-11.03.24:375][  0]LogConfig: Setting CVar [[gc.ActorClusteringEnabled:0]]
[2023.12.23-11.03.24:376][  0]LogConfig: Setting CVar [[gc.BlueprintClusteringEnabled:0]]
[2023.12.23-11.03.24:376][  0]LogConfig: Setting CVar [[gc.UseDisregardForGCOnDedicatedServers:0]]
[2023.12.23-11.03.24:377][  0]LogConfig: Setting CVar [[gc.MultithreadedDestructionEnabled:1]]
[2023.12.23-11.03.24:377][  0]LogConfig: Applying CVar settings from Section [/Script/Engine.NetworkSettings] File [D:/UE4 Projects/ScanLine/Saved/Config/Windows/Engine.ini]
[2023.12.23-11.03.24:378][  0]LogConfig: Applying CVar settings from Section [/Script/UnrealEd.CookerSettings] File [D:/UE4 Projects/ScanLine/Saved/Config/Windows/Engine.ini]
[2023.12.23-11.03.24:402][  0]LogConfig: Applying CVar settings from Section [ViewDistanceQuality@3] File [D:/UE4 Projects/ScanLine/Saved/Config/Windows/Scalability.ini]
[2023.12.23-11.03.24:402][  0]LogConfig: Setting CVar [[r.SkeletalMeshLODBias:0]]
[2023.12.23-11.03.24:404][  0]LogConfig: Setting CVar [[r.ViewDistanceScale:1.0]]
[2023.12.23-11.03.24:405][  0]LogConfig: Applying CVar settings from Section [AntiAliasingQuality@3] File [D:/UE4 Projects/ScanLine/Saved/Config/Windows/Scalability.ini]
[2023.12.23-11.03.24:405][  0]LogConfig: Setting CVar [[r.PostProcessAAQuality:4]]
[2023.12.23-11.03.24:406][  0]LogConfig: Applying CVar settings from Section [ShadowQuality@3] File [D:/UE4 Projects/ScanLine/Saved/Config/Windows/Scalability.ini]
[2023.12.23-11.03.24:406][  0]LogConfig: Setting CVar [[r.LightFunctionQuality:1]]
[2023.12.23-11.03.24:407][  0]LogConfig: Setting CVar [[r.ShadowQuality:5]]
[2023.12.23-11.03.24:407][  0]LogConfig: Setting CVar [[r.Shadow.CSM.MaxCascades:10]]
[2023.12.23-11.03.24:408][  0]LogConfig: Setting CVar [[r.Shadow.MaxResolution:2048]]
[2023.12.23-11.03.24:408][  0]LogConfig: Setting CVar [[r.Shadow.MaxCSMResolution:2048]]
[2023.12.23-11.03.24:409][  0]LogConfig: Setting CVar [[r.Shadow.RadiusThreshold:0.01]]
[2023.12.23-11.03.24:409][  0]LogConfig: Setting CVar [[r.Shadow.DistanceScale:1.0]]
[2023.12.23-11.03.24:410][  0]LogConfig: Setting CVar [[r.Shadow.CSM.TransitionScale:1.0]]
[2023.12.23-11.03.24:410][  0]LogConfig: Setting CVar [[r.Shadow.PreShadowResolutionFactor:1.0]]
[2023.12.23-11.03.24:411][  0]LogConfig: Setting CVar [[r.DistanceFieldShadowing:1]]
[2023.12.23-11.03.24:411][  0]LogConfig: Setting CVar [[r.DistanceFieldAO:1]]
[2023.12.23-11.03.24:412][  0]LogConfig: Setting CVar [[r.AOQuality:2]]
[2023.12.23-11.03.24:412][  0]LogConfig: Setting CVar [[r.VolumetricFog:1]]
[2023.12.23-11.03.24:412][  0]LogConfig: Setting CVar [[r.VolumetricFog.GridPixelSize:8]]
[2023.12.23-11.03.24:413][  0]LogConfig: Setting CVar [[r.VolumetricFog.GridSizeZ:128]]
[2023.12.23-11.03.24:413][  0]LogConfig: Setting CVar [[r.VolumetricFog.HistoryMissSupersampleCount:4]]
[2023.12.23-11.03.24:414][  0]LogConfig: Setting CVar [[r.LightMaxDrawDistanceScale:1]]
[2023.12.23-11.03.24:414][  0]LogConfig: Setting CVar [[r.CapsuleShadows:1]]
[2023.12.23-11.03.24:415][  0]LogConfig: Applying CVar settings from Section [PostProcessQuality@3] File [D:/UE4 Projects/ScanLine/Saved/Config/Windows/Scalability.ini]
[2023.12.23-11.03.24:415][  0]LogConfig: Setting CVar [[r.MotionBlurQuality:4]]
[2023.12.23-11.03.24:416][  0]LogConfig: Setting CVar [[r.AmbientOcclusionMipLevelFactor:0.4]]
[2023.12.23-11.03.24:416][  0]LogConfig: Setting CVar [[r.AmbientOcclusionMaxQuality:100]]
[2023.12.23-11.03.24:416][  0]LogConfig: Setting CVar [[r.AmbientOcclusionLevels:-1]]
[2023.12.23-11.03.24:417][  0]LogConfig: Setting CVar [[r.AmbientOcclusionRadiusScale:1.0]]
[2023.12.23-11.03.24:417][  0]LogConfig: Setting CVar [[r.DepthOfFieldQuality:2]]
[2023.12.23-11.03.24:418][  0]LogConfig: Setting CVar [[r.RenderTargetPoolMin:400]]
[2023.12.23-11.03.24:418][  0]LogConfig: Setting CVar [[r.LensFlareQuality:2]]
[2023.12.23-11.03.24:418][  0]LogConfig: Setting CVar [[r.SceneColorFringeQuality:1]]
[2023.12.23-11.03.24:419][  0]LogConfig: Setting CVar [[r.EyeAdaptationQuality:2]]
[2023.12.23-11.03.24:419][  0]LogConfig: Setting CVar [[r.BloomQuality:5]]
[2023.12.23-11.03.24:420][  0]LogConfig: Setting CVar [[r.FastBlurThreshold:100]]
[2023.12.23-11.03.24:420][  0]LogConfig: Setting CVar [[r.Upscale.Quality:3]]
[2023.12.23-11.03.24:421][  0]LogConfig: Setting CVar [[r.Tonemapper.GrainQuantization:1]]
[2023.12.23-11.03.24:421][  0]LogConfig: Setting CVar [[r.LightShaftQuality:1]]
[2023.12.23-11.03.24:421][  0]LogConfig: Setting CVar [[r.Filter.SizeScale:1]]
[2023.12.23-11.03.24:422][  0]LogConfig: Setting CVar [[r.Tonemapper.Quality:5]]
[2023.12.23-11.03.24:422][  0]LogConfig: Setting CVar [[r.DOF.Gather.AccumulatorQuality:1        ; higher gathering accumulator quality]]
[2023.12.23-11.03.24:423][  0]LogConfig: Setting CVar [[r.DOF.Gather.PostfilterMethod:1          ; Median3x3 postfilering method]]
[2023.12.23-11.03.24:423][  0]LogConfig: Setting CVar [[r.DOF.Gather.EnableBokehSettings:0       ; no bokeh simulation when gathering]]
[2023.12.23-11.03.24:424][  0]LogConfig: Setting CVar [[r.DOF.Gather.RingCount:4                 ; medium number of samples when gathering]]
[2023.12.23-11.03.24:424][  0]LogConfig: Setting CVar [[r.DOF.Scatter.ForegroundCompositing:1    ; additive foreground scattering]]
[2023.12.23-11.03.24:425][  0]LogConfig: Setting CVar [[r.DOF.Scatter.BackgroundCompositing:2    ; additive background scattering]]
[2023.12.23-11.03.24:425][  0]LogConfig: Setting CVar [[r.DOF.Scatter.EnableBokehSettings:1      ; bokeh simulation when scattering]]
[2023.12.23-11.03.24:425][  0]LogConfig: Setting CVar [[r.DOF.Scatter.MaxSpriteRatio:0.1         ; only a maximum of 10% of scattered bokeh]]
[2023.12.23-11.03.24:426][  0]LogConfig: Setting CVar [[r.DOF.Recombine.Quality:1                ; cheap slight out of focus]]
[2023.12.23-11.03.24:430][  0]LogConfig: Setting CVar [[r.DOF.Recombine.EnableBokehSettings:0    ; no bokeh simulation on slight out of focus]]
[2023.12.23-11.03.24:430][  0]LogConfig: Setting CVar [[r.DOF.TemporalAAQuality:1                ; more stable temporal accumulation]]
[2023.12.23-11.03.24:431][  0]LogConfig: Setting CVar [[r.DOF.Kernel.MaxForegroundRadius:0.025]]
[2023.12.23-11.03.24:431][  0]LogConfig: Setting CVar [[r.DOF.Kernel.MaxBackgroundRadius:0.025]]
[2023.12.23-11.03.24:432][  0]LogConfig: Applying CVar settings from Section [TextureQuality@3] File [D:/UE4 Projects/ScanLine/Saved/Config/Windows/Scalability.ini]
[2023.12.23-11.03.24:432][  0]LogConfig: Setting CVar [[r.Streaming.MipBias:0]]
[2023.12.23-11.03.24:432][  0]LogConfig: Setting CVar [[r.Streaming.AmortizeCPUToGPUCopy:0]]
[2023.12.23-11.03.24:433][  0]LogConfig: Setting CVar [[r.Streaming.MaxNumTexturesToStreamPerFrame:0]]
[2023.12.23-11.03.24:433][  0]LogConfig: Setting CVar [[r.Streaming.Boost:1]]
[2023.12.23-11.03.24:434][  0]LogConfig: Setting CVar [[r.MaxAnisotropy:8]]
[2023.12.23-11.03.24:435][  0]LogConfig: Setting CVar [[r.VT.MaxAnisotropy:8]]
[2023.12.23-11.03.24:435][  0]LogConfig: Setting CVar [[r.Streaming.LimitPoolSizeToVRAM:0]]
[2023.12.23-11.03.24:436][  0]LogConfig: Setting CVar [[r.Streaming.PoolSize:1000]]
[2023.12.23-11.03.24:436][  0]LogConfig: Setting CVar [[r.Streaming.MaxEffectiveScreenSize:0]]
[2023.12.23-11.03.24:437][  0]LogConfig: Applying CVar settings from Section [EffectsQuality@3] File [D:/UE4 Projects/ScanLine/Saved/Config/Windows/Scalability.ini]
[2023.12.23-11.03.24:437][  0]LogConfig: Setting CVar [[r.TranslucencyLightingVolumeDim:64]]
[2023.12.23-11.03.24:438][  0]LogConfig: Setting CVar [[r.RefractionQuality:2]]
[2023.12.23-11.03.24:438][  0]LogConfig: Setting CVar [[r.SSR.Quality:3]]
[2023.12.23-11.03.24:439][  0]LogConfig: Setting CVar [[r.SSR.HalfResSceneColor:0]]
[2023.12.23-11.03.24:440][  0]LogConfig: Setting CVar [[r.SceneColorFormat:4]]
[2023.12.23-11.03.24:440][  0]LogConfig: Setting CVar [[r.DetailMode:2]]
[2023.12.23-11.03.24:440][  0]LogConfig: Setting CVar [[r.TranslucencyVolumeBlur:1]]
[2023.12.23-11.03.24:441][  0]LogConfig: Setting CVar [[r.MaterialQualityLevel:1 ; High quality]]
[2023.12.23-11.03.24:442][  0]LogConfig: Setting CVar [[r.AnisotropicMaterials:1]]
[2023.12.23-11.03.24:445][  0]LogConfig: Setting CVar [[r.SSS.Scale:1]]
[2023.12.23-11.03.24:446][  0]LogConfig: Setting CVar [[r.SSS.SampleSet:2]]
[2023.12.23-11.03.24:446][  0]LogConfig: Setting CVar [[r.SSS.Quality:1]]
[2023.12.23-11.03.24:447][  0]LogConfig: Setting CVar [[r.SSS.HalfRes:0]]
[2023.12.23-11.03.24:447][  0]LogConfig: Setting CVar [[r.SSGI.Quality:3]]
[2023.12.23-11.03.24:447][  0]LogConfig: Setting CVar [[r.EmitterSpawnRateScale:1.0]]
[2023.12.23-11.03.24:448][  0]LogConfig: Setting CVar [[r.ParticleLightQuality:2]]
[2023.12.23-11.03.24:448][  0]LogConfig: Setting CVar [[r.SkyAtmosphere.AerialPerspectiveLUT.FastApplyOnOpaque:1 ; Always have FastSkyLUT 1 in this case to avoid wrong sky]]
[2023.12.23-11.03.24:449][  0]LogConfig: Setting CVar [[r.SkyAtmosphere.AerialPerspectiveLUT.SampleCountMaxPerSlice:4]]
[2023.12.23-11.03.24:449][  0]LogConfig: Setting CVar [[r.SkyAtmosphere.AerialPerspectiveLUT.DepthResolution:16.0]]
[2023.12.23-11.03.24:450][  0]LogConfig: Setting CVar [[r.SkyAtmosphere.FastSkyLUT:1]]
[2023.12.23-11.03.24:450][  0]LogConfig: Setting CVar [[r.SkyAtmosphere.FastSkyLUT.SampleCountMin:4.0]]
[2023.12.23-11.03.24:450][  0]LogConfig: Setting CVar [[r.SkyAtmosphere.FastSkyLUT.SampleCountMax:128.0]]
[2023.12.23-11.03.24:451][  0]LogConfig: Setting CVar [[r.SkyAtmosphere.SampleCountMin:4.0]]
[2023.12.23-11.03.24:451][  0]LogConfig: Setting CVar [[r.SkyAtmosphere.SampleCountMax:128.0]]
[2023.12.23-11.03.24:452][  0]LogConfig: Setting CVar [[r.SkyAtmosphere.TransmittanceLUT.UseSmallFormat:0]]
[2023.12.23-11.03.24:452][  0]LogConfig: Setting CVar [[r.SkyAtmosphere.TransmittanceLUT.SampleCount:10.0]]
[2023.12.23-11.03.24:453][  0]LogConfig: Setting CVar [[r.SkyAtmosphere.MultiScatteringLUT.SampleCount:15.0]]
[2023.12.23-11.03.24:453][  0]LogConfig: Setting CVar [[r.SkyLight.RealTimeReflectionCapture:1]]
[2023.12.23-11.03.24:453][  0]LogConfig: Applying CVar settings from Section [FoliageQuality@3] File [D:/UE4 Projects/ScanLine/Saved/Config/Windows/Scalability.ini]
[2023.12.23-11.03.24:454][  0]LogConfig: Setting CVar [[foliage.DensityScale:1.0]]
[2023.12.23-11.03.24:454][  0]LogConfig: Setting CVar [[grass.DensityScale:1.0]]
[2023.12.23-11.03.24:455][  0]LogConfig: Applying CVar settings from Section [ShadingQuality@3] File [D:/UE4 Projects/ScanLine/Saved/Config/Windows/Scalability.ini]
[2023.12.23-11.03.24:455][  0]LogConfig: Setting CVar [[r.HairStrands.SkyLighting.IntegrationType:2]]
[2023.12.23-11.03.24:456][  0]LogConfig: Setting CVar [[r.HairStrands.SkyAO.SampleCount:4]]
[2023.12.23-11.03.24:456][  0]LogConfig: Setting CVar [[r.HairStrands.Visibility.MSAA.SamplePerPixel:4]]
[2023.12.23-11.03.24:457][  0]LogInit: Selected Device Profile: [Windows]
[2023.12.23-11.03.24:459][  0]LogInit: Applying CVar settings loaded from the selected device profile: [Windows]
[2023.12.23-11.03.24:460][  0]LogInit: Setting CommandLine Device Profile CVar: [[sg.ViewDistanceQuality:4]]
[2023.12.23-11.03.24:460][  0]LogConfig: Setting CVar [[sg.ViewDistanceQuality:4]]
[2023.12.23-11.03.24:461][  0]LogConfig: Applying CVar settings from Section [ViewDistanceQuality@Cine] File [D:/UE4 Projects/ScanLine/Saved/Config/Windows/Scalability.ini]
[2023.12.23-11.03.24:461][  0]LogConfig: Setting CVar [[r.SkeletalMeshLODBias:0]]
[2023.12.23-11.03.24:462][  0]LogConfig: Setting CVar [[r.ViewDistanceScale:10.0]]
[2023.12.23-11.03.24:462][  0]LogInit: Setting CommandLine Device Profile CVar: [[sg.AntiAliasingQuality:4]]
[2023.12.23-11.03.24:462][  0]LogConfig: Setting CVar [[sg.AntiAliasingQuality:4]]
[2023.12.23-11.03.24:463][  0]LogConfig: Applying CVar settings from Section [AntiAliasingQuality@Cine] File [D:/UE4 Projects/ScanLine/Saved/Config/Windows/Scalability.ini]
[2023.12.23-11.03.24:464][  0]LogConfig: Setting CVar [[r.PostProcessAAQuality:6]]
[2023.12.23-11.03.24:464][  0]LogInit: Setting CommandLine Device Profile CVar: [[sg.ShadowQuality:4]]
[2023.12.23-11.03.24:464][  0]LogConfig: Setting CVar [[sg.ShadowQuality:4]]
[2023.12.23-11.03.24:465][  0]LogConfig: Applying CVar settings from Section [ShadowQuality@Cine] File [D:/UE4 Projects/ScanLine/Saved/Config/Windows/Scalability.ini]
[2023.12.23-11.03.24:465][  0]LogConfig: Setting CVar [[r.LightFunctionQuality:1]]
[2023.12.23-11.03.24:466][  0]LogConfig: Setting CVar [[r.ShadowQuality:5]]
[2023.12.23-11.03.24:466][  0]LogConfig: Setting CVar [[r.Shadow.CSM.MaxCascades:10]]
[2023.12.23-11.03.24:467][  0]LogConfig: Setting CVar [[r.Shadow.MaxResolution:4096]]
[2023.12.23-11.03.24:467][  0]LogConfig: Setting CVar [[r.Shadow.MaxCSMResolution:4096]]
[2023.12.23-11.03.24:467][  0]LogConfig: Setting CVar [[r.Shadow.RadiusThreshold:0]]
[2023.12.23-11.03.24:468][  0]LogConfig: Setting CVar [[r.Shadow.DistanceScale:1.0]]
[2023.12.23-11.03.24:468][  0]LogConfig: Setting CVar [[r.Shadow.CSM.TransitionScale:1.0]]
[2023.12.23-11.03.24:469][  0]LogConfig: Setting CVar [[r.Shadow.PreShadowResolutionFactor:1.0]]
[2023.12.23-11.03.24:469][  0]LogConfig: Setting CVar [[r.DistanceFieldShadowing:1]]
[2023.12.23-11.03.24:470][  0]LogConfig: Setting CVar [[r.DistanceFieldAO:1]]
[2023.12.23-11.03.24:470][  0]LogConfig: Setting CVar [[r.AOQuality:2]]
[2023.12.23-11.03.24:470][  0]LogConfig: Setting CVar [[r.VolumetricFog:1]]
[2023.12.23-11.03.24:471][  0]LogConfig: Setting CVar [[r.VolumetricFog.GridPixelSize:4]]
[2023.12.23-11.03.24:471][  0]LogConfig: Setting CVar [[r.VolumetricFog.GridSizeZ:128]]
[2023.12.23-11.03.24:472][  0]LogConfig: Setting CVar [[r.VolumetricFog.HistoryMissSupersampleCount:16]]
[2023.12.23-11.03.24:475][  0]LogConfig: Setting CVar [[r.LightMaxDrawDistanceScale:1]]
[2023.12.23-11.03.24:476][  0]LogConfig: Setting CVar [[r.CapsuleShadows:1]]
[2023.12.23-11.03.24:476][  0]LogInit: Setting CommandLine Device Profile CVar: [[sg.PostProcessQuality:4]]
[2023.12.23-11.03.24:477][  0]LogConfig: Setting CVar [[sg.PostProcessQuality:4]]
[2023.12.23-11.03.24:477][  0]LogConfig: Applying CVar settings from Section [PostProcessQuality@Cine] File [D:/UE4 Projects/ScanLine/Saved/Config/Windows/Scalability.ini]
[2023.12.23-11.03.24:478][  0]LogConfig: Setting CVar [[r.MotionBlurQuality:4]]
[2023.12.23-11.03.24:478][  0]LogConfig: Setting CVar [[r.AmbientOcclusionMipLevelFactor:0.4]]
[2023.12.23-11.03.24:478][  0]LogConfig: Setting CVar [[r.AmbientOcclusionMaxQuality:100]]
[2023.12.23-11.03.24:479][  0]LogConfig: Setting CVar [[r.AmbientOcclusionLevels:-1]]
[2023.12.23-11.03.24:479][  0]LogConfig: Setting CVar [[r.AmbientOcclusionRadiusScale:1.0]]
[2023.12.23-11.03.24:480][  0]LogConfig: Setting CVar [[r.GTAO.Numangles:4]]
[2023.12.23-11.03.24:480][  0]LogConfig: Setting CVar [[r.DepthOfFieldQuality:4]]
[2023.12.23-11.03.24:481][  0]LogConfig: Setting CVar [[r.RenderTargetPoolMin:1000]]
[2023.12.23-11.03.24:481][  0]LogConfig: Setting CVar [[r.LensFlareQuality:3]]
[2023.12.23-11.03.24:482][  0]LogConfig: Setting CVar [[r.SceneColorFringeQuality:1]]
[2023.12.23-11.03.24:482][  0]LogConfig: Setting CVar [[r.EyeAdaptationQuality:2]]
[2023.12.23-11.03.24:483][  0]LogConfig: Setting CVar [[r.BloomQuality:5]]
[2023.12.23-11.03.24:483][  0]LogConfig: Setting CVar [[r.FastBlurThreshold:100]]
[2023.12.23-11.03.24:484][  0]LogConfig: Setting CVar [[r.Upscale.Quality:3]]
[2023.12.23-11.03.24:484][  0]LogConfig: Setting CVar [[r.Tonemapper.GrainQuantization:1]]
[2023.12.23-11.03.24:484][  0]LogConfig: Setting CVar [[r.LightShaftQuality:1]]
[2023.12.23-11.03.24:485][  0]LogConfig: Setting CVar [[r.Filter.SizeScale:1]]
[2023.12.23-11.03.24:485][  0]LogConfig: Setting CVar [[r.Tonemapper.Quality:5]]
[2023.12.23-11.03.24:486][  0]LogConfig: Setting CVar [[r.DOF.Gather.AccumulatorQuality:1        ; higher gathering accumulator quality]]
[2023.12.23-11.03.24:486][  0]LogConfig: Setting CVar [[r.DOF.Gather.PostfilterMethod:1          ; Median3x3 postfilering method]]
[2023.12.23-11.03.24:487][  0]LogConfig: Setting CVar [[r.DOF.Gather.EnableBokehSettings:1       ; bokeh simulation when gathering]]
[2023.12.23-11.03.24:489][  0]LogConfig: Setting CVar [[r.DOF.Gather.RingCount:5                 ; high number of samples when gathering]]
[2023.12.23-11.03.24:490][  0]LogConfig: Setting CVar [[r.DOF.Scatter.ForegroundCompositing:1    ; additive foreground scattering]]
[2023.12.23-11.03.24:490][  0]LogConfig: Setting CVar [[r.DOF.Scatter.BackgroundCompositing:2    ; background scattering occlusion]]
[2023.12.23-11.03.24:491][  0]LogConfig: Setting CVar [[r.DOF.Scatter.EnableBokehSettings:1      ; no bokeh simulation when scattering]]
[2023.12.23-11.03.24:492][  0]LogConfig: Setting CVar [[r.DOF.Scatter.MaxSpriteRatio:0.25        ; only a maximum of 10% of scattered bokeh]]
[2023.12.23-11.03.24:492][  0]LogConfig: Setting CVar [[r.DOF.Recombine.Quality:2                ; highest slight out of focus]]
[2023.12.23-11.03.24:493][  0]LogConfig: Setting CVar [[r.DOF.Recombine.EnableBokehSettings:1    ; bokeh simulation on slight out of focus]]
[2023.12.23-11.03.24:493][  0]LogConfig: Setting CVar [[r.DOF.TemporalAAQuality:1                ; more stable temporal accumulation]]
[2023.12.23-11.03.24:494][  0]LogConfig: Setting CVar [[r.DOF.Kernel.MaxForegroundRadius:0.025]]
[2023.12.23-11.03.24:494][  0]LogConfig: Setting CVar [[r.DOF.Kernel.MaxBackgroundRadius:0.025]]
[2023.12.23-11.03.24:495][  0]LogInit: Setting CommandLine Device Profile CVar: [[sg.TextureQuality:4]]
[2023.12.23-11.03.24:495][  0]LogConfig: Setting CVar [[sg.TextureQuality:4]]
[2023.12.23-11.03.24:496][  0]LogConfig: Applying CVar settings from Section [TextureQuality@Cine] File [D:/UE4 Projects/ScanLine/Saved/Config/Windows/Scalability.ini]
[2023.12.23-11.03.24:496][  0]LogConfig: Setting CVar [[r.Streaming.MipBias:0]]
[2023.12.23-11.03.24:497][  0]LogConfig: Setting CVar [[r.Streaming.AmortizeCPUToGPUCopy:0]]
[2023.12.23-11.03.24:497][  0]LogConfig: Setting CVar [[r.Streaming.MaxNumTexturesToStreamPerFrame:0]]
[2023.12.23-11.03.24:498][  0]LogConfig: Setting CVar [[r.Streaming.Boost:1]]
[2023.12.23-11.03.24:498][  0]LogConfig: Setting CVar [[r.MaxAnisotropy:8]]
[2023.12.23-11.03.24:498][  0]LogConfig: Setting CVar [[r.VT.MaxAnisotropy:8]]
[2023.12.23-11.03.24:499][  0]LogConfig: Setting CVar [[r.Streaming.LimitPoolSizeToVRAM:0]]
[2023.12.23-11.03.24:500][  0]LogConfig: Setting CVar [[r.Streaming.PoolSize:3000]]
[2023.12.23-11.03.24:500][  0]LogConfig: Setting CVar [[r.Streaming.MaxEffectiveScreenSize:0]]
[2023.12.23-11.03.24:500][  0]LogInit: Setting CommandLine Device Profile CVar: [[sg.EffectsQuality:4]]
[2023.12.23-11.03.24:501][  0]LogConfig: Setting CVar [[sg.EffectsQuality:4]]
[2023.12.23-11.03.24:501][  0]LogConfig: Applying CVar settings from Section [EffectsQuality@Cine] File [D:/UE4 Projects/ScanLine/Saved/Config/Windows/Scalability.ini]
[2023.12.23-11.03.24:502][  0]LogConfig: Setting CVar [[r.TranslucencyLightingVolumeDim:64]]
[2023.12.23-11.03.24:505][  0]LogConfig: Setting CVar [[r.RefractionQuality:2]]
[2023.12.23-11.03.24:505][  0]LogConfig: Setting CVar [[r.SSR.Quality:4]]
[2023.12.23-11.03.24:506][  0]LogConfig: Setting CVar [[r.SSR.HalfResSceneColor:0]]
[2023.12.23-11.03.24:506][  0]LogConfig: Setting CVar [[r.SceneColorFormat:4]]
[2023.12.23-11.03.24:507][  0]LogConfig: Setting CVar [[r.DetailMode:2]]
[2023.12.23-11.03.24:507][  0]LogConfig: Setting CVar [[r.TranslucencyVolumeBlur:1]]
[2023.12.23-11.03.24:508][  0]LogConfig: Setting CVar [[r.MaterialQualityLevel:1 ; High quality]]
[2023.12.23-11.03.24:508][  0]LogConfig: Setting CVar [[r.AnisotropicMaterials:1]]
[2023.12.23-11.03.24:508][  0]LogConfig: Setting CVar [[r.SSS.Scale:1]]
[2023.12.23-11.03.24:509][  0]LogConfig: Setting CVar [[r.SSS.SampleSet:2]]
[2023.12.23-11.03.24:509][  0]LogConfig: Setting CVar [[r.SSS.Quality:1]]
[2023.12.23-11.03.24:510][  0]LogConfig: Setting CVar [[r.SSS.HalfRes:0]]
[2023.12.23-11.03.24:510][  0]LogConfig: Setting CVar [[r.SSGI.Quality:4]]
[2023.12.23-11.03.24:511][  0]LogConfig: Setting CVar [[r.EmitterSpawnRateScale:1.0]]
[2023.12.23-11.03.24:511][  0]LogConfig: Setting CVar [[r.ParticleLightQuality:2]]
[2023.12.23-11.03.24:511][  0]LogConfig: Setting CVar [[r.SkyAtmosphere.AerialPerspectiveLUT.FastApplyOnOpaque:0]]
[2023.12.23-11.03.24:512][  0]LogConfig: Setting CVar [[r.SkyAtmosphere.AerialPerspectiveLUT.SampleCountMaxPerSlice:8]]
[2023.12.23-11.03.24:513][  0]LogConfig: Setting CVar [[r.SkyAtmosphere.AerialPerspectiveLUT.DepthResolution:32.0]]
[2023.12.23-11.03.24:513][  0]LogConfig: Setting CVar [[r.SkyAtmosphere.FastSkyLUT:0]]
[2023.12.23-11.03.24:513][  0]LogConfig: Setting CVar [[r.SkyAtmosphere.FastSkyLUT.SampleCountMin:4.0]]
[2023.12.23-11.03.24:514][  0]LogConfig: Setting CVar [[r.SkyAtmosphere.FastSkyLUT.SampleCountMax:256.0]]
[2023.12.23-11.03.24:514][  0]LogConfig: Setting CVar [[r.SkyAtmosphere.SampleCountMin:8.0]]
[2023.12.23-11.03.24:515][  0]LogConfig: Setting CVar [[r.SkyAtmosphere.SampleCountMax:256.0]]
[2023.12.23-11.03.24:515][  0]LogConfig: Setting CVar [[r.SkyAtmosphere.TransmittanceLUT.UseSmallFormat:0]]
[2023.12.23-11.03.24:515][  0]LogConfig: Setting CVar [[r.SkyAtmosphere.TransmittanceLUT.SampleCount:30.0]]
[2023.12.23-11.03.24:516][  0]LogConfig: Setting CVar [[r.SkyAtmosphere.MultiScatteringLUT.SampleCount:20.0]]
[2023.12.23-11.03.24:516][  0]LogConfig: Setting CVar [[r.SkyLight.RealTimeReflectionCapture:1]]
[2023.12.23-11.03.24:517][  0]LogInit: Setting CommandLine Device Profile CVar: [[sg.FoliageQuality:4]]
[2023.12.23-11.03.24:519][  0]LogConfig: Setting CVar [[sg.FoliageQuality:4]]
[2023.12.23-11.03.24:520][  0]LogConfig: Applying CVar settings from Section [FoliageQuality@Cine] File [D:/UE4 Projects/ScanLine/Saved/Config/Windows/Scalability.ini]
[2023.12.23-11.03.24:520][  0]LogConfig: Setting CVar [[foliage.DensityScale:1.0]]
[2023.12.23-11.03.24:521][  0]LogConfig: Setting CVar [[grass.DensityScale:1.0]]
[2023.12.23-11.03.24:521][  0]LogInit: Setting CommandLine Device Profile CVar: [[sg.ShadingQuality:4]]
[2023.12.23-11.03.24:522][  0]LogConfig: Setting CVar [[sg.ShadingQuality:4]]
[2023.12.23-11.03.24:522][  0]LogConfig: Applying CVar settings from Section [ShadingQuality@Cine] File [D:/UE4 Projects/ScanLine/Saved/Config/Windows/Scalability.ini]
[2023.12.23-11.03.24:523][  0]LogConfig: Setting CVar [[r.HairStrands.SkyLighting.IntegrationType:0]]
[2023.12.23-11.03.24:523][  0]LogConfig: Setting CVar [[r.HairStrands.SkyAO.SampleCount:8]]
[2023.12.23-11.03.24:524][  0]LogConfig: Setting CVar [[r.HairStrands.Visibility.MSAA.SamplePerPixel:8]]
[2023.12.23-11.03.24:524][  0]LogInit: Setting CommandLine Device Profile CVar: [[r.TextureStreaming:0]]
[2023.12.23-11.03.24:525][  0]LogConfig: Setting CVar [[r.TextureStreaming:0]]
[2023.12.23-11.03.24:525][  0]LogInit: Setting CommandLine Device Profile CVar: [[r.ForceLOD:0]]
[2023.12.23-11.03.24:525][  0]LogConfig: Setting CVar [[r.ForceLOD:0]]
[2023.12.23-11.03.24:526][  0]LogInit: Setting CommandLine Device Profile CVar: [[r.SkeletalMeshLODBias:-10]]
[2023.12.23-11.03.24:526][  0]LogConfig: Setting CVar [[r.SkeletalMeshLODBias:-10]]
[2023.12.23-11.03.24:527][  0]LogInit: Setting CommandLine Device Profile CVar: [[r.ParticleLODBias:-10]]
[2023.12.23-11.03.24:527][  0]LogConfig: Setting CVar [[r.ParticleLODBias:-10]]
[2023.12.23-11.03.24:528][  0]LogInit: Setting CommandLine Device Profile CVar: [[foliage.DitheredLOD:0]]
[2023.12.23-11.03.24:528][  0]LogConfig: Setting CVar [[foliage.DitheredLOD:0]]
[2023.12.23-11.03.24:528][  0]LogInit: Setting CommandLine Device Profile CVar: [[foliage.ForceLOD:0r.Shadow.DistanceScale=10]]
[2023.12.23-11.03.24:529][  0]LogConfig: Setting CVar [[foliage.ForceLOD:0r.Shadow.DistanceScale=10]]
[2023.12.23-11.03.24:529][  0]LogInit: Setting CommandLine Device Profile CVar: [[r.ShadowQuality:5]]
[2023.12.23-11.03.24:530][  0]LogConfig: Setting CVar [[r.ShadowQuality:5]]
[2023.12.23-11.03.24:530][  0]LogInit: Setting CommandLine Device Profile CVar: [[r.Shadow.RadiusThreshold:0.001000]]
[2023.12.23-11.03.24:531][  0]LogConfig: Setting CVar [[r.Shadow.RadiusThreshold:0.001000]]
[2023.12.23-11.03.24:531][  0]LogInit: Setting CommandLine Device Profile CVar: [[r.ViewDistanceScale:50]]
[2023.12.23-11.03.24:531][  0]LogConfig: Setting CVar [[r.ViewDistanceScale:50]]
[2023.12.23-11.03.24:532][  0]LogInit: Setting CommandLine Device Profile CVar: [[r.D3D12.GPUTimeout:0]]
[2023.12.23-11.03.24:536][  0]LogConfig: Setting CVar [[r.D3D12.GPUTimeout:0]]
[2023.12.23-11.03.24:536][  0]LogInit: Setting CommandLine Device Profile CVar: [[a.URO.Enable:0]]
[2023.12.23-11.03.24:536][  0]LogConfig: Setting CVar [[a.URO.Enable:0]]
[2023.12.23-11.03.24:537][  0]LogInit: Setting CommandLine Device Profile CVar: [[r.SkyLight.RealTimeReflectionCapture.TimeSlice:0]]
[2023.12.23-11.03.24:537][  0]LogConfig: Setting CVar [[r.SkyLight.RealTimeReflectionCapture.TimeSlice:0]]
[2023.12.23-11.03.24:538][  0]LogHAL: Display: Platform has ~ 16 GB [17102004224 / 17179869184 / 16], which maps to Larger [LargestMinGB=32, LargerMinGB=12, DefaultMinGB=8, SmallerMinGB=6, SmallestMinGB=0)
[2023.12.23-11.03.24:538][  0]LogInit: Going up to parent DeviceProfile []
[2023.12.23-11.03.24:539][  0]LogConsoleManager: Setting the console variable 'sg.ViewDistanceQuality' with 'SetByScalability' was ignored as it is lower priority than the previous 'SetByDeviceProfile'. Value remains '4'
[2023.12.23-11.03.24:539][  0]LogConsoleManager: Setting the console variable 'sg.AntiAliasingQuality' with 'SetByScalability' was ignored as it is lower priority than the previous 'SetByDeviceProfile'. Value remains '4'
[2023.12.23-11.03.24:540][  0]LogConsoleManager: Setting the console variable 'sg.ShadowQuality' with 'SetByScalability' was ignored as it is lower priority than the previous 'SetByDeviceProfile'. Value remains '4'
[2023.12.23-11.03.24:540][  0]LogConsoleManager: Setting the console variable 'sg.PostProcessQuality' with 'SetByScalability' was ignored as it is lower priority than the previous 'SetByDeviceProfile'. Value remains '4'
[2023.12.23-11.03.24:541][  0]LogConsoleManager: Setting the console variable 'sg.TextureQuality' with 'SetByScalability' was ignored as it is lower priority than the previous 'SetByDeviceProfile'. Value remains '4'
[2023.12.23-11.03.24:541][  0]LogConsoleManager: Setting the console variable 'sg.EffectsQuality' with 'SetByScalability' was ignored as it is lower priority than the previous 'SetByDeviceProfile'. Value remains '4'
[2023.12.23-11.03.24:541][  0]LogConsoleManager: Setting the console variable 'sg.FoliageQuality' with 'SetByScalability' was ignored as it is lower priority than the previous 'SetByDeviceProfile'. Value remains '4'
[2023.12.23-11.03.24:542][  0]LogConsoleManager: Setting the console variable 'sg.ShadingQuality' with 'SetByScalability' was ignored as it is lower priority than the previous 'SetByDeviceProfile'. Value remains '4'
[2023.12.23-11.03.24:542][  0]LogConfig: Applying CVar settings from Section [Startup] File [../../../Engine/Config/ConsoleVariables.ini]
[2023.12.23-11.03.24:543][  0]LogConfig: Setting CVar [[net.UseAdaptiveNetUpdateFrequency:0]]
[2023.12.23-11.03.24:543][  0]LogConfig: Setting CVar [[p.chaos.AllowCreatePhysxBodies:1]]
[2023.12.23-11.03.24:544][  0]LogConfig: Setting CVar [[fx.SkipVectorVMBackendOptimizations:1]]
[2023.12.23-11.03.24:544][  0]LogConfig: Applying CVar settings from Section [ConsoleVariables] File [D:/UE4 Projects/ScanLine/Saved/Config/Windows/Engine.ini]
[2023.12.23-11.03.24:545][  0]LogConfig: Applying CVar settings from Section [ConsoleVariables] File [D:/UE4 Projects/ScanLine/Saved/Config/Windows/Editor.ini]
[2023.12.23-11.03.24:545][  0]LogInit: Computer: DESKTOP-3OKBJLR
[2023.12.23-11.03.24:546][  0]LogInit: User: jakub
[2023.12.23-11.03.24:546][  0]LogInit: CPU Page size=4096, Cores=6
[2023.12.23-11.03.24:546][  0]LogInit: High frequency timer resolution =10.000000 MHz
[2023.12.23-11.03.24:547][  0]LogMemory: Memory total: Physical=15.9GB (16GB approx)
[2023.12.23-11.03.24:550][  0]LogMemory: Platform Memory Stats for Windows
[2023.12.23-11.03.24:551][  0]LogMemory: Process Physical Memory: 145.46 MB used, 145.46 MB peak
[2023.12.23-11.03.24:551][  0]LogMemory: Process Virtual Memory: 132.64 MB used, 132.64 MB peak
[2023.12.23-11.03.24:552][  0]LogMemory: Physical Memory: 12257.80 MB used,  4051.95 MB free, 16309.74 MB total
[2023.12.23-11.03.24:552][  0]LogMemory: Virtual Memory: 134201608.00 MB used,  16117.63 MB free, 134217728.00 MB total
[2023.12.23-11.03.24:924][  0]LogWindows: WindowsPlatformFeatures enabled
[2023.12.23-11.03.24:985][  0]LogInit: Physics initialised using underlying interface: PhysX
[2023.12.23-11.03.24:985][  0]LogInit: Using OS detected language (pl-PL).
[2023.12.23-11.03.24:986][  0]LogInit: Using OS detected locale (en-US).
[2023.12.23-11.03.24:999][  0]LogTextLocalizationManager: No specific localization for 'pl-PL' exists, so the 'pl' localization will be used.
[2023.12.23-11.03.25:005][  0]LogTextLocalizationResource: LocRes '../../../Engine/Content/Localization/Editor/pl/Editor.locres' could not be opened for reading!
[2023.12.23-11.03.25:006][  0]LogTextLocalizationResource: LocRes '../../../Engine/Content/Localization/EditorTutorials/pl/EditorTutorials.locres' could not be opened for reading!
[2023.12.23-11.03.25:007][  0]LogTextLocalizationResource: LocRes '../../../Engine/Content/Localization/Keywords/pl/Keywords.locres' could not be opened for reading!
[2023.12.23-11.03.25:008][  0]LogTextLocalizationResource: LocRes '../../../Engine/Content/Localization/Category/pl/Category.locres' could not be opened for reading!
[2023.12.23-11.03.25:008][  0]LogTextLocalizationResource: LocRes '../../../Engine/Content/Localization/ToolTips/pl/ToolTips.locres' could not be opened for reading!
[2023.12.23-11.03.25:009][  0]LogTextLocalizationResource: LocRes '../../../Engine/Content/Localization/PropertyNames/pl/PropertyNames.locres' could not be opened for reading!
[2023.12.23-11.03.25:009][  0]LogTextLocalizationResource: LocRes '../../../Engine/Content/Localization/Engine/pl/Engine.locres' could not be opened for reading!
[2023.12.23-11.03.25:025][  0]LogWindowsTextInputMethodSystem: Display: IME system deactivated.
[2023.12.23-11.03.25:080][  0]LogSlate: New Slate User Created.  User Index 0, Is Virtual User: 0
[2023.12.23-11.03.25:080][  0]LogSlate: Slate User Registered.  User Index 0, Is Virtual User: 0
[2023.12.23-11.03.25:117][  0]LogD3D11RHI: Loaded GFSDK_Aftermath_Lib.x64.dll
[2023.12.23-11.03.25:120][  0]LogD3D11RHI: D3D11 min allowed feature level: 11_0
[2023.12.23-11.03.25:121][  0]LogD3D11RHI: D3D11 max allowed feature level: 11_0
[2023.12.23-11.03.25:121][  0]LogD3D11RHI: D3D11 adapters:
[2023.12.23-11.03.25:325][  0]LogD3D11RHI:    0. 'NVIDIA GeForce GTX 1070' (Feature Level 11_0)
[2023.12.23-11.03.25:325][  0]LogD3D11RHI:       8081/0/8154 MB DedicatedVideo/DedicatedSystem/SharedSystem, Outputs:2, VendorId:0x10de
[2023.12.23-11.03.25:329][  0]LogD3D11RHI:    1. 'Microsoft Basic Render Driver' (Feature Level 11_0)
[2023.12.23-11.03.25:330][  0]LogD3D11RHI:       0/0/8154 MB DedicatedVideo/DedicatedSystem/SharedSystem, Outputs:0, VendorId:0x1414
[2023.12.23-11.03.25:330][  0]LogD3D11RHI: Chosen D3D11 Adapter:
[2023.12.23-11.03.25:330][  0]LogD3D11RHI:     Description : NVIDIA GeForce GTX 1070
[2023.12.23-11.03.25:331][  0]LogD3D11RHI:     VendorId    : 10de
[2023.12.23-11.03.25:332][  0]LogD3D11RHI:     DeviceId    : 1b81
[2023.12.23-11.03.25:332][  0]LogD3D11RHI:     SubSysId    : 143519da
[2023.12.23-11.03.25:332][  0]LogD3D11RHI:     Revision    : 00a1
[2023.12.23-11.03.25:333][  0]LogD3D11RHI:     DedicatedVideoMemory : 8473542656 bytes
[2023.12.23-11.03.25:333][  0]LogD3D11RHI:     DedicatedSystemMemory : 0 bytes
[2023.12.23-11.03.25:334][  0]LogD3D11RHI:     SharedSystemMemory : 8551002112 bytes
[2023.12.23-11.03.25:334][  0]LogD3D11RHI:     AdapterLuid : 0 58582
[2023.12.23-11.03.25:346][  0]LogD3D11RHI: Creating new Direct3DDevice
[2023.12.23-11.03.25:346][  0]LogD3D11RHI:     GPU DeviceId: 0x1b81 (for the marketing name, search the web for "GPU Device Id")
[2023.12.23-11.03.25:347][  0]LogWindows: EnumDisplayDevices:
[2023.12.23-11.03.25:348][  0]LogWindows:    0. 'NVIDIA GeForce GTX 1070' (P:1 D:1)
[2023.12.23-11.03.25:348][  0]LogWindows:    1. 'NVIDIA GeForce GTX 1070' (P:0 D:1)
[2023.12.23-11.03.25:349][  0]LogWindows:    2. 'NVIDIA GeForce GTX 1070' (P:0 D:0)
[2023.12.23-11.03.25:349][  0]LogWindows:    3. 'NVIDIA GeForce GTX 1070' (P:0 D:0)
[2023.12.23-11.03.25:350][  0]LogWindows: DebugString: FoundDriverCount:4 
[2023.12.23-11.03.25:350][  0]LogD3D11RHI:     Adapter Name: NVIDIA GeForce GTX 1070
[2023.12.23-11.03.25:351][  0]LogD3D11RHI:   Driver Version: 546.01 (internal:31.0.15.4601, unified:546.01)
[2023.12.23-11.03.25:351][  0]LogD3D11RHI:      Driver Date: 10-26-2023
[2023.12.23-11.03.25:352][  0]LogRHI: Texture pool is 5656 MB (70% of 8081 MB)
[2023.12.23-11.03.25:352][  0]LogD3D11RHI: Creating D3DDevice using adapter:
[2023.12.23-11.03.25:353][  0]LogD3D11RHI:     Description : NVIDIA GeForce GTX 1070
[2023.12.23-11.03.25:353][  0]LogD3D11RHI:     VendorId    : 10de
[2023.12.23-11.03.25:354][  0]LogD3D11RHI:     DeviceId    : 1b81
[2023.12.23-11.03.25:354][  0]LogD3D11RHI:     SubSysId    : 143519da
[2023.12.23-11.03.25:355][  0]LogD3D11RHI:     Revision    : 00a1
[2023.12.23-11.03.25:355][  0]LogD3D11RHI:     DedicatedVideoMemory : 8473542656 bytes
[2023.12.23-11.03.25:356][  0]LogD3D11RHI:     DedicatedSystemMemory : 0 bytes
[2023.12.23-11.03.25:356][  0]LogD3D11RHI:     SharedSystemMemory : 8551002112 bytes
[2023.12.23-11.03.25:357][  0]LogD3D11RHI:     AdapterLuid : 0 58582
[2023.12.23-11.03.25:496][  0]LogD3D11RHI: RHI has support for 64 bit atomics
[2023.12.23-11.03.25:497][  0]LogD3D11RHI: Async texture creation enabled
[2023.12.23-11.03.25:498][  0]LogD3D11RHI: Array index from any shader is supported
[2023.12.23-11.03.25:532][  0]LogD3D11RHI: GPU Timing Frequency: 1000.000000 (Debug: 2 1)
[2023.12.23-11.03.25:586][  0]LogRHI: GeForceNow SDK initialized: 1
[2023.12.23-11.03.25:899][  0]LogTargetPlatformManager: Display: Loaded TargetPlatform 'WindowsNoEditor'
[2023.12.23-11.03.25:906][  0]LogTargetPlatformManager: Display: Loaded TargetPlatform 'Windows'
[2023.12.23-11.03.25:912][  0]LogTargetPlatformManager: Display: Loaded TargetPlatform 'WindowsClient'
[2023.12.23-11.03.25:919][  0]LogTargetPlatformManager: Display: Loaded TargetPlatform 'WindowsServer'
[2023.12.23-11.03.25:919][  0]LogTargetPlatformManager: Display: Building Assets For Windows
[2023.12.23-11.03.25:933][  0]LogAudioDebug: Display: Lib vorbis DLL was dynamically loaded.
[2023.12.23-11.03.25:991][  0]LogTextureFormatOodle: Display: Oodle Texture 2.9.0 init RDO Off
[2023.12.23-11.03.26:032][  0]LogRendererCore: Ray tracing is disabled. Reason: r.RayTracing=0.
[2023.12.23-11.03.26:033][  0]LogShaderCompilers: Guid format shader working directory is 22 characters bigger than the processId version (D:/UE4 Projects/ScanLine/Intermediate/Shaders/WorkingDirectory/9128/).
[2023.12.23-11.03.26:034][  0]LogShaderCompilers: Cleaned the shader compiler working directory 'C:/Users/jakub/AppData/Local/Temp/UnrealShaderWorkingDir/2EDA34634D62D5989573B48CAEADC744/'.
[2023.12.23-11.03.26:034][  0]LogXGEController: Cannot use XGE Controller as Incredibuild is not installed on this machine.
[2023.12.23-11.03.26:035][  0]LogShaderCompilers: Cannot use XGE Shader Compiler as Incredibuild is not installed on this machine.
[2023.12.23-11.03.26:035][  0]LogShaderCompilers: Display: Using Local Shader Compiler.
[2023.12.23-11.03.26:945][  0]LogDerivedDataCache: Display: Max Cache Size: 512 MB
[2023.12.23-11.03.27:042][  0]LogDerivedDataCache: Loaded boot cache 0.10s 94MB C:/Users/jakub/AppData/Local/UnrealEngine/4.27/DerivedDataCache/Boot.ddc.
[2023.12.23-11.03.27:043][  0]LogDerivedDataCache: Display: Loaded Boot cache: C:/Users/jakub/AppData/Local/UnrealEngine/4.27/DerivedDataCache/Boot.ddc
[2023.12.23-11.03.27:044][  0]LogDerivedDataCache: FDerivedDataBackendGraph:  Pak pak cache file D:/UE4 Projects/ScanLine/DerivedDataCache/DDC.ddp not found, will not use a pak cache.
[2023.12.23-11.03.27:044][  0]LogDerivedDataCache: Unable to find inner node Pak for hierarchical cache Hierarchy.
[2023.12.23-11.03.27:045][  0]LogDerivedDataCache: FDerivedDataBackendGraph:  CompressedPak pak cache file D:/UE4 Projects/ScanLine/DerivedDataCache/Compressed.ddp not found, will not use a pak cache.
[2023.12.23-11.03.27:045][  0]LogDerivedDataCache: Unable to find inner node CompressedPak for hierarchical cache Hierarchy.
[2023.12.23-11.03.27:067][  0]LogDerivedDataCache: Display: Pak cache opened for reading ../../../Engine/DerivedDataCache/Compressed.ddp.
[2023.12.23-11.03.27:068][  0]LogDerivedDataCache: FDerivedDataBackendGraph:  EnterprisePak pak cache file ../../../Enterprise/DerivedDataCache/Compressed.ddp not found, will not use a pak cache.
[2023.12.23-11.03.27:068][  0]LogDerivedDataCache: Unable to find inner node EnterprisePak for hierarchical cache Hierarchy.
[2023.12.23-11.03.27:083][  0]LogDerivedDataCache: Speed tests for C:/Users/jakub/AppData/Local/UnrealEngine/Common/DerivedDataCache took 0.01 seconds
[2023.12.23-11.03.27:083][  0]LogDerivedDataCache: Display: Performance to C:/Users/jakub/AppData/Local/UnrealEngine/Common/DerivedDataCache: Latency=0.07ms. RandomReadSpeed=692.71MBs, RandomWriteSpeed=78.87MBs. Assigned SpeedClass 'Local'
[2023.12.23-11.03.27:086][  0]LogDerivedDataCache: Using Local data cache path C:/Users/jakub/AppData/Local/UnrealEngine/Common/DerivedDataCache: Writable
[2023.12.23-11.03.27:087][  0]LogDerivedDataCache: Shared data cache path not found in *engine.ini, will not use an Shared cache.
[2023.12.23-11.03.27:087][  0]LogDerivedDataCache: Unable to find inner node Shared for hierarchical cache Hierarchy.
[2023.12.23-11.03.27:138][  0]LogSlate: Using FreeType 2.10.0
[2023.12.23-11.03.27:139][  0]LogSlate: SlateFontServices - WITH_FREETYPE: 1, WITH_HARFBUZZ: 1
[2023.12.23-11.03.27:166][  0]LogInit: Using OS detected language (pl-PL).
[2023.12.23-11.03.27:166][  0]LogInit: Using OS detected locale (en-US).
[2023.12.23-11.03.27:166][  0]LogTextLocalizationManager: No localization for 'pl-PL' exists, so 'en' will be used for the language.
[2023.12.23-11.03.27:167][  0]LogTextLocalizationManager: No localization for 'en-US' exists, so 'en' will be used for the locale.
[2023.12.23-11.03.27:167][  0]LogSlate: FontCache flush requested. Reason: Culture for localization was changed
[2023.12.23-11.03.27:168][  0]LogSlate: FontCache flush requested. Reason: Culture for localization was changed
[2023.12.23-11.03.27:172][  0]LogAssetRegistry: FAssetRegistry took 0.0026 seconds to start up
[2023.12.23-11.03.27:368][  0]LogTextLocalizationManager: Compacting localization data took   0.01ms
[2023.12.23-11.03.27:368][  0]LogPackageLocalizationCache: Processed 30 localized package path(s) for 1 prioritized culture(s) in 0.002321 seconds
[2023.12.23-11.03.27:457][  0]LogInit: Selected Device Profile: [Windows]
[2023.12.23-11.03.27:457][  0]LogInit: Active device profile: [00000193673B7800][000001935AB68440 49] Windows
[2023.12.23-11.03.27:458][  0]LogInit: Profiles: [00000193673B7800][000001935AB68440 49] Windows, [0000019367364C00][00000193655EC5C0 49] WindowsNoEditor, [00000193673B4C00][000001935FB80740 49] WindowsServer, [0000019367367600][000001935FB848C0 49] WindowsClient, [00000193673B7600][000001935FB88A40 49] IOS, [0000019367364100][000001935FB8CBC0 49] iPadAir, [00000193673B4500][000001935FB90D40 49] iPadAir2, [000001936731CB00][000001935FB99000 49] IPadPro, [000001936731CC00][000001935FB95040 49] iPadAir3, [00000193673B7400][000001935FB9D1C0 49] iPadAir4, [000001936731FC00][00000193655E9300 49] iPadMini2, [00000193673B4400][000001935FBA1440 49] iPadMini3, [000001936731D800][000001935FBA5580 49] iPadMini4, [00000193673B7000][000001935FBA96C0 49] iPadMini5, [0000019367367000][000001935FBB5980 49] iPhone6, [0000019367366F00][000001935FBB19C0 49] iPodTouch6, [000001936731F400][000001936008C100 49] iPhone7, [000001936731F300][0000019360088140 49] iPodTouch7, [0000019367367800][00000193600902C0 49] iPhone5S, [000001936731FD00][0000019360094440 49] iPhone6Plus, [0000019367366500][00000193600985C0 49] iPhone6S, [000001936731EA00][000001936009C740 49] iPhone6SPlus, [0000019367364A00][00000193600A08C0 49] iPhone7Plus, [000001936731D100][00000193600A4A40 49] iPhoneSE, [0000019367366100][00000193600A8BC0 49] iPhone8, [000001936731E600][00000193600ACD40 49] iPhone8Plus, [0000019367364800][00000193600B0EC0 49] iPhoneX, [000001936731D300][00000193600B5040 49] iPhoneXS, [0000019367365E00][00000193600B91C0 49] iPhoneXSMax, [000001936731E300][00000193600BD340 49] iPhoneXR, [0000019367365100][00000193600C14C0 49] iPhone11, [000001936731ED00][000001935FBAD600 49] iPhone11Pro, [0000019367367500][00000193600C5740 49] iPhone11ProMax, [000001936731FA00][00000193600C9880 49] iPhoneSE2, [0000019367365300][00000193600D1A00 49] iPhone12Mini, [000001936731F600][00000193600D5B80 49] iPhone12, [0000019367367A00][00000193600D8180 49] iPhone12Pro, [000001936731E100][00000193600DC300 49] iPhone12ProMax, [0000019367365500][00000193600E0480 49] iPadPro105, [000001936731E200][00000193600E4600 49] iPadPro129, [0000019367365A00][00000193600E8780 49] iPadPro97, [000001936731D900][00000193600EC900 49] iPadPro2_129, [0000019367365700][00000193600F0A80 49] iPad5, [000001936731DE00][00000193600F4C00 49] iPad6, [0000019367365800][00000193600F8D80 49] iPad7, [000001936731EB00][00000193600FCF00 49] iPad8, [0000019367365C00][0000019360101080 49] iPadPro11, [000001936731E700][0000019360105200 49] iPadPro2_11, [0000019367364B00][0000019366B13380 49] iPadPro3_129, [000001936731C800][0000019366B17500 49] iPadPro4_129, [0000019367365000][0000019366B1B680 49] AppleTV, [000001936731F100][00000193600CD7C0 49] AppleTV4K, [0000019367367B00][0000019366B1F900 49] TVOS, [000001936731CA00][0000019366B23A40 49] Mac, [0000019367366B00][0000019366B2BBC0 49] MacClient, [000001936731D200][0000019366B2E1C0 49] MacNoEditor, [0000019367366400][0000019366B32340 49] MacServer, [000001936731FE00][0000019366B364C0 49] Linux, [0000019367365200][0000019366B3A640 49] LinuxAArch64, [000001936731DC00][0000019366B3E7C0 49] LinuxNoEditor, [0000019367365900][0000019366B42940 49] LinuxAArch64NoEditor, [000001936731D400][0000019366B46AC0 49] LinuxClient, [0000019367367200][0000019366B4AC40 49] LinuxAArch64Client, [000001936731D500][0000019366B4EDC0 49] LinuxServer, [00000193673B5100][0000019366B52F40 49] LinuxAArch64Server, [00000193673F1100][0000019366B570C0 49] Android, [00000193673B6D00][0000019366B5B240 49] Android_Low, [00000193673F0100][0000019366B5F3C0 49] Android_Mid, [00000193673B6100][0000019366B63540 49] Android_High, [00000193673F1300][0000019366B676C0 49] Android_Default, [00000193673B5500][0000019366B6B840 49] Android_Adreno4xx, [00000193673F0800][0000019366B27980 49] Android_Adreno5xx_Low, [00000193673B7E00][0000019366B6FAC0 49] Android_Adreno5xx, [00000193673F1A00][0000019366B73C00 49] Android_Adreno6xx, [00000193673B6300][0000019366B761C0 49] Android_Adreno6xx_Vulkan, [00000193673F0C00][0000019366B7E340 49] Android_Mali_T6xx, [00000193673B6700][0000019366B824C0 49] Android_Mali_T7xx, [00000193673F2100][0000019366B86640 49] Android_Mali_T8xx, [00000193673B6A00][0000019366B8A7C0 49] Android_Mali_G71, [00000193673F1900][0000019366B8E940 49] Android_Mali_G72, [00000193673B5800][0000019366B92AC0 49] Android_Mali_G72_Vulkan, [00000193673F1000][0000019366B96C40 49] Android_Mali_G76, [00000193673B6B00][0000019366B9ADC0 49] Android_Mali_G76_Vulkan, [00000193673F0300][0000019366B9EF40 49] Android_Mali_G77, [000001936731F500][0000019366BA30C0 49] Android_Mali_G77_Vulkan, [0000019367366900][0000019366BA7240 49] Android_Mali_G78, [000001936731CE00][0000019366BAB3C0 49] Android_Mali_G78_Vulkan, [0000019367366000][0000019366BAF540 49] Android_Mali_G710, [000001936731CF00][0000019366BB36C0 49] Android_Mali_G710_Vulkan, [0000019367367E00][0000019366BB7840 49] Android_Vulkan_SM5, [000001936731DF00][0000019366BBB9C0 49] Android_PowerVR_G6xxx, [0000019367366D00][0000019366B7BB00 49] Android_PowerVR_GT7xxx, [00000193673F0F00][0000019366BBE0C0 49] Android_PowerVR_GE8xxx, [0000019367365B00][0000019366BC2200 49] Android_PowerVR_GM9xxx, [00000193673F0B00][0000019366BC6340 49] Android_PowerVR_GM9xxx_Vulkan, [0000019367366200][0000019366BCE4C0 49] Android_TegraK1, [00000193673F1D00][0000019366BD2640 49] Android_Unknown_Vulkan, [0000019367366A00][0000019366BD67C0 49] Lumin, [00000193673F1600][0000019366BDA940 49] Lumin_Desktop, [0000019367366600][0000019366BDEAC0 49] HoloLens, 
[2023.12.23-11.03.27:524][  0]LogMeshReduction: Using QuadricMeshReduction for automatic static mesh reduction
[2023.12.23-11.03.27:524][  0]LogMeshReduction: Using SimplygonMeshReduction for automatic skeletal mesh reduction
[2023.12.23-11.03.27:527][  0]LogMeshReduction: Using ProxyLODMeshReduction for automatic mesh merging
[2023.12.23-11.03.27:527][  0]LogMeshReduction: No distributed automatic mesh merging module available
[2023.12.23-11.03.27:528][  0]LogMeshMerging: No distributed automatic mesh merging module available
[2023.12.23-11.03.27:686][  0]LogNetVersion: BodyScanLine 1.0.0, NetCL: 17155196, EngineNetVer: 17, GameNetVer: 0 (Checksum: 1844974060)
[2023.12.23-11.03.28:009][  0]LogTexture: Default maximum texture size for cubemaps generated from long-lat sources has been changed from 512 to unlimited. In order to preserve old behaiour for '/Engine/MapTemplates/Sky/DaylightAmbientCubemap.DaylightAmbientCubemap', its maximum texture size has been explicitly set to 512.
[2023.12.23-11.03.28:096][  0]LogHMD: PokeAHoleMaterial loaded successfully
[2023.12.23-11.03.28:338][  0]LogNiagaraDebuggerClient: Niagara Debugger Client Initialized | Session: 1F7770E645A15F56C4898EB555713029 | Instance: 87AD51D345F47C90E6942CAB9DD60C84 (DESKTOP-3OKBJLR-9128).
[2023.12.23-11.03.28:365][  0]LogCollectionManager: Loaded 0 collections in 0.002491 seconds
[2023.12.23-11.03.28:369][  0]LogFileCache: Scanning file cache for directory 'D:/UE4 Projects/ScanLine/Saved/Collections/' took 0.00s
[2023.12.23-11.03.28:369][  0]LogFileCache: Scanning file cache for directory 'D:/UE4 Projects/ScanLine/Content/Developers/jakub/Collections/' took 0.00s
[2023.12.23-11.03.28:369][  0]LogFileCache: Scanning file cache for directory 'D:/UE4 Projects/ScanLine/Content/Collections/' took 0.00s
[2023.12.23-11.03.28:370][  0]LogCollectionManager: Fixed up redirectors for 0 collections in 0.000002 seconds (updated 0 objects)
[2023.12.23-11.03.28:504][  0]LogPython: Using Python 3.7.7
[2023.12.23-11.03.29:042][  0]LogUdpMessaging: Initializing bridge on interface 0.0.0.0:0 to multicast group 230.0.0.1:6666.
[2023.12.23-11.03.29:050][  0]LogTcpMessaging: Initializing TcpMessaging bridge
[2023.12.23-11.03.29:174][  0]SourceControl: Source control is disabled
[2023.12.23-11.03.29:175][  0]SourceControl: Source control is disabled
[2023.12.23-11.03.29:180][  0]SourceControl: Source control is disabled
[2023.12.23-11.03.29:192][  0]LogUProjectInfo: Found projects:
[2023.12.23-11.03.29:309][  0]LogOpenImageDenoise: OIDN starting up
[2023.12.23-11.03.29:418][  0]LogMovieRenderPipeline: Detected that the user intends to render a movie. Waiting until engine loop init is complete to ensure 
[2023.12.23-11.03.29:511][  0]LogAndroidPermission: UAndroidPermissionCallbackProxy::GetInstance
[2023.12.23-11.03.29:529][  0]LogAudioCaptureCore: Display: No Audio Capture implementations found. Audio input will be silent.
[2023.12.23-11.03.29:529][  0]LogAudioCaptureCore: Display: No Audio Capture implementations found. Audio input will be silent.
[2023.12.23-11.03.29:643][  0]LogOcInput: OculusInput pre-init called
[2023.12.23-11.03.29:655][  0]LogUObjectArray: 23938 objects as part of root set at end of initial load.
[2023.12.23-11.03.29:655][  0]LogUObjectAllocator: 6648672 out of 0 bytes used by permanent object pool.
[2023.12.23-11.03.29:655][  0]LogUObjectArray: CloseDisregardForGC: 0/0 objects in disregard for GC pool
[2023.12.23-11.03.29:713][  0]LogEngine: Initializing Engine...
[2023.12.23-11.03.29:716][  0]LogStats: UGameplayTagsManager::InitializeManager -  0.000 s
[2023.12.23-11.03.29:843][  0]LogInit: Initializing FReadOnlyCVARCache
[2023.12.23-11.03.29:844][  0]LogAudio: Display: Initializing Audio Device Manager...
[2023.12.23-11.03.29:851][  0]LogAudio: Display: Loading Default Audio Settings Objects...
[2023.12.23-11.03.29:852][  0]LogAudio: Display: No default SoundConcurrencyObject specified (or failed to load).
[2023.12.23-11.03.29:852][  0]LogAudio: Display: Audio Device Manager Initialized
[2023.12.23-11.03.29:852][  0]LogAudio: Display: Creating Audio Device:                 Id: 1, Scope: Shared, Realtime: True
[2023.12.23-11.03.29:853][  0]LogAudioMixer: Display: Audio Mixer Platform Settings:
[2023.12.23-11.03.29:853][  0]LogAudioMixer: Display: 	Sample Rate:						  48000
[2023.12.23-11.03.29:854][  0]LogAudioMixer: Display: 	Callback Buffer Frame Size Requested: 1024
[2023.12.23-11.03.29:854][  0]LogAudioMixer: Display: 	Callback Buffer Frame Size To Use:	  1024
[2023.12.23-11.03.29:855][  0]LogAudioMixer: Display: 	Number of buffers to queue:			  2
[2023.12.23-11.03.29:855][  0]LogAudioMixer: Display: 	Max Channels (voices):				  32
[2023.12.23-11.03.29:856][  0]LogAudioMixer: Display: 	Number of Async Source Workers:		  0
[2023.12.23-11.03.29:857][  0]LogAudio: Display: AudioDevice MaxSources: 32
[2023.12.23-11.03.29:858][  0]LogAudio: Display: Audio Spatialization Plugin: None (built-in).
[2023.12.23-11.03.29:858][  0]LogAudio: Display: Audio Reverb Plugin: None (built-in).
[2023.12.23-11.03.29:858][  0]LogAudio: Display: Audio Occlusion Plugin: None (built-in).
[2023.12.23-11.03.29:858][  0]LogAudioMixer: Display: Initializing audio mixer.
[2023.12.23-11.03.29:880][  0]LogAudioMixer: Display: 0: FrontLeft
[2023.12.23-11.03.29:880][  0]LogAudioMixer: Display: 1: FrontRight
[2023.12.23-11.03.29:881][  0]LogAudioMixer: Display: 2: FrontCenter
[2023.12.23-11.03.29:881][  0]LogAudioMixer: Display: 3: LowFrequency
[2023.12.23-11.03.29:882][  0]LogAudioMixer: Display: 4: BackLeft
[2023.12.23-11.03.29:882][  0]LogAudioMixer: Display: 5: BackRight
[2023.12.23-11.03.29:883][  0]LogAudioMixer: Display: 6: SideLeft
[2023.12.23-11.03.29:883][  0]LogAudioMixer: Display: 7: SideRight
[2023.12.23-11.03.29:914][  0]LogAudioMixer: Display: Using Audio Device Głośniki (Realtek High Definition Audio)
[2023.12.23-11.03.29:922][  0]LogAudioMixer: Display: Initializing Sound Submixes...
[2023.12.23-11.03.29:925][  0]LogAudioMixer: Display: Creating Master Submix 'MasterSubmixDefault'
[2023.12.23-11.03.29:925][  0]LogAudioMixer: Display: Creating Master Submix 'MasterReverbSubmixDefault'
[2023.12.23-11.03.29:927][  0]LogAudioMixer: Display: Creating Master Submix 'MasterEQSubmixDefault'
[2023.12.23-11.03.29:927][  0]LogAudioMixer: FMixerPlatformXAudio2::StartAudioStream() called
[2023.12.23-11.03.29:928][  0]LogAudioMixer: Display: Output buffers initialized: Frames=1024, Channels=8, Samples=8192
[2023.12.23-11.03.29:930][  0]LogAudioMixer: Display: Starting AudioMixerPlatformInterface::RunInternal()
[2023.12.23-11.03.29:930][  0]LogAudioMixer: Display: FMixerPlatformXAudio2::SubmitBuffer() called for the first time
[2023.12.23-11.03.29:930][  0]LogInit: FAudioDevice initialized.
[2023.12.23-11.03.29:933][  0]LogNetVersion: Set ProjectVersion to 1.0.0.0. Version Checksum will be recalculated on next use.
[2023.12.23-11.03.29:935][  0]LogInit: Texture streaming: Disabled
[2023.12.23-11.03.30:019][  0]LogAudio: Display: Audio Device (ID: 1) registered with world 'Untitled'.
[2023.12.23-11.03.30:019][  0]LogEngine: GameWindow did not exist.  Was created
[2023.12.23-11.03.30:051][  0]LogSlate: InvalidateAllWidgets triggered.  All widgets were invalidated
[2023.12.23-11.03.30:093][  0]LogSlate: Updating window title bar state: overlay mode, drag disabled, window buttons hidden, title bar hidden
[2023.12.23-11.03.30:252][  0]LogInit: Display: Game Engine Initialized.
[2023.12.23-11.03.30:252][  0]LogNiagaraEditor: GEditor isn't valid! Particle reset commands will not work for Niagara components!
[2023.12.23-11.03.30:391][  0]LogInit: Display: Starting Game.
[2023.12.23-11.03.30:601][  0]LogPackageName: SearchForPackageOnDisk took   0.209s to resolve MoviePipelineEntryMap.umap.
[2023.12.23-11.03.30:602][  0]LogNet: Browse: /MovieRenderPipeline/MoviePipelineEntryMap?Name=Player?game=/Script/MovieRenderPipelineCore.MoviePipelineGameMode
[2023.12.23-11.03.30:603][  0]LogLoad: LoadMap: /MovieRenderPipeline/MoviePipelineEntryMap?Name=Player?game=/Script/MovieRenderPipelineCore.MoviePipelineGameMode
[2023.12.23-11.03.30:603][  0]LogWorld: BeginTearingDown for /Temp/Untitled_0
[2023.12.23-11.03.30:605][  0]LogWorld: UWorld::CleanupWorld for Untitled, bSessionEnded=true, bCleanupResources=true
[2023.12.23-11.03.30:605][  0]LogSlate: InvalidateAllWidgets triggered.  All widgets were invalidated
[2023.12.23-11.03.30:609][  0]LogAudio: Display: Audio Device unregistered from world 'None'.
[2023.12.23-11.03.30:612][  0]LogUObjectHash: Compacting FUObjectHashTables data took   0.93ms
[2023.12.23-11.03.30:618][  0]LogAudio: Display: Audio Device (ID: 1) registered with world 'MoviePipelineEntryMap'.
[2023.12.23-11.03.30:628][  0]LogAIModule: Creating AISystem for world MoviePipelineEntryMap
[2023.12.23-11.03.30:628][  0]LogLoad: Game class is 'MoviePipelineGameMode'
[2023.12.23-11.03.30:629][  0]LogWorld: Bringing World /MovieRenderPipeline/MoviePipelineEntryMap.MoviePipelineEntryMap up for play (max tick rate 0) at 2023.12.23-12.03.30
[2023.12.23-11.03.30:630][  0]LogWorld: Bringing up level for play took: 0.000871
[2023.12.23-11.03.30:631][  0]LogGameMode: FindPlayerStart: PATHS NOT DEFINED or NO PLAYERSTART with positive rating
[2023.12.23-11.03.30:635][  0]LogRenderer: Reallocating scene render targets to support 1280x720 Format 10 NumSamples 1 (Frame:1).
[2023.12.23-11.03.30:635][  0]LogSlate: Took 0.000874 seconds to synchronously load lazily loaded font '../../../Engine/Content/Slate/Fonts/Roboto-Regular.ttf' (155K)
[2023.12.23-11.03.30:636][  0]LogLoad: Took 0.033342 seconds to LoadMap(/MovieRenderPipeline/MoviePipelineEntryMap)
[2023.12.23-11.03.30:656][  0]LogInit: Display: Engine is initialized. Leaving FEngineLoop::Init()
[2023.12.23-11.03.30:656][  0]LogLoad: (Engine Initialization) Total time: 8.52 seconds
[2023.12.23-11.03.30:656][  0]LogLoad: (Engine Initialization) Total Blueprint compile time: 0.00 seconds
[2023.12.23-11.03.30:697][  0]LogOculusPluginWrapper: OculusPlugin initialized successfully
[2023.12.23-11.03.30:702][  0]LogHMD: Failed initializing OVRPlugin 1.59.0
[2023.12.23-11.03.30:758][  1]LogMovieRenderPipeline: Using default Movie Pipeline Executor . See '-MoviePipelineLocalExecutorClass' if you need to override this.
[2023.12.23-11.03.30:758][  1]LogMovieRenderPipeline: Using default Movie Pipeline . See '-MoviePipelineClass' if you need to override this.
[2023.12.23-11.03.30:761][  1]LogMovieRenderPipeline: Successfully detected and loaded required movie arguments. Rendering will begin once the map is loaded.
[2023.12.23-11.03.30:761][  1]LogMovieRenderPipeline: NumJobs: 1 ExecutorClass: MoviePipelineInProcessExecutor
[2023.12.23-11.03.30:762][  1]LogMovieRenderPipeline: MoviePipelineLinearExecutorBase starting 1 jobs.
[2023.12.23-11.03.30:762][  1]LogMovieRenderPipeline: MoviePipelineLinearExecutorBase starting job [1/1]
[2023.12.23-11.03.30:774][  1]LogMovieRenderPipeline: About to load target map /Game/ScanLine/Maps/NewWorld
[2023.12.23-11.03.30:775][  2]LogNet: Browse: /Game/ScanLine/Maps/NewWorld??game=/Script/MovieRenderPipelineCore.MoviePipelineGameMode
[2023.12.23-11.03.30:776][  2]LogLoad: LoadMap: /Game/ScanLine/Maps/NewWorld??game=/Script/MovieRenderPipelineCore.MoviePipelineGameMode
[2023.12.23-11.03.30:776][  2]LogWorld: BeginTearingDown for /MovieRenderPipeline/MoviePipelineEntryMap
[2023.12.23-11.03.30:777][  2]LogWorld: UWorld::CleanupWorld for MoviePipelineEntryMap, bSessionEnded=true, bCleanupResources=true
[2023.12.23-11.03.30:777][  2]LogSlate: InvalidateAllWidgets triggered.  All widgets were invalidated
[2023.12.23-11.03.30:815][  2]LogAudio: Display: Audio Device unregistered from world 'None'.
[2023.12.23-11.03.30:819][  2]LogUObjectHash: Compacting FUObjectHashTables data took   0.88ms
[2023.12.23-11.03.31:210][  2]LogAudio: Display: Audio Device (ID: 1) registered with world 'NewWorld'.
[2023.12.23-11.03.31:211][  2]LogAIModule: Creating AISystem for world NewWorld
[2023.12.23-11.03.31:212][  2]LogLoad: Game class is 'MoviePipelineGameMode'
[2023.12.23-11.03.31:214][  2]LogWorld: Bringing World /Game/ScanLine/Maps/NewWorld.NewWorld up for play (max tick rate 0) at 2023.12.23-12.03.31
[2023.12.23-11.03.31:216][  2]LogWorld: Bringing up level for play took: 0.003993
[2023.12.23-11.03.31:217][  2]LogGameMode: FindPlayerStart: PATHS NOT DEFINED or NO PLAYERSTART with positive rating
[2023.12.23-11.03.31:218][  2]LogMovieRenderPipeline: Finished map load NewWorld
[2023.12.23-11.03.31:218][  2]LogMovieRenderPipeline: Zero Initial Delay, initializing...
[2023.12.23-11.03.31:218][  2]LogMovieRenderPipeline: [2] Initializing overall Movie Pipeline
[2023.12.23-11.03.31:219][  2]LogMovieRenderPipeline: Applying Game Override quality settings and cvars.
[2023.12.23-11.03.31:219][  2]LogConsoleManager: Setting the console variable 'sg.ViewDistanceQuality' with 'SetByScalability' was ignored as it is lower priority than the previous 'SetByDeviceProfile'. Value remains '4'
[2023.12.23-11.03.31:219][  2]LogConsoleManager: Setting the console variable 'sg.AntiAliasingQuality' with 'SetByScalability' was ignored as it is lower priority than the previous 'SetByDeviceProfile'. Value remains '4'
[2023.12.23-11.03.31:220][  2]LogConsoleManager: Setting the console variable 'sg.ShadowQuality' with 'SetByScalability' was ignored as it is lower priority than the previous 'SetByDeviceProfile'. Value remains '4'
[2023.12.23-11.03.31:220][  2]LogConsoleManager: Setting the console variable 'sg.PostProcessQuality' with 'SetByScalability' was ignored as it is lower priority than the previous 'SetByDeviceProfile'. Value remains '4'
[2023.12.23-11.03.31:221][  2]LogConsoleManager: Setting the console variable 'sg.TextureQuality' with 'SetByScalability' was ignored as it is lower priority than the previous 'SetByDeviceProfile'. Value remains '4'
[2023.12.23-11.03.31:221][  2]LogConsoleManager: Setting the console variable 'sg.EffectsQuality' with 'SetByScalability' was ignored as it is lower priority than the previous 'SetByDeviceProfile'. Value remains '4'
[2023.12.23-11.03.31:222][  2]LogConsoleManager: Setting the console variable 'sg.FoliageQuality' with 'SetByScalability' was ignored as it is lower priority than the previous 'SetByDeviceProfile'. Value remains '4'
[2023.12.23-11.03.31:222][  2]LogConsoleManager: Setting the console variable 'sg.ShadingQuality' with 'SetByScalability' was ignored as it is lower priority than the previous 'SetByDeviceProfile'. Value remains '4'
[2023.12.23-11.03.31:223][  2]LogMovieRenderPipeline: Reusing existing ShotInfo for Inner: Cine Camera Actor Outer: no shot.
[2023.12.23-11.03.31:223][  2]LogMovieRenderPipeline: Registering range: [0,480000) (InnerName: Cine Camera Actor OuterName: no shot)
[2023.12.23-11.03.31:226][  2]LogLoad: Took 0.451050 seconds to LoadMap(/Game/ScanLine/Maps/NewWorld)
[2023.12.23-11.03.31:235][  3]LogMovieRenderPipeline: Expanding Shot 1/1 (Shot: no shot Camera: Cine Camera Actor)
[2023.12.23-11.03.31:235][  3]LogMovieRenderPipeline: Finished setting up rendering for shot. Shot has 1 Passes.
[2023.12.23-11.03.31:236][  3]LogMovieRenderPipeline: [3] Initializing Camera Cut [1/1] in [no shot] Cine Camera Actor.
[2023.12.23-11.03.31:236][  3]LogMovieRenderPipeline: [3] Initialization set state to WarmingUp due to having 1 warm up frames.
[2023.12.23-11.03.31:238][  3]LogMovieRenderPipeline: [3] Finished initializing Camera Cut [1/1] in [no shot] Cine Camera Actor.
[2023.12.23-11.03.31:251][  5]LogRenderer: Reallocating scene render targets to support 1920x1080 Format 10 NumSamples 1 (Frame:1).
[2023.12.23-11.04.38:308][339]LogAudioMixer: Display: Audio Buffer Underrun (starvation) detected.
[2023.12.23-11.05.03:218][461]LogAudioMixer: Display: Audio Buffer Underrun (starvation) detected.
[2023.12.23-11.05.04:829][470]LogConsoleManager: Warning: Performance warning: Console object named 'r.DefaultFeature.AntiAliasing' shows many (500) FindConsoleObject() calls (consider caching e.g. using static)
[2023.12.23-11.05.37:820][634]LogAudioMixer: Display: Audio Buffer Underrun (starvation) detected.
[2023.12.23-11.06.24:858][869]LogAudioMixer: Display: Audio Buffer Underrun (starvation) detected.
[2023.12.23-11.07.30:097][196]LogAudioMixer: Display: Audio Buffer Underrun (starvation) detected.
