Log file open, 12/23/23 12:40:22
LogWindows: Failed to load 'aqProf.dll' (GetLastError=126)
LogWindows: File 'aqProf.dll' does not exist
LogWindows: Failed to load 'VtuneApi.dll' (GetLastError=126)
LogWindows: File 'VtuneApi.dll' does not exist
LogWindows: Failed to load 'VtuneApi32e.dll' (GetLastError=126)
LogWindows: File 'VtuneApi32e.dll' does not exist
LogConsoleResponse: Display: Failed to find resolution value strings in scalability ini. Falling back to default.
LogConsoleResponse: Display: Failed to find resolution value strings in scalability ini. Falling back to default.
LogInit: Display: Running engine for game: BodyScanLine
LogPlatformFile: Not using cached read wrapper
LogTaskGraph: Started task graph with 5 named threads and 35 total threads with 3 sets of task threads.
LogStats: Stats thread started at 0.323774
LogICUInternationalization: ICU TimeZone Detection - Raw Offset: +1:00, Platform Override: ''
LogInit: Display: Loading text-based GConfig....
LogPluginManager: Mounting plugin MeshPainting
LogPluginManager: Mounting plugin XGEController
LogPluginManager: Mounting plugin AISupport
LogPluginManager: Mounting plugin Paper2D
LogPluginManager: Mounting plugin AnimationSharing
LogPluginManager: Mounting plugin EnvironmentQueryEditor
LogPluginManager: Mounting plugin LiveLink
LogPluginManager: Mounting plugin GitSourceControl
LogPluginManager: Mounting plugin CLionSourceCodeAccess
LogPluginManager: Mounting plugin CodeLiteSourceCodeAccess
LogPluginManager: Mounting plugin RiderSourceCodeAccess
LogPluginManager: Mounting plugin NullSourceCodeAccess
LogPluginManager: Mounting plugin KDevelopSourceCodeAccess
LogPluginManager: Mounting plugin PropertyAccessNode
LogPluginManager: Mounting plugin PlasticSourceControl
LogPluginManager: Mounting plugin PixWinPlugin
LogPluginManager: Mounting plugin PerforceSourceControl
LogPluginManager: Mounting plugin PluginUtils
LogPluginManager: Mounting plugin SubversionSourceControl
LogPluginManager: Mounting plugin VisualStudioCodeSourceCodeAccess
LogPluginManager: Mounting plugin AssetManagerEditor
LogPluginManager: Mounting plugin TextureFormatOodle
LogPluginManager: Mounting plugin VisualStudioSourceCodeAccess
LogPluginManager: Mounting plugin CryptoKeys
LogPluginManager: Mounting plugin XCodeSourceCodeAccess
LogPluginManager: Mounting plugin DataValidation
LogPluginManager: Mounting plugin UObjectPlugin
LogPluginManager: Mounting plugin GameplayTagsEditor
LogPluginManager: Mounting plugin CurveEditorTools
LogPluginManager: Mounting plugin MacGraphicsSwitching
LogPluginManager: Mounting plugin MaterialAnalyzer
LogPluginManager: Mounting plugin FacialAnimation
LogPluginManager: Mounting plugin GeometryMode
LogPluginManager: Mounting plugin PluginBrowser
LogPluginManager: Mounting plugin MobileLauncherProfileWizard
LogPluginManager: Mounting plugin SpeedTreeImporter
LogPluginManager: Mounting plugin GameplayCameras
LogPluginManager: Mounting plugin CameraShakePreviewer
LogPluginManager: Mounting plugin DatasmithContent
LogPluginManager: Mounting plugin OodleData
LogPluginManager: Mounting plugin OodleNetwork
LogPluginManager: Mounting plugin VariantManagerContent
LogPluginManager: Mounting plugin AlembicImporter
LogPluginManager: Mounting plugin AutomationUtils
LogPluginManager: Mounting plugin BackChannel
LogPluginManager: Mounting plugin ChaosEditor
LogPluginManager: Mounting plugin ChaosNiagara
LogPluginManager: Mounting plugin ChaosSolverPlugin
LogPluginManager: Mounting plugin ChaosCloth
LogPluginManager: Mounting plugin ChaosClothEditor
LogPluginManager: Mounting plugin CharacterAI
LogPluginManager: Mounting plugin GeometryCache
LogPluginManager: Mounting plugin Niagara
LogPluginManager: Mounting plugin GeometryProcessing
LogPluginManager: Mounting plugin GeometryCollectionPlugin
LogPluginManager: Mounting plugin OpenImageDenoise
LogPluginManager: Mounting plugin PlatformCrypto
LogPluginManager: Mounting plugin MotoSynth
LogPluginManager: Mounting plugin PythonScriptPlugin
LogPluginManager: Mounting plugin PlanarCut
LogPluginManager: Mounting plugin SkeletalReduction
LogPluginManager: Mounting plugin ProxyLODPlugin
LogPluginManager: Mounting plugin LuminPlatformFeatures
LogPluginManager: Mounting plugin MagicLeap
LogPluginManager: Mounting plugin MagicLeapLightEstimation
LogPluginManager: Mounting plugin MagicLeapMedia
LogPluginManager: Mounting plugin MagicLeapPassableWorld
LogPluginManager: Mounting plugin MLSDK
LogPluginManager: Mounting plugin AndroidMedia
LogPluginManager: Mounting plugin AvfMedia
LogPluginManager: Mounting plugin ImgMedia
LogPluginManager: Mounting plugin MediaCompositing
LogPluginManager: Mounting plugin MediaPlayerEditor
LogPluginManager: Mounting plugin WmfMedia
LogPluginManager: Mounting plugin WebMMedia
LogPluginManager: Mounting plugin TcpMessaging
LogPluginManager: Mounting plugin UdpMessaging
LogPluginManager: Mounting plugin ActorSequence
LogPluginManager: Mounting plugin MatineeToLevelSequence
LogPluginManager: Mounting plugin LevelSequenceEditor
LogPluginManager: Mounting plugin TemplateSequence
LogPluginManager: Mounting plugin OnlineSubsystem
LogPluginManager: Mounting plugin OnlineSubsystemNull
LogPluginManager: Mounting plugin OnlineSubsystemUtils
LogPluginManager: Mounting plugin LauncherChunkInstaller
LogPluginManager: Mounting plugin ActorLayerUtilities
LogPluginManager: Mounting plugin AndroidDeviceProfileSelector
LogPluginManager: Mounting plugin AndroidPermission
LogPluginManager: Mounting plugin AndroidMoviePlayer
LogPluginManager: Mounting plugin AppleImageUtils
LogPluginManager: Mounting plugin AppleMoviePlayer
LogPluginManager: Mounting plugin ArchVisCharacter
LogPluginManager: Mounting plugin AssetTags
LogPluginManager: Mounting plugin AudioCapture
LogPluginManager: Mounting plugin AudioSynesthesia
LogPluginManager: Mounting plugin CableComponent
LogPluginManager: Mounting plugin ChunkDownloader
LogPluginManager: Mounting plugin CustomMeshComponent
LogPluginManager: Mounting plugin EditableMesh
LogPluginManager: Mounting plugin ExampleDeviceProfileSelector
LogPluginManager: Mounting plugin GoogleCloudMessaging
LogPluginManager: Mounting plugin GooglePAD
LogPluginManager: Mounting plugin IOSDeviceProfileSelector
LogPluginManager: Mounting plugin LinuxDeviceProfileSelector
LogPluginManager: Mounting plugin LocationServicesBPLibrary
LogPluginManager: Mounting plugin MobilePatchingUtils
LogPluginManager: Mounting plugin OpenXR
LogPluginManager: Mounting plugin OpenXRHandTracking
LogPluginManager: Mounting plugin OpenXREyeTracker
LogPluginManager: Mounting plugin PhysXVehicles
LogPluginManager: Mounting plugin ScreenshotTools
LogPluginManager: Mounting plugin PostSplashScreen
LogPluginManager: Mounting plugin PropertyAccessEditor
LogPluginManager: Mounting plugin ProceduralMeshComponent
LogPluginManager: Mounting plugin RuntimePhysXCooking
LogPluginManager: Mounting plugin SignificanceManager
LogPluginManager: Mounting plugin SoundFields
LogPluginManager: Mounting plugin Synthesis
LogPluginManager: Mounting plugin WebMMoviePlayer
LogPluginManager: Mounting plugin WindowsMoviePlayer
LogPluginManager: Mounting plugin Takes
LogPluginManager: Mounting plugin LightPropagationVolume
LogPluginManager: Mounting plugin ContentBrowserAssetDataSource
LogPluginManager: Mounting plugin ContentBrowserFileDataSource
LogPluginManager: Mounting plugin ContentBrowserClassDataSource
LogPluginManager: Mounting plugin OnlineSubsystemGooglePlay
LogPluginManager: Mounting plugin OnlineSubsystemIOS
LogPluginManager: Mounting plugin OculusVR
LogPluginManager: Mounting plugin SteamVR
PixWinPlugin: PIX capture plugin failed to initialize! Check that the process is launched from PIX.
LogInit: Using libcurl 7.55.1-DEV
LogInit:  - built for x86_64-pc-win32
LogInit:  - supports SSL with OpenSSL/1.1.1
LogInit:  - supports HTTP deflate (compression) using libz 1.2.8
LogInit:  - other features:
LogInit:      CURL_VERSION_SSL
LogInit:      CURL_VERSION_LIBZ
LogInit:      CURL_VERSION_IPV6
LogInit:      CURL_VERSION_ASYNCHDNS
LogInit:      CURL_VERSION_LARGEFILE
LogInit:      CURL_VERSION_IDN
LogInit:  CurlRequestOptions (configurable via config and command line):
LogInit:  - bVerifyPeer = true  - Libcurl will verify peer certificate
LogInit:  - bUseHttpProxy = false  - Libcurl will NOT use HTTP proxy
LogInit:  - bDontReuseConnections = false  - Libcurl will reuse connections
LogInit:  - MaxHostConnections = 16  - Libcurl will limit the number of connections to a host
LogInit:  - LocalHostAddr = Default
LogInit:  - BufferSize = 65536
LogOnline: OSS: Creating online subsystem instance for: NULL
LogInit: WinSock: version 1.1 (2.2), MaxSocks=32767, MaxUdp=65467
LogOnline: OSS: TryLoadSubsystemAndSetDefault: Loaded subsystem for module [NULL]
LogOculusPluginWrapper: OculusPlugin initialized successfully
LogHMD: Failed initializing OVRPlugin 1.59.0
LogInit: Build: ++UE4+Release-4.27-CL-18319896
LogInit: Engine Version: 4.27.2-18319896+++UE4+Release-4.27
LogInit: Compatible Engine Version: 4.27.0-17155196+++UE4+Release-4.27
LogInit: Net CL: 17155196
LogInit: OS: Windows 10 (Release 2009) (), CPU: AMD Ryzen 5 1600 Six-Core Processor            , GPU: NVIDIA GeForce GTX 1070
LogInit: Compiled (64-bit): Nov 30 2021 07:12:08
LogInit: Compiled with Visual C++: 19.24.28315.00
LogInit: Build Configuration: Development
LogInit: Branch Name: ++UE4+Release-4.27
LogInit: Command Line: 
LogInit: Base Directory: C:/Program Files/Epic Games/UE_4.27/Engine/Binaries/Win64/
LogInit: Allocator: TBB
LogInit: Installed Engine Build: 1
LogDevObjectVersion: Number of dev versions registered: 29
LogDevObjectVersion:   Dev-Blueprints (B0D832E4-1F89-4F0D-ACCF-7EB736FD4AA2): 10
LogDevObjectVersion:   Dev-Build (E1C64328-A22C-4D53-A36C-8E866417BD8C): 0
LogDevObjectVersion:   Dev-Core (375EC13C-06E4-48FB-B500-84F0262A717E): 4
LogDevObjectVersion:   Dev-Editor (E4B068ED-F494-42E9-A231-DA0B2E46BB41): 40
LogDevObjectVersion:   Dev-Framework (CFFC743F-43B0-4480-9391-14DF171D2073): 37
LogDevObjectVersion:   Dev-Mobile (B02B49B5-BB20-44E9-A304-32B752E40360): 3
LogDevObjectVersion:   Dev-Networking (A4E4105C-59A1-49B5-A7C5-40C4547EDFEE): 0
LogDevObjectVersion:   Dev-Online (39C831C9-5AE6-47DC-9A44-9C173E1C8E7C): 0
LogDevObjectVersion:   Dev-Physics (78F01B33-EBEA-4F98-B9B4-84EACCB95AA2): 14
LogDevObjectVersion:   Dev-Platform (6631380F-2D4D-43E0-8009-CF276956A95A): 0
LogDevObjectVersion:   Dev-Rendering (12F88B9F-8875-4AFC-A67C-D90C383ABD29): 45
LogDevObjectVersion:   Dev-Sequencer (7B5AE74C-D270-4C10-A958-57980B212A5A): 13
LogDevObjectVersion:   Dev-VR (D7296918-1DD6-4BDD-9DE2-64A83CC13884): 3
LogDevObjectVersion:   Dev-LoadTimes (C2A15278-BFE7-4AFE-6C17-90FF531DF755): 1
LogDevObjectVersion:   Private-Geometry (6EACA3D4-40EC-4CC1-B786-8BED09428FC5): 3
LogDevObjectVersion:   Dev-AnimPhys (29E575DD-E0A3-4627-9D10-D276232CDCEA): 17
LogDevObjectVersion:   Dev-Anim (AF43A65D-7FD3-4947-9873-3E8ED9C1BB05): 15
LogDevObjectVersion:   Dev-ReflectionCapture (6B266CEC-1EC7-4B8F-A30B-E4D90942FC07): 1
LogDevObjectVersion:   Dev-Automation (0DF73D61-A23F-47EA-B727-89E90C41499A): 1
LogDevObjectVersion:   FortniteMain (601D1886-AC64-4F84-AA16-D3DE0DEAC7D6): 47
LogDevObjectVersion:   FortniteRelease (E7086368-6B23-4C58-8439-1B7016265E91): 1
LogDevObjectVersion:   Dev-Enterprise (9DFFBCD6-494F-0158-E221-12823C92A888): 10
LogDevObjectVersion:   Dev-Niagara (F2AED0AC-9AFE-416F-8664-AA7FFA26D6FC): 1
LogDevObjectVersion:   Dev-Destruction (174F1F0B-B4C6-45A5-B13F-2EE8D0FB917D): 10
LogDevObjectVersion:   Dev-Physics-Ext (35F94A83-E258-406C-A318-09F59610247C): 41
LogDevObjectVersion:   Dev-PhysicsMaterial-Chaos (B68FC16E-8B1B-42E2-B453-215C058844FE): 1
LogDevObjectVersion:   Dev-CineCamera (B2E18506-4273-CFC2-A54E-F4BB758BBA07): 1
LogDevObjectVersion:   Dev-VirtualProduction (64F58936-FD1B-42BA-BA96-7289D5D0FA4E): 1
LogDevObjectVersion:   Dev-MediaFramework (6F0ED827-A609-4895-9C91-998D90180EA4): 2
LogInit: Presizing for max 25165824 objects, including 0 objects not considered by GC, pre-allocating 0 bytes for permanent pool.
LogConfig: Applying CVar settings from Section [/Script/Engine.StreamingSettings] File [D:/UE4 Projects/ScanLine/Saved/Config/Windows/Engine.ini]
LogConfig: Setting CVar [[s.MinBulkDataSizeForAsyncLoading:131072]]
LogConfig: Setting CVar [[s.AsyncLoadingThreadEnabled:0]]
LogConfig: Setting CVar [[s.EventDrivenLoaderEnabled:1]]
LogConfig: Setting CVar [[s.WarnIfTimeLimitExceeded:0]]
LogConfig: Setting CVar [[s.TimeLimitExceededMultiplier:1.5]]
LogConfig: Setting CVar [[s.TimeLimitExceededMinTime:0.005]]
LogConfig: Setting CVar [[s.UseBackgroundLevelStreaming:1]]
LogConfig: Setting CVar [[s.PriorityAsyncLoadingExtraTime:15.0]]
LogConfig: Setting CVar [[s.LevelStreamingActorsUpdateTimeLimit:5.0]]
LogConfig: Setting CVar [[s.PriorityLevelStreamingActorsUpdateExtraTime:5.0]]
LogConfig: Setting CVar [[s.LevelStreamingComponentsRegistrationGranularity:10]]
LogConfig: Setting CVar [[s.UnregisterComponentsTimeLimit:1.0]]
LogConfig: Setting CVar [[s.LevelStreamingComponentsUnregistrationGranularity:5]]
LogConfig: Setting CVar [[s.FlushStreamingOnExit:1]]
LogInit: Object subsystem initialized
LogConfig: Setting CVar [[con.DebugEarlyDefault:1]]
LogConfig: Setting CVar [[r.setres:1280x720]]
[2023.12.23-11.40.24:066][  0]LogConfig: Setting CVar [[r.VSync:0]]
[2023.12.23-11.40.24:066][  0]LogConfig: Setting CVar [[r.RHICmdBypass:0]]
[2023.12.23-11.40.24:067][  0]LogConfig: Applying CVar settings from Section [/Script/Engine.RendererSettings] File [D:/UE4 Projects/ScanLine/Saved/Config/Windows/Engine.ini]
[2023.12.23-11.40.24:067][  0]LogConfig: Setting CVar [[r.GPUCrashDebugging:0]]
[2023.12.23-11.40.24:067][  0]LogConfig: Applying CVar settings from Section [/Script/Engine.RendererOverrideSettings] File [D:/UE4 Projects/ScanLine/Saved/Config/Windows/Engine.ini]
[2023.12.23-11.40.24:067][  0]LogConfig: Applying CVar settings from Section [/Script/Engine.StreamingSettings] File [D:/UE4 Projects/ScanLine/Saved/Config/Windows/Engine.ini]
[2023.12.23-11.40.24:067][  0]LogConfig: Setting CVar [[s.MinBulkDataSizeForAsyncLoading:131072]]
[2023.12.23-11.40.24:067][  0]LogConfig: Setting CVar [[s.AsyncLoadingThreadEnabled:0]]
[2023.12.23-11.40.24:067][  0]LogConfig: Setting CVar [[s.EventDrivenLoaderEnabled:1]]
[2023.12.23-11.40.24:067][  0]LogConfig: Setting CVar [[s.WarnIfTimeLimitExceeded:0]]
[2023.12.23-11.40.24:067][  0]LogConfig: Setting CVar [[s.TimeLimitExceededMultiplier:1.5]]
[2023.12.23-11.40.24:067][  0]LogConfig: Setting CVar [[s.TimeLimitExceededMinTime:0.005]]
[2023.12.23-11.40.24:067][  0]LogConfig: Setting CVar [[s.UseBackgroundLevelStreaming:1]]
[2023.12.23-11.40.24:067][  0]LogConfig: Setting CVar [[s.PriorityAsyncLoadingExtraTime:15.0]]
[2023.12.23-11.40.24:067][  0]LogConfig: Setting CVar [[s.LevelStreamingActorsUpdateTimeLimit:5.0]]
[2023.12.23-11.40.24:067][  0]LogConfig: Setting CVar [[s.PriorityLevelStreamingActorsUpdateExtraTime:5.0]]
[2023.12.23-11.40.24:067][  0]LogConfig: Setting CVar [[s.LevelStreamingComponentsRegistrationGranularity:10]]
[2023.12.23-11.40.24:067][  0]LogConfig: Setting CVar [[s.UnregisterComponentsTimeLimit:1.0]]
[2023.12.23-11.40.24:067][  0]LogConfig: Setting CVar [[s.LevelStreamingComponentsUnregistrationGranularity:5]]
[2023.12.23-11.40.24:067][  0]LogConfig: Setting CVar [[s.FlushStreamingOnExit:1]]
[2023.12.23-11.40.24:067][  0]LogConfig: Applying CVar settings from Section [/Script/Engine.GarbageCollectionSettings] File [D:/UE4 Projects/ScanLine/Saved/Config/Windows/Engine.ini]
[2023.12.23-11.40.24:067][  0]LogConfig: Setting CVar [[gc.MaxObjectsNotConsideredByGC:1]]
[2023.12.23-11.40.24:067][  0]LogConfig: Setting CVar [[gc.SizeOfPermanentObjectPool:0]]
[2023.12.23-11.40.24:067][  0]LogConfig: Setting CVar [[gc.FlushStreamingOnGC:0]]
[2023.12.23-11.40.24:067][  0]LogConfig: Setting CVar [[gc.NumRetriesBeforeForcingGC:10]]
[2023.12.23-11.40.24:067][  0]LogConfig: Setting CVar [[gc.AllowParallelGC:1]]
[2023.12.23-11.40.24:067][  0]LogConfig: Setting CVar [[gc.TimeBetweenPurgingPendingKillObjects:61.1]]
[2023.12.23-11.40.24:067][  0]LogConfig: Setting CVar [[gc.MaxObjectsInEditor:25165824]]
[2023.12.23-11.40.24:067][  0]LogConfig: Setting CVar [[gc.IncrementalBeginDestroyEnabled:1]]
[2023.12.23-11.40.24:067][  0]LogConfig: Setting CVar [[gc.CreateGCClusters:1]]
[2023.12.23-11.40.24:067][  0]LogConfig: Setting CVar [[gc.MinGCClusterSize:5]]
[2023.12.23-11.40.24:067][  0]LogConfig: Setting CVar [[gc.ActorClusteringEnabled:0]]
[2023.12.23-11.40.24:067][  0]LogConfig: Setting CVar [[gc.BlueprintClusteringEnabled:0]]
[2023.12.23-11.40.24:067][  0]LogConfig: Setting CVar [[gc.UseDisregardForGCOnDedicatedServers:0]]
[2023.12.23-11.40.24:067][  0]LogConfig: Setting CVar [[gc.MultithreadedDestructionEnabled:1]]
[2023.12.23-11.40.24:067][  0]LogConfig: Applying CVar settings from Section [/Script/Engine.NetworkSettings] File [D:/UE4 Projects/ScanLine/Saved/Config/Windows/Engine.ini]
[2023.12.23-11.40.24:067][  0]LogConfig: Applying CVar settings from Section [/Script/UnrealEd.CookerSettings] File [D:/UE4 Projects/ScanLine/Saved/Config/Windows/Engine.ini]
[2023.12.23-11.40.24:090][  0]LogConfig: Applying CVar settings from Section [ViewDistanceQuality@3] File [D:/UE4 Projects/ScanLine/Saved/Config/Windows/Scalability.ini]
[2023.12.23-11.40.24:090][  0]LogConfig: Setting CVar [[r.SkeletalMeshLODBias:0]]
[2023.12.23-11.40.24:090][  0]LogConfig: Setting CVar [[r.ViewDistanceScale:1.0]]
[2023.12.23-11.40.24:090][  0]LogConfig: Applying CVar settings from Section [AntiAliasingQuality@3] File [D:/UE4 Projects/ScanLine/Saved/Config/Windows/Scalability.ini]
[2023.12.23-11.40.24:090][  0]LogConfig: Setting CVar [[r.PostProcessAAQuality:4]]
[2023.12.23-11.40.24:090][  0]LogConfig: Applying CVar settings from Section [ShadowQuality@3] File [D:/UE4 Projects/ScanLine/Saved/Config/Windows/Scalability.ini]
[2023.12.23-11.40.24:090][  0]LogConfig: Setting CVar [[r.LightFunctionQuality:1]]
[2023.12.23-11.40.24:090][  0]LogConfig: Setting CVar [[r.ShadowQuality:5]]
[2023.12.23-11.40.24:090][  0]LogConfig: Setting CVar [[r.Shadow.CSM.MaxCascades:10]]
[2023.12.23-11.40.24:090][  0]LogConfig: Setting CVar [[r.Shadow.MaxResolution:2048]]
[2023.12.23-11.40.24:090][  0]LogConfig: Setting CVar [[r.Shadow.MaxCSMResolution:2048]]
[2023.12.23-11.40.24:090][  0]LogConfig: Setting CVar [[r.Shadow.RadiusThreshold:0.01]]
[2023.12.23-11.40.24:091][  0]LogConfig: Setting CVar [[r.Shadow.DistanceScale:1.0]]
[2023.12.23-11.40.24:091][  0]LogConfig: Setting CVar [[r.Shadow.CSM.TransitionScale:1.0]]
[2023.12.23-11.40.24:091][  0]LogConfig: Setting CVar [[r.Shadow.PreShadowResolutionFactor:1.0]]
[2023.12.23-11.40.24:091][  0]LogConfig: Setting CVar [[r.DistanceFieldShadowing:1]]
[2023.12.23-11.40.24:091][  0]LogConfig: Setting CVar [[r.DistanceFieldAO:1]]
[2023.12.23-11.40.24:091][  0]LogConfig: Setting CVar [[r.AOQuality:2]]
[2023.12.23-11.40.24:091][  0]LogConfig: Setting CVar [[r.VolumetricFog:1]]
[2023.12.23-11.40.24:091][  0]LogConfig: Setting CVar [[r.VolumetricFog.GridPixelSize:8]]
[2023.12.23-11.40.24:091][  0]LogConfig: Setting CVar [[r.VolumetricFog.GridSizeZ:128]]
[2023.12.23-11.40.24:091][  0]LogConfig: Setting CVar [[r.VolumetricFog.HistoryMissSupersampleCount:4]]
[2023.12.23-11.40.24:091][  0]LogConfig: Setting CVar [[r.LightMaxDrawDistanceScale:1]]
[2023.12.23-11.40.24:091][  0]LogConfig: Setting CVar [[r.CapsuleShadows:1]]
[2023.12.23-11.40.24:091][  0]LogConfig: Applying CVar settings from Section [PostProcessQuality@3] File [D:/UE4 Projects/ScanLine/Saved/Config/Windows/Scalability.ini]
[2023.12.23-11.40.24:091][  0]LogConfig: Setting CVar [[r.MotionBlurQuality:4]]
[2023.12.23-11.40.24:091][  0]LogConfig: Setting CVar [[r.AmbientOcclusionMipLevelFactor:0.4]]
[2023.12.23-11.40.24:091][  0]LogConfig: Setting CVar [[r.AmbientOcclusionMaxQuality:100]]
[2023.12.23-11.40.24:091][  0]LogConfig: Setting CVar [[r.AmbientOcclusionLevels:-1]]
[2023.12.23-11.40.24:091][  0]LogConfig: Setting CVar [[r.AmbientOcclusionRadiusScale:1.0]]
[2023.12.23-11.40.24:091][  0]LogConfig: Setting CVar [[r.DepthOfFieldQuality:2]]
[2023.12.23-11.40.24:091][  0]LogConfig: Setting CVar [[r.RenderTargetPoolMin:400]]
[2023.12.23-11.40.24:091][  0]LogConfig: Setting CVar [[r.LensFlareQuality:2]]
[2023.12.23-11.40.24:091][  0]LogConfig: Setting CVar [[r.SceneColorFringeQuality:1]]
[2023.12.23-11.40.24:091][  0]LogConfig: Setting CVar [[r.EyeAdaptationQuality:2]]
[2023.12.23-11.40.24:091][  0]LogConfig: Setting CVar [[r.BloomQuality:5]]
[2023.12.23-11.40.24:091][  0]LogConfig: Setting CVar [[r.FastBlurThreshold:100]]
[2023.12.23-11.40.24:091][  0]LogConfig: Setting CVar [[r.Upscale.Quality:3]]
[2023.12.23-11.40.24:091][  0]LogConfig: Setting CVar [[r.Tonemapper.GrainQuantization:1]]
[2023.12.23-11.40.24:091][  0]LogConfig: Setting CVar [[r.LightShaftQuality:1]]
[2023.12.23-11.40.24:091][  0]LogConfig: Setting CVar [[r.Filter.SizeScale:1]]
[2023.12.23-11.40.24:091][  0]LogConfig: Setting CVar [[r.Tonemapper.Quality:5]]
[2023.12.23-11.40.24:091][  0]LogConfig: Setting CVar [[r.DOF.Gather.AccumulatorQuality:1        ; higher gathering accumulator quality]]
[2023.12.23-11.40.24:091][  0]LogConfig: Setting CVar [[r.DOF.Gather.PostfilterMethod:1          ; Median3x3 postfilering method]]
[2023.12.23-11.40.24:091][  0]LogConfig: Setting CVar [[r.DOF.Gather.EnableBokehSettings:0       ; no bokeh simulation when gathering]]
[2023.12.23-11.40.24:091][  0]LogConfig: Setting CVar [[r.DOF.Gather.RingCount:4                 ; medium number of samples when gathering]]
[2023.12.23-11.40.24:091][  0]LogConfig: Setting CVar [[r.DOF.Scatter.ForegroundCompositing:1    ; additive foreground scattering]]
[2023.12.23-11.40.24:091][  0]LogConfig: Setting CVar [[r.DOF.Scatter.BackgroundCompositing:2    ; additive background scattering]]
[2023.12.23-11.40.24:091][  0]LogConfig: Setting CVar [[r.DOF.Scatter.EnableBokehSettings:1      ; bokeh simulation when scattering]]
[2023.12.23-11.40.24:091][  0]LogConfig: Setting CVar [[r.DOF.Scatter.MaxSpriteRatio:0.1         ; only a maximum of 10% of scattered bokeh]]
[2023.12.23-11.40.24:091][  0]LogConfig: Setting CVar [[r.DOF.Recombine.Quality:1                ; cheap slight out of focus]]
[2023.12.23-11.40.24:091][  0]LogConfig: Setting CVar [[r.DOF.Recombine.EnableBokehSettings:0    ; no bokeh simulation on slight out of focus]]
[2023.12.23-11.40.24:091][  0]LogConfig: Setting CVar [[r.DOF.TemporalAAQuality:1                ; more stable temporal accumulation]]
[2023.12.23-11.40.24:091][  0]LogConfig: Setting CVar [[r.DOF.Kernel.MaxForegroundRadius:0.025]]
[2023.12.23-11.40.24:091][  0]LogConfig: Setting CVar [[r.DOF.Kernel.MaxBackgroundRadius:0.025]]
[2023.12.23-11.40.24:091][  0]LogConfig: Applying CVar settings from Section [TextureQuality@3] File [D:/UE4 Projects/ScanLine/Saved/Config/Windows/Scalability.ini]
[2023.12.23-11.40.24:091][  0]LogConfig: Setting CVar [[r.Streaming.MipBias:0]]
[2023.12.23-11.40.24:091][  0]LogConfig: Setting CVar [[r.Streaming.AmortizeCPUToGPUCopy:0]]
[2023.12.23-11.40.24:091][  0]LogConfig: Setting CVar [[r.Streaming.MaxNumTexturesToStreamPerFrame:0]]
[2023.12.23-11.40.24:091][  0]LogConfig: Setting CVar [[r.Streaming.Boost:1]]
[2023.12.23-11.40.24:091][  0]LogConfig: Setting CVar [[r.MaxAnisotropy:8]]
[2023.12.23-11.40.24:091][  0]LogConfig: Setting CVar [[r.VT.MaxAnisotropy:8]]
[2023.12.23-11.40.24:091][  0]LogConfig: Setting CVar [[r.Streaming.LimitPoolSizeToVRAM:0]]
[2023.12.23-11.40.24:091][  0]LogConfig: Setting CVar [[r.Streaming.PoolSize:1000]]
[2023.12.23-11.40.24:091][  0]LogConfig: Setting CVar [[r.Streaming.MaxEffectiveScreenSize:0]]
[2023.12.23-11.40.24:091][  0]LogConfig: Applying CVar settings from Section [EffectsQuality@3] File [D:/UE4 Projects/ScanLine/Saved/Config/Windows/Scalability.ini]
[2023.12.23-11.40.24:091][  0]LogConfig: Setting CVar [[r.TranslucencyLightingVolumeDim:64]]
[2023.12.23-11.40.24:091][  0]LogConfig: Setting CVar [[r.RefractionQuality:2]]
[2023.12.23-11.40.24:091][  0]LogConfig: Setting CVar [[r.SSR.Quality:3]]
[2023.12.23-11.40.24:091][  0]LogConfig: Setting CVar [[r.SSR.HalfResSceneColor:0]]
[2023.12.23-11.40.24:091][  0]LogConfig: Setting CVar [[r.SceneColorFormat:4]]
[2023.12.23-11.40.24:091][  0]LogConfig: Setting CVar [[r.DetailMode:2]]
[2023.12.23-11.40.24:091][  0]LogConfig: Setting CVar [[r.TranslucencyVolumeBlur:1]]
[2023.12.23-11.40.24:091][  0]LogConfig: Setting CVar [[r.MaterialQualityLevel:1 ; High quality]]
[2023.12.23-11.40.24:091][  0]LogConfig: Setting CVar [[r.AnisotropicMaterials:1]]
[2023.12.23-11.40.24:091][  0]LogConfig: Setting CVar [[r.SSS.Scale:1]]
[2023.12.23-11.40.24:092][  0]LogConfig: Setting CVar [[r.SSS.SampleSet:2]]
[2023.12.23-11.40.24:092][  0]LogConfig: Setting CVar [[r.SSS.Quality:1]]
[2023.12.23-11.40.24:092][  0]LogConfig: Setting CVar [[r.SSS.HalfRes:0]]
[2023.12.23-11.40.24:092][  0]LogConfig: Setting CVar [[r.SSGI.Quality:3]]
[2023.12.23-11.40.24:092][  0]LogConfig: Setting CVar [[r.EmitterSpawnRateScale:1.0]]
[2023.12.23-11.40.24:092][  0]LogConfig: Setting CVar [[r.ParticleLightQuality:2]]
[2023.12.23-11.40.24:092][  0]LogConfig: Setting CVar [[r.SkyAtmosphere.AerialPerspectiveLUT.FastApplyOnOpaque:1 ; Always have FastSkyLUT 1 in this case to avoid wrong sky]]
[2023.12.23-11.40.24:092][  0]LogConfig: Setting CVar [[r.SkyAtmosphere.AerialPerspectiveLUT.SampleCountMaxPerSlice:4]]
[2023.12.23-11.40.24:092][  0]LogConfig: Setting CVar [[r.SkyAtmosphere.AerialPerspectiveLUT.DepthResolution:16.0]]
[2023.12.23-11.40.24:092][  0]LogConfig: Setting CVar [[r.SkyAtmosphere.FastSkyLUT:1]]
[2023.12.23-11.40.24:092][  0]LogConfig: Setting CVar [[r.SkyAtmosphere.FastSkyLUT.SampleCountMin:4.0]]
[2023.12.23-11.40.24:092][  0]LogConfig: Setting CVar [[r.SkyAtmosphere.FastSkyLUT.SampleCountMax:128.0]]
[2023.12.23-11.40.24:092][  0]LogConfig: Setting CVar [[r.SkyAtmosphere.SampleCountMin:4.0]]
[2023.12.23-11.40.24:092][  0]LogConfig: Setting CVar [[r.SkyAtmosphere.SampleCountMax:128.0]]
[2023.12.23-11.40.24:092][  0]LogConfig: Setting CVar [[r.SkyAtmosphere.TransmittanceLUT.UseSmallFormat:0]]
[2023.12.23-11.40.24:092][  0]LogConfig: Setting CVar [[r.SkyAtmosphere.TransmittanceLUT.SampleCount:10.0]]
[2023.12.23-11.40.24:092][  0]LogConfig: Setting CVar [[r.SkyAtmosphere.MultiScatteringLUT.SampleCount:15.0]]
[2023.12.23-11.40.24:092][  0]LogConfig: Setting CVar [[r.SkyLight.RealTimeReflectionCapture:1]]
[2023.12.23-11.40.24:092][  0]LogConfig: Applying CVar settings from Section [FoliageQuality@3] File [D:/UE4 Projects/ScanLine/Saved/Config/Windows/Scalability.ini]
[2023.12.23-11.40.24:092][  0]LogConfig: Setting CVar [[foliage.DensityScale:1.0]]
[2023.12.23-11.40.24:092][  0]LogConfig: Setting CVar [[grass.DensityScale:1.0]]
[2023.12.23-11.40.24:092][  0]LogConfig: Applying CVar settings from Section [ShadingQuality@3] File [D:/UE4 Projects/ScanLine/Saved/Config/Windows/Scalability.ini]
[2023.12.23-11.40.24:092][  0]LogConfig: Setting CVar [[r.HairStrands.SkyLighting.IntegrationType:2]]
[2023.12.23-11.40.24:092][  0]LogConfig: Setting CVar [[r.HairStrands.SkyAO.SampleCount:4]]
[2023.12.23-11.40.24:092][  0]LogConfig: Setting CVar [[r.HairStrands.Visibility.MSAA.SamplePerPixel:4]]
[2023.12.23-11.40.24:092][  0]LogInit: Selected Device Profile: [Windows]
[2023.12.23-11.40.24:092][  0]LogInit: Applying CVar settings loaded from the selected device profile: [Windows]
[2023.12.23-11.40.24:092][  0]LogHAL: Display: Platform has ~ 16 GB [17102004224 / 17179869184 / 16], which maps to Larger [LargestMinGB=32, LargerMinGB=12, DefaultMinGB=8, SmallerMinGB=6, SmallestMinGB=0)
[2023.12.23-11.40.24:092][  0]LogInit: Going up to parent DeviceProfile []
[2023.12.23-11.40.24:092][  0]LogConfig: Applying CVar settings from Section [ViewDistanceQuality@3] File [D:/UE4 Projects/ScanLine/Saved/Config/Windows/Scalability.ini]
[2023.12.23-11.40.24:092][  0]LogConfig: Setting CVar [[r.SkeletalMeshLODBias:0]]
[2023.12.23-11.40.24:092][  0]LogConfig: Setting CVar [[r.ViewDistanceScale:1.0]]
[2023.12.23-11.40.24:092][  0]LogConfig: Applying CVar settings from Section [AntiAliasingQuality@3] File [D:/UE4 Projects/ScanLine/Saved/Config/Windows/Scalability.ini]
[2023.12.23-11.40.24:092][  0]LogConfig: Setting CVar [[r.PostProcessAAQuality:4]]
[2023.12.23-11.40.24:092][  0]LogConfig: Applying CVar settings from Section [ShadowQuality@3] File [D:/UE4 Projects/ScanLine/Saved/Config/Windows/Scalability.ini]
[2023.12.23-11.40.24:092][  0]LogConfig: Setting CVar [[r.LightFunctionQuality:1]]
[2023.12.23-11.40.24:092][  0]LogConfig: Setting CVar [[r.ShadowQuality:5]]
[2023.12.23-11.40.24:092][  0]LogConfig: Setting CVar [[r.Shadow.CSM.MaxCascades:10]]
[2023.12.23-11.40.24:092][  0]LogConfig: Setting CVar [[r.Shadow.MaxResolution:2048]]
[2023.12.23-11.40.24:092][  0]LogConfig: Setting CVar [[r.Shadow.MaxCSMResolution:2048]]
[2023.12.23-11.40.24:092][  0]LogConfig: Setting CVar [[r.Shadow.RadiusThreshold:0.01]]
[2023.12.23-11.40.24:092][  0]LogConfig: Setting CVar [[r.Shadow.DistanceScale:1.0]]
[2023.12.23-11.40.24:092][  0]LogConfig: Setting CVar [[r.Shadow.CSM.TransitionScale:1.0]]
[2023.12.23-11.40.24:092][  0]LogConfig: Setting CVar [[r.Shadow.PreShadowResolutionFactor:1.0]]
[2023.12.23-11.40.24:092][  0]LogConfig: Setting CVar [[r.DistanceFieldShadowing:1]]
[2023.12.23-11.40.24:092][  0]LogConfig: Setting CVar [[r.DistanceFieldAO:1]]
[2023.12.23-11.40.24:092][  0]LogConfig: Setting CVar [[r.AOQuality:2]]
[2023.12.23-11.40.24:092][  0]LogConfig: Setting CVar [[r.VolumetricFog:1]]
[2023.12.23-11.40.24:092][  0]LogConfig: Setting CVar [[r.VolumetricFog.GridPixelSize:8]]
[2023.12.23-11.40.24:092][  0]LogConfig: Setting CVar [[r.VolumetricFog.GridSizeZ:128]]
[2023.12.23-11.40.24:092][  0]LogConfig: Setting CVar [[r.VolumetricFog.HistoryMissSupersampleCount:4]]
[2023.12.23-11.40.24:092][  0]LogConfig: Setting CVar [[r.LightMaxDrawDistanceScale:1]]
[2023.12.23-11.40.24:092][  0]LogConfig: Setting CVar [[r.CapsuleShadows:1]]
[2023.12.23-11.40.24:092][  0]LogConfig: Applying CVar settings from Section [PostProcessQuality@3] File [D:/UE4 Projects/ScanLine/Saved/Config/Windows/Scalability.ini]
[2023.12.23-11.40.24:092][  0]LogConfig: Setting CVar [[r.MotionBlurQuality:4]]
[2023.12.23-11.40.24:092][  0]LogConfig: Setting CVar [[r.AmbientOcclusionMipLevelFactor:0.4]]
[2023.12.23-11.40.24:092][  0]LogConfig: Setting CVar [[r.AmbientOcclusionMaxQuality:100]]
[2023.12.23-11.40.24:092][  0]LogConfig: Setting CVar [[r.AmbientOcclusionLevels:-1]]
[2023.12.23-11.40.24:092][  0]LogConfig: Setting CVar [[r.AmbientOcclusionRadiusScale:1.0]]
[2023.12.23-11.40.24:092][  0]LogConfig: Setting CVar [[r.DepthOfFieldQuality:2]]
[2023.12.23-11.40.24:092][  0]LogConfig: Setting CVar [[r.RenderTargetPoolMin:400]]
[2023.12.23-11.40.24:092][  0]LogConfig: Setting CVar [[r.LensFlareQuality:2]]
[2023.12.23-11.40.24:092][  0]LogConfig: Setting CVar [[r.SceneColorFringeQuality:1]]
[2023.12.23-11.40.24:092][  0]LogConfig: Setting CVar [[r.EyeAdaptationQuality:2]]
[2023.12.23-11.40.24:092][  0]LogConfig: Setting CVar [[r.BloomQuality:5]]
[2023.12.23-11.40.24:092][  0]LogConfig: Setting CVar [[r.FastBlurThreshold:100]]
[2023.12.23-11.40.24:092][  0]LogConfig: Setting CVar [[r.Upscale.Quality:3]]
[2023.12.23-11.40.24:093][  0]LogConfig: Setting CVar [[r.Tonemapper.GrainQuantization:1]]
[2023.12.23-11.40.24:093][  0]LogConfig: Setting CVar [[r.LightShaftQuality:1]]
[2023.12.23-11.40.24:093][  0]LogConfig: Setting CVar [[r.Filter.SizeScale:1]]
[2023.12.23-11.40.24:093][  0]LogConfig: Setting CVar [[r.Tonemapper.Quality:5]]
[2023.12.23-11.40.24:093][  0]LogConfig: Setting CVar [[r.DOF.Gather.AccumulatorQuality:1        ; higher gathering accumulator quality]]
[2023.12.23-11.40.24:093][  0]LogConfig: Setting CVar [[r.DOF.Gather.PostfilterMethod:1          ; Median3x3 postfilering method]]
[2023.12.23-11.40.24:093][  0]LogConfig: Setting CVar [[r.DOF.Gather.EnableBokehSettings:0       ; no bokeh simulation when gathering]]
[2023.12.23-11.40.24:093][  0]LogConfig: Setting CVar [[r.DOF.Gather.RingCount:4                 ; medium number of samples when gathering]]
[2023.12.23-11.40.24:093][  0]LogConfig: Setting CVar [[r.DOF.Scatter.ForegroundCompositing:1    ; additive foreground scattering]]
[2023.12.23-11.40.24:093][  0]LogConfig: Setting CVar [[r.DOF.Scatter.BackgroundCompositing:2    ; additive background scattering]]
[2023.12.23-11.40.24:093][  0]LogConfig: Setting CVar [[r.DOF.Scatter.EnableBokehSettings:1      ; bokeh simulation when scattering]]
[2023.12.23-11.40.24:093][  0]LogConfig: Setting CVar [[r.DOF.Scatter.MaxSpriteRatio:0.1         ; only a maximum of 10% of scattered bokeh]]
[2023.12.23-11.40.24:093][  0]LogConfig: Setting CVar [[r.DOF.Recombine.Quality:1                ; cheap slight out of focus]]
[2023.12.23-11.40.24:093][  0]LogConfig: Setting CVar [[r.DOF.Recombine.EnableBokehSettings:0    ; no bokeh simulation on slight out of focus]]
[2023.12.23-11.40.24:093][  0]LogConfig: Setting CVar [[r.DOF.TemporalAAQuality:1                ; more stable temporal accumulation]]
[2023.12.23-11.40.24:093][  0]LogConfig: Setting CVar [[r.DOF.Kernel.MaxForegroundRadius:0.025]]
[2023.12.23-11.40.24:093][  0]LogConfig: Setting CVar [[r.DOF.Kernel.MaxBackgroundRadius:0.025]]
[2023.12.23-11.40.24:093][  0]LogConfig: Applying CVar settings from Section [TextureQuality@3] File [D:/UE4 Projects/ScanLine/Saved/Config/Windows/Scalability.ini]
[2023.12.23-11.40.24:093][  0]LogConfig: Setting CVar [[r.Streaming.MipBias:0]]
[2023.12.23-11.40.24:093][  0]LogConfig: Setting CVar [[r.Streaming.AmortizeCPUToGPUCopy:0]]
[2023.12.23-11.40.24:093][  0]LogConfig: Setting CVar [[r.Streaming.MaxNumTexturesToStreamPerFrame:0]]
[2023.12.23-11.40.24:093][  0]LogConfig: Setting CVar [[r.Streaming.Boost:1]]
[2023.12.23-11.40.24:093][  0]LogConfig: Setting CVar [[r.MaxAnisotropy:8]]
[2023.12.23-11.40.24:093][  0]LogConfig: Setting CVar [[r.VT.MaxAnisotropy:8]]
[2023.12.23-11.40.24:093][  0]LogConfig: Setting CVar [[r.Streaming.LimitPoolSizeToVRAM:0]]
[2023.12.23-11.40.24:093][  0]LogConfig: Setting CVar [[r.Streaming.PoolSize:1000]]
[2023.12.23-11.40.24:093][  0]LogConfig: Setting CVar [[r.Streaming.MaxEffectiveScreenSize:0]]
[2023.12.23-11.40.24:093][  0]LogConfig: Applying CVar settings from Section [EffectsQuality@3] File [D:/UE4 Projects/ScanLine/Saved/Config/Windows/Scalability.ini]
[2023.12.23-11.40.24:093][  0]LogConfig: Setting CVar [[r.TranslucencyLightingVolumeDim:64]]
[2023.12.23-11.40.24:093][  0]LogConfig: Setting CVar [[r.RefractionQuality:2]]
[2023.12.23-11.40.24:093][  0]LogConfig: Setting CVar [[r.SSR.Quality:3]]
[2023.12.23-11.40.24:093][  0]LogConfig: Setting CVar [[r.SSR.HalfResSceneColor:0]]
[2023.12.23-11.40.24:093][  0]LogConfig: Setting CVar [[r.SceneColorFormat:4]]
[2023.12.23-11.40.24:093][  0]LogConfig: Setting CVar [[r.DetailMode:2]]
[2023.12.23-11.40.24:093][  0]LogConfig: Setting CVar [[r.TranslucencyVolumeBlur:1]]
[2023.12.23-11.40.24:093][  0]LogConfig: Setting CVar [[r.MaterialQualityLevel:1 ; High quality]]
[2023.12.23-11.40.24:093][  0]LogConfig: Setting CVar [[r.AnisotropicMaterials:1]]
[2023.12.23-11.40.24:093][  0]LogConfig: Setting CVar [[r.SSS.Scale:1]]
[2023.12.23-11.40.24:093][  0]LogConfig: Setting CVar [[r.SSS.SampleSet:2]]
[2023.12.23-11.40.24:093][  0]LogConfig: Setting CVar [[r.SSS.Quality:1]]
[2023.12.23-11.40.24:093][  0]LogConfig: Setting CVar [[r.SSS.HalfRes:0]]
[2023.12.23-11.40.24:093][  0]LogConfig: Setting CVar [[r.SSGI.Quality:3]]
[2023.12.23-11.40.24:093][  0]LogConfig: Setting CVar [[r.EmitterSpawnRateScale:1.0]]
[2023.12.23-11.40.24:093][  0]LogConfig: Setting CVar [[r.ParticleLightQuality:2]]
[2023.12.23-11.40.24:093][  0]LogConfig: Setting CVar [[r.SkyAtmosphere.AerialPerspectiveLUT.FastApplyOnOpaque:1 ; Always have FastSkyLUT 1 in this case to avoid wrong sky]]
[2023.12.23-11.40.24:093][  0]LogConfig: Setting CVar [[r.SkyAtmosphere.AerialPerspectiveLUT.SampleCountMaxPerSlice:4]]
[2023.12.23-11.40.24:093][  0]LogConfig: Setting CVar [[r.SkyAtmosphere.AerialPerspectiveLUT.DepthResolution:16.0]]
[2023.12.23-11.40.24:093][  0]LogConfig: Setting CVar [[r.SkyAtmosphere.FastSkyLUT:1]]
[2023.12.23-11.40.24:093][  0]LogConfig: Setting CVar [[r.SkyAtmosphere.FastSkyLUT.SampleCountMin:4.0]]
[2023.12.23-11.40.24:093][  0]LogConfig: Setting CVar [[r.SkyAtmosphere.FastSkyLUT.SampleCountMax:128.0]]
[2023.12.23-11.40.24:093][  0]LogConfig: Setting CVar [[r.SkyAtmosphere.SampleCountMin:4.0]]
[2023.12.23-11.40.24:093][  0]LogConfig: Setting CVar [[r.SkyAtmosphere.SampleCountMax:128.0]]
[2023.12.23-11.40.24:093][  0]LogConfig: Setting CVar [[r.SkyAtmosphere.TransmittanceLUT.UseSmallFormat:0]]
[2023.12.23-11.40.24:093][  0]LogConfig: Setting CVar [[r.SkyAtmosphere.TransmittanceLUT.SampleCount:10.0]]
[2023.12.23-11.40.24:093][  0]LogConfig: Setting CVar [[r.SkyAtmosphere.MultiScatteringLUT.SampleCount:15.0]]
[2023.12.23-11.40.24:093][  0]LogConfig: Setting CVar [[r.SkyLight.RealTimeReflectionCapture:1]]
[2023.12.23-11.40.24:093][  0]LogConfig: Applying CVar settings from Section [FoliageQuality@3] File [D:/UE4 Projects/ScanLine/Saved/Config/Windows/Scalability.ini]
[2023.12.23-11.40.24:093][  0]LogConfig: Setting CVar [[foliage.DensityScale:1.0]]
[2023.12.23-11.40.24:093][  0]LogConfig: Setting CVar [[grass.DensityScale:1.0]]
[2023.12.23-11.40.24:093][  0]LogConfig: Applying CVar settings from Section [ShadingQuality@3] File [D:/UE4 Projects/ScanLine/Saved/Config/Windows/Scalability.ini]
[2023.12.23-11.40.24:093][  0]LogConfig: Setting CVar [[r.HairStrands.SkyLighting.IntegrationType:2]]
[2023.12.23-11.40.24:093][  0]LogConfig: Setting CVar [[r.HairStrands.SkyAO.SampleCount:4]]
[2023.12.23-11.40.24:093][  0]LogConfig: Setting CVar [[r.HairStrands.Visibility.MSAA.SamplePerPixel:4]]
[2023.12.23-11.40.24:093][  0]LogConfig: Applying CVar settings from Section [Startup] File [../../../Engine/Config/ConsoleVariables.ini]
[2023.12.23-11.40.24:094][  0]LogConfig: Setting CVar [[net.UseAdaptiveNetUpdateFrequency:0]]
[2023.12.23-11.40.24:094][  0]LogConfig: Setting CVar [[p.chaos.AllowCreatePhysxBodies:1]]
[2023.12.23-11.40.24:094][  0]LogConfig: Setting CVar [[fx.SkipVectorVMBackendOptimizations:1]]
[2023.12.23-11.40.24:094][  0]LogConfig: Applying CVar settings from Section [ConsoleVariables] File [D:/UE4 Projects/ScanLine/Saved/Config/Windows/Engine.ini]
[2023.12.23-11.40.24:094][  0]LogConfig: Applying CVar settings from Section [ConsoleVariables] File [D:/UE4 Projects/ScanLine/Saved/Config/Windows/Editor.ini]
[2023.12.23-11.40.24:094][  0]LogInit: Computer: DESKTOP-3OKBJLR
[2023.12.23-11.40.24:094][  0]LogInit: User: jakub
[2023.12.23-11.40.24:094][  0]LogInit: CPU Page size=4096, Cores=6
[2023.12.23-11.40.24:094][  0]LogInit: High frequency timer resolution =10.000000 MHz
[2023.12.23-11.40.24:094][  0]LogMemory: Memory total: Physical=15.9GB (16GB approx)
[2023.12.23-11.40.24:094][  0]LogMemory: Platform Memory Stats for Windows
[2023.12.23-11.40.24:094][  0]LogMemory: Process Physical Memory: 145.48 MB used, 145.48 MB peak
[2023.12.23-11.40.24:094][  0]LogMemory: Process Virtual Memory: 130.62 MB used, 130.62 MB peak
[2023.12.23-11.40.24:094][  0]LogMemory: Physical Memory: 14498.33 MB used,  1811.41 MB free, 16309.74 MB total
[2023.12.23-11.40.24:094][  0]LogMemory: Virtual Memory: 134204200.00 MB used,  13525.34 MB free, 134217728.00 MB total
[2023.12.23-11.40.24:453][  0]LogWindows: WindowsPlatformFeatures enabled
[2023.12.23-11.40.24:532][  0]LogInit: Physics initialised using underlying interface: PhysX
[2023.12.23-11.40.24:533][  0]LogInit: Using OS detected language (pl-PL).
[2023.12.23-11.40.24:533][  0]LogInit: Using OS detected locale (en-US).
[2023.12.23-11.40.24:548][  0]LogTextLocalizationManager: No specific localization for 'pl-PL' exists, so the 'pl' localization will be used.
[2023.12.23-11.40.24:549][  0]LogTextLocalizationResource: LocRes '../../../Engine/Content/Localization/Editor/pl/Editor.locres' could not be opened for reading!
[2023.12.23-11.40.24:549][  0]LogTextLocalizationResource: LocRes '../../../Engine/Content/Localization/EditorTutorials/pl/EditorTutorials.locres' could not be opened for reading!
[2023.12.23-11.40.24:549][  0]LogTextLocalizationResource: LocRes '../../../Engine/Content/Localization/Keywords/pl/Keywords.locres' could not be opened for reading!
[2023.12.23-11.40.24:549][  0]LogTextLocalizationResource: LocRes '../../../Engine/Content/Localization/Category/pl/Category.locres' could not be opened for reading!
[2023.12.23-11.40.24:549][  0]LogTextLocalizationResource: LocRes '../../../Engine/Content/Localization/ToolTips/pl/ToolTips.locres' could not be opened for reading!
[2023.12.23-11.40.24:550][  0]LogTextLocalizationResource: LocRes '../../../Engine/Content/Localization/PropertyNames/pl/PropertyNames.locres' could not be opened for reading!
[2023.12.23-11.40.24:550][  0]LogTextLocalizationResource: LocRes '../../../Engine/Content/Localization/Engine/pl/Engine.locres' could not be opened for reading!
[2023.12.23-11.40.24:552][  0]LogInit: Setting process to per monitor DPI aware
[2023.12.23-11.40.24:569][  0]LogWindowsTextInputMethodSystem: Display: IME system deactivated.
[2023.12.23-11.40.24:600][  0]LogSlate: New Slate User Created.  User Index 0, Is Virtual User: 0
[2023.12.23-11.40.24:600][  0]LogSlate: Slate User Registered.  User Index 0, Is Virtual User: 0
[2023.12.23-11.40.28:051][  0]LogD3D11RHI: Loaded GFSDK_Aftermath_Lib.x64.dll
[2023.12.23-11.40.28:054][  0]LogHMD: Failed to initialize OpenVR with code 110
[2023.12.23-11.40.28:054][  0]LogD3D11RHI: D3D11 min allowed feature level: 11_0
[2023.12.23-11.40.28:054][  0]LogD3D11RHI: D3D11 max allowed feature level: 11_0
[2023.12.23-11.40.28:054][  0]LogD3D11RHI: D3D11 adapters:
[2023.12.23-11.40.28:277][  0]LogD3D11RHI:    0. 'NVIDIA GeForce GTX 1070' (Feature Level 11_0)
[2023.12.23-11.40.28:277][  0]LogD3D11RHI:       8081/0/8154 MB DedicatedVideo/DedicatedSystem/SharedSystem, Outputs:2, VendorId:0x10de
[2023.12.23-11.40.28:280][  0]LogD3D11RHI:    1. 'Microsoft Basic Render Driver' (Feature Level 11_0)
[2023.12.23-11.40.28:280][  0]LogD3D11RHI:       0/0/8154 MB DedicatedVideo/DedicatedSystem/SharedSystem, Outputs:0, VendorId:0x1414
[2023.12.23-11.40.28:280][  0]LogD3D11RHI: Chosen D3D11 Adapter:
[2023.12.23-11.40.28:280][  0]LogD3D11RHI:     Description : NVIDIA GeForce GTX 1070
[2023.12.23-11.40.28:280][  0]LogD3D11RHI:     VendorId    : 10de
[2023.12.23-11.40.28:280][  0]LogD3D11RHI:     DeviceId    : 1b81
[2023.12.23-11.40.28:280][  0]LogD3D11RHI:     SubSysId    : 143519da
[2023.12.23-11.40.28:280][  0]LogD3D11RHI:     Revision    : 00a1
[2023.12.23-11.40.28:280][  0]LogD3D11RHI:     DedicatedVideoMemory : 8473542656 bytes
[2023.12.23-11.40.28:280][  0]LogD3D11RHI:     DedicatedSystemMemory : 0 bytes
[2023.12.23-11.40.28:280][  0]LogD3D11RHI:     SharedSystemMemory : 8551002112 bytes
[2023.12.23-11.40.28:280][  0]LogD3D11RHI:     AdapterLuid : 0 58582
[2023.12.23-11.40.28:289][  0]LogD3D11RHI: Creating new Direct3DDevice
[2023.12.23-11.40.28:289][  0]LogD3D11RHI:     GPU DeviceId: 0x1b81 (for the marketing name, search the web for "GPU Device Id")
[2023.12.23-11.40.28:289][  0]LogWindows: EnumDisplayDevices:
[2023.12.23-11.40.28:289][  0]LogWindows:    0. 'NVIDIA GeForce GTX 1070' (P:1 D:1)
[2023.12.23-11.40.28:290][  0]LogWindows:    1. 'NVIDIA GeForce GTX 1070' (P:0 D:1)
[2023.12.23-11.40.28:290][  0]LogWindows:    2. 'NVIDIA GeForce GTX 1070' (P:0 D:0)
[2023.12.23-11.40.28:290][  0]LogWindows:    3. 'NVIDIA GeForce GTX 1070' (P:0 D:0)
[2023.12.23-11.40.28:290][  0]LogWindows: DebugString: FoundDriverCount:4 
[2023.12.23-11.40.28:290][  0]LogD3D11RHI:     Adapter Name: NVIDIA GeForce GTX 1070
[2023.12.23-11.40.28:291][  0]LogD3D11RHI:   Driver Version: 546.01 (internal:31.0.15.4601, unified:546.01)
[2023.12.23-11.40.28:291][  0]LogD3D11RHI:      Driver Date: 10-26-2023
[2023.12.23-11.40.28:291][  0]LogRHI: Texture pool is 5656 MB (70% of 8081 MB)
[2023.12.23-11.40.28:291][  0]LogD3D11RHI: Creating D3DDevice using adapter:
[2023.12.23-11.40.28:291][  0]LogD3D11RHI:     Description : NVIDIA GeForce GTX 1070
[2023.12.23-11.40.28:291][  0]LogD3D11RHI:     VendorId    : 10de
[2023.12.23-11.40.28:291][  0]LogD3D11RHI:     DeviceId    : 1b81
[2023.12.23-11.40.28:291][  0]LogD3D11RHI:     SubSysId    : 143519da
[2023.12.23-11.40.28:291][  0]LogD3D11RHI:     Revision    : 00a1
[2023.12.23-11.40.28:291][  0]LogD3D11RHI:     DedicatedVideoMemory : 8473542656 bytes
[2023.12.23-11.40.28:291][  0]LogD3D11RHI:     DedicatedSystemMemory : 0 bytes
[2023.12.23-11.40.28:291][  0]LogD3D11RHI:     SharedSystemMemory : 8551002112 bytes
[2023.12.23-11.40.28:291][  0]LogD3D11RHI:     AdapterLuid : 0 58582
[2023.12.23-11.40.28:431][  0]LogD3D11RHI: RHI has support for 64 bit atomics
[2023.12.23-11.40.28:431][  0]LogD3D11RHI: Async texture creation enabled
[2023.12.23-11.40.28:431][  0]LogD3D11RHI: Array index from any shader is supported
[2023.12.23-11.40.28:469][  0]LogD3D11RHI: GPU Timing Frequency: 1000.000000 (Debug: 2 1)
[2023.12.23-11.40.28:528][  0]LogRHI: GeForceNow SDK initialized: 1
[2023.12.23-11.40.29:088][  0]LogTargetPlatformManager: Display: Loaded TargetPlatform 'AllDesktop'
[2023.12.23-11.40.29:115][  0]LogTargetPlatformManager: Display: Loaded TargetPlatform 'Android'
[2023.12.23-11.40.29:115][  0]LogTargetPlatformManager: Display: Loaded TargetPlatform 'Android_ASTC'
[2023.12.23-11.40.29:115][  0]LogTargetPlatformManager: Display: Loaded TargetPlatform 'Android_DXT'
[2023.12.23-11.40.29:115][  0]LogTargetPlatformManager: Display: Loaded TargetPlatform 'Android_ETC2'
[2023.12.23-11.40.29:115][  0]LogTargetPlatformManager: Display: Loaded TargetPlatform 'AndroidClient'
[2023.12.23-11.40.29:115][  0]LogTargetPlatformManager: Display: Loaded TargetPlatform 'Android_ASTCClient'
[2023.12.23-11.40.29:115][  0]LogTargetPlatformManager: Display: Loaded TargetPlatform 'Android_DXTClient'
[2023.12.23-11.40.29:115][  0]LogTargetPlatformManager: Display: Loaded TargetPlatform 'Android_ETC2Client'
[2023.12.23-11.40.29:115][  0]LogTargetPlatformManager: Display: Loaded TargetPlatform 'Android_Multi'
[2023.12.23-11.40.29:115][  0]LogTargetPlatformManager: Display: Loaded TargetPlatform 'Android_MultiClient'
[2023.12.23-11.40.29:143][  0]LogTargetPlatformManager: Display: Loaded TargetPlatform 'IOSClient'
[2023.12.23-11.40.29:143][  0]LogTargetPlatformManager: Display: Loaded TargetPlatform 'IOS'
[2023.12.23-11.40.29:168][  0]LogTargetPlatformManager: Display: Loaded TargetPlatform 'Linux'
[2023.12.23-11.40.29:175][  0]LogTargetPlatformManager: Display: Loaded TargetPlatform 'LinuxNoEditor'
[2023.12.23-11.40.29:182][  0]LogTargetPlatformManager: Display: Loaded TargetPlatform 'LinuxClient'
[2023.12.23-11.40.29:188][  0]LogTargetPlatformManager: Display: Loaded TargetPlatform 'LinuxServer'
[2023.12.23-11.40.29:207][  0]LogTargetPlatformManager: Display: Loaded TargetPlatform 'LinuxAArch64NoEditor'
[2023.12.23-11.40.29:214][  0]LogTargetPlatformManager: Display: Loaded TargetPlatform 'LinuxAArch64Client'
[2023.12.23-11.40.29:220][  0]LogTargetPlatformManager: Display: Loaded TargetPlatform 'LinuxAArch64Server'
[2023.12.23-11.40.29:252][  0]LogTargetPlatformManager: Display: Loaded TargetPlatform 'Lumin'
[2023.12.23-11.40.29:252][  0]LogTargetPlatformManager: Display: Loaded TargetPlatform 'LuminClient'
[2023.12.23-11.40.29:264][  0]LogTargetPlatformManager: Display: Loaded TargetPlatform 'MacNoEditor'
[2023.12.23-11.40.29:270][  0]LogTargetPlatformManager: Display: Loaded TargetPlatform 'Mac'
[2023.12.23-11.40.29:278][  0]LogTargetPlatformManager: Display: Loaded TargetPlatform 'MacClient'
[2023.12.23-11.40.29:284][  0]LogTargetPlatformManager: Display: Loaded TargetPlatform 'MacServer'
[2023.12.23-11.40.29:297][  0]LogTargetPlatformManager: Display: Loaded TargetPlatform 'TVOSClient'
[2023.12.23-11.40.29:297][  0]LogTargetPlatformManager: Display: Loaded TargetPlatform 'TVOS'
[2023.12.23-11.40.29:309][  0]LogTargetPlatformManager: Display: Loaded TargetPlatform 'WindowsNoEditor'
[2023.12.23-11.40.29:316][  0]LogTargetPlatformManager: Display: Loaded TargetPlatform 'Windows'
[2023.12.23-11.40.29:323][  0]LogTargetPlatformManager: Display: Loaded TargetPlatform 'WindowsClient'
[2023.12.23-11.40.29:330][  0]LogTargetPlatformManager: Display: Loaded TargetPlatform 'WindowsServer'
[2023.12.23-11.40.29:330][  0]LogTargetPlatformManager: Display: Building Assets For Windows
[2023.12.23-11.40.29:345][  0]LogAudioDebug: Display: Lib vorbis DLL was dynamically loaded.
[2023.12.23-11.40.29:405][  0]LogTextureFormatOodle: Display: Oodle Texture 2.9.0 init RDO Off
[2023.12.23-11.40.29:464][  0]LogRendererCore: Ray tracing is disabled. Reason: r.RayTracing=0.
[2023.12.23-11.40.29:464][  0]LogShaderCompilers: Guid format shader working directory is 23 characters bigger than the processId version (D:/UE4 Projects/ScanLine/Intermediate/Shaders/WorkingDirectory/984/).
[2023.12.23-11.40.29:465][  0]LogShaderCompilers: Cleaned the shader compiler working directory 'C:/Users/jakub/AppData/Local/Temp/UnrealShaderWorkingDir/D38F659645890F152CEDF28FD883A09E/'.
[2023.12.23-11.40.29:465][  0]LogXGEController: Cannot use XGE Controller as Incredibuild is not installed on this machine.
[2023.12.23-11.40.29:465][  0]LogShaderCompilers: Cannot use XGE Shader Compiler as Incredibuild is not installed on this machine.
[2023.12.23-11.40.29:465][  0]LogShaderCompilers: Display: Using Local Shader Compiler.
[2023.12.23-11.40.30:509][  0]LogDerivedDataCache: Display: Max Cache Size: 512 MB
[2023.12.23-11.40.30:760][  0]LogDerivedDataCache: Loaded boot cache 0.25s 94MB C:/Users/jakub/AppData/Local/UnrealEngine/4.27/DerivedDataCache/Boot.ddc.
[2023.12.23-11.40.30:761][  0]LogDerivedDataCache: Display: Loaded Boot cache: C:/Users/jakub/AppData/Local/UnrealEngine/4.27/DerivedDataCache/Boot.ddc
[2023.12.23-11.40.30:761][  0]LogDerivedDataCache: FDerivedDataBackendGraph:  Pak pak cache file D:/UE4 Projects/ScanLine/DerivedDataCache/DDC.ddp not found, will not use a pak cache.
[2023.12.23-11.40.30:761][  0]LogDerivedDataCache: Unable to find inner node Pak for hierarchical cache Hierarchy.
[2023.12.23-11.40.30:761][  0]LogDerivedDataCache: FDerivedDataBackendGraph:  CompressedPak pak cache file D:/UE4 Projects/ScanLine/DerivedDataCache/Compressed.ddp not found, will not use a pak cache.
[2023.12.23-11.40.30:761][  0]LogDerivedDataCache: Unable to find inner node CompressedPak for hierarchical cache Hierarchy.
[2023.12.23-11.40.30:783][  0]LogDerivedDataCache: Display: Pak cache opened for reading ../../../Engine/DerivedDataCache/Compressed.ddp.
[2023.12.23-11.40.30:784][  0]LogDerivedDataCache: FDerivedDataBackendGraph:  EnterprisePak pak cache file ../../../Enterprise/DerivedDataCache/Compressed.ddp not found, will not use a pak cache.
[2023.12.23-11.40.30:784][  0]LogDerivedDataCache: Unable to find inner node EnterprisePak for hierarchical cache Hierarchy.
[2023.12.23-11.40.30:806][  0]LogDerivedDataCache: Speed tests for C:/Users/jakub/AppData/Local/UnrealEngine/Common/DerivedDataCache took 0.02 seconds
[2023.12.23-11.40.30:806][  0]LogDerivedDataCache: Display: Performance to C:/Users/jakub/AppData/Local/UnrealEngine/Common/DerivedDataCache: Latency=0.16ms. RandomReadSpeed=117.76MBs, RandomWriteSpeed=75.77MBs. Assigned SpeedClass 'Local'
[2023.12.23-11.40.30:807][  0]LogDerivedDataCache: Using Local data cache path C:/Users/jakub/AppData/Local/UnrealEngine/Common/DerivedDataCache: Writable
[2023.12.23-11.40.30:808][  0]LogDerivedDataCache: Shared data cache path not found in *engine.ini, will not use an Shared cache.
[2023.12.23-11.40.30:808][  0]LogDerivedDataCache: Unable to find inner node Shared for hierarchical cache Hierarchy.
[2023.12.23-11.40.30:866][  0]LogSlate: Using FreeType 2.10.0
[2023.12.23-11.40.30:868][  0]LogSlate: SlateFontServices - WITH_FREETYPE: 1, WITH_HARFBUZZ: 1
[2023.12.23-11.40.30:912][  0]LogAssetRegistry: FAssetRegistry took 0.0028 seconds to start up
[2023.12.23-11.40.31:198][  0]LogInit: Selected Device Profile: [Windows]
[2023.12.23-11.40.31:198][  0]LogInit: Active device profile: [000001F87E99AB00][000001F86F860DC0 49] Windows
[2023.12.23-11.40.31:198][  0]LogInit: Profiles: [000001F87E99AB00][000001F86F860DC0 49] Windows, [000001F87E951A00][000001F8650EAF40 49] WindowsNoEditor, [000001F87E999A00][000001F8650EF0C0 49] WindowsServer, [000001F87E952900][000001F8650F3240 49] WindowsClient, [000001F87E998F00][000001F8650F73C0 49] IOS, [000001F87E953B00][000001F8650FB540 49] iPadAir, [000001F87E998400][000001F8650FF6C0 49] iPadAir2, [000001F87E8FFD00][000001F865107980 49] IPadPro, [000001F87E8FFE00][000001F8651039C0 49] iPadAir3, [000001F87E99A700][000001F86510BB40 49] iPadAir4, [000001F87E8FDC00][000001F86510E140 49] iPadMini2, [000001F87E99B600][000001F87C3802C0 49] iPadMini3, [000001F87E8FE600][000001F87C384440 49] iPadMini4, [000001F87E99A600][000001F86F864580 49] iPadMini5, [000001F87E947600][000001F87C38C7C0 49] iPhone6, [000001F87E947700][000001F87C388800 49] iPodTouch6, [000001F87E8FCC00][000001F87C398A80 49] iPhone7, [000001F87E8FCB00][000001F87C390AC0 49] iPodTouch7, [000001F87E945B00][000001F87C39CC40 49] iPhone5S, [000001F87E8FF000][000001F87C3A0DC0 49] iPhone6Plus, [000001F87E946700][000001F87C3A4F40 49] iPhone6S, [000001F87E8FDB00][000001F87C3A90C0 49] iPhone6SPlus, [000001F87E945D00][000001F87C3AD240 49] iPhone7Plus, [000001F87E8FEF00][000001F87C3B13C0 49] iPhoneSE, [000001F87E946500][000001F87C3B5540 49] iPhone8, [000001F87E8FC100][000001F87C3B96C0 49] iPhone8Plus, [000001F87E946000][000001F87C3BD840 49] iPhoneX, [000001F87E8FEC00][000001F87E67D9C0 49] iPhoneXS, [000001F87E946200][000001F87E681B40 49] iPhoneXSMax, [000001F87E8FCF00][000001F87E684140 49] iPhoneXR, [000001F87E944300][000001F87E6882C0 49] iPhone11, [000001F87E8FE900][000001F87E68C440 49] iPhone11Pro, [000001F87E945900][000001F87E6905C0 49] iPhone11ProMax, [000001F87E8FD400][000001F87E694740 49] iPhoneSE2, [000001F87E946B00][000001F87C394880 49] iPhone12Mini, [000001F87E8FCD00][000001F87E6989C0 49] iPhone12, [000001F87E944900][000001F87E69CB00 49] iPhone12Pro, [000001F87E8FE200][000001F87E6A4C80 49] iPhone12ProMax, [000001F87E947500][000001F87E6A8E00 49] iPadPro105, [000001F87E8FC400][000001F87E6ACF80 49] iPadPro129, [000001F87E944E00][000001F87E6B1100 49] iPadPro97, [000001F87E8FD100][000001F87E6B5280 49] iPadPro2_129, [000001F87E946900][000001F87E6B9400 49] iPad5, [000001F87E8FDD00][000001F87E6BD580 49] iPad6, [000001F87E945C00][000001F87E6C1700 49] iPad7, [000001F87E8FC700][000001F87E6C9880 49] iPad8, [000001F87E944A00][000001F87E701A00 49] iPadPro11, [000001F87E8FEE00][000001F87E70DB80 49] iPadPro2_11, [000001F87E945600][000001F87E73C180 49] iPadPro3_129, [000001F87E8FC800][000001F87E77C300 49] iPadPro4_129, [000001F87E947C00][000001F87E780480 49] AppleTV, [000001F87E8FC500][000001F87E784600 49] AppleTV4K, [000001F87E953D00][000001F87E788780 49] TVOS, [000001F87E9F0300][000001F87E78C900 49] Mac, [000001F87E950300][000001F87E6A0A40 49] MacClient, [000001F87E9F0500][000001F87E790B80 49] MacNoEditor, [000001F87E951600][000001F87E794CC0 49] MacServer, [000001F87E9F0B00][000001F87E79CE40 49] Linux, [000001F87E952400][000001F87E7A0FC0 49] LinuxAArch64, [000001F87E9F0400][000001F87E7A5140 49] LinuxNoEditor, [000001F87E952E00][000001F87E7A92C0 49] LinuxAArch64NoEditor, [000001F87E9F1100][000001F87E7AD440 49] LinuxClient, [000001F87E951F00][000001F87E7B15C0 49] LinuxAArch64Client, [000001F87E9F1600][000001F87E7B5740 49] LinuxServer, [000001F87E951100][000001F87E7B98C0 49] LinuxAArch64Server, [000001F87E9F0F00][000001F87E7BDA40 49] Android, [000001F87E950A00][000001F87E7C1BC0 49] Android_Low, [000001F87E9F1500][000001F87E7C41C0 49] Android_Mid, [000001F87E952300][000001F87E7C8340 49] Android_High, [000001F87E8FE000][000001F87E7CC4C0 49] Android_Default, [000001F87E953F00][000001F87F88A640 49] Android_Adreno4xx, [000001F87E8FF800][000001F87F88E7C0 49] Android_Adreno5xx_Low, [000001F87E952500][000001F87F892940 49] Android_Adreno5xx, [000001F87E8FFF00][000001F87F896AC0 49] Android_Adreno6xx, [000001F87E953400][000001F87E798C00 49] Android_Adreno6xx_Vulkan, [000001F87E8FEB00][000001F87F89AD40 49] Android_Mali_T6xx, [000001F87E953E00][000001F87F89EE80 49] Android_Mali_T7xx, [000001F87E8FE400][000001F87F8A2FC0 49] Android_Mali_T8xx, [000001F87E951B00][000001F87F8AB140 49] Android_Mali_G71, [000001F87E8FD700][000001F87F8AF2C0 49] Android_Mali_G72, [000001F87E953500][000001F87F8B3440 49] Android_Mali_G72_Vulkan, [000001F87E8FD200][000001F87F8B75C0 49] Android_Mali_G76, [000001F87E950400][000001F87F8BB740 49] Android_Mali_G76_Vulkan, [000001F87E8FD300][000001F87F8BF8C0 49] Android_Mali_G77, [000001F87E950700][000001F87F8C3A40 49] Android_Mali_G77_Vulkan, [000001F87E8FF700][000001F87F8C7BC0 49] Android_Mali_G78, [000001F87E951900][000001F87F8CA1C0 49] Android_Mali_G78_Vulkan, [000001F87E8FC600][000001F87F8CE340 49] Android_Mali_G710, [000001F87E953700][000001F87F8D24C0 49] Android_Mali_G710_Vulkan, [000001F87E8FF100][000001F87F8D6640 49] Android_Vulkan_SM5, [000001F87E951E00][000001F87F8DA7C0 49] Android_PowerVR_G6xxx, [000001F87E8FD500][000001F87F8DE940 49] Android_PowerVR_GT7xxx, [000001F87E951C00][000001F87F8E2AC0 49] Android_PowerVR_GE8xxx, [000001F87E8FC900][000001F87F8E6C40 49] Android_PowerVR_GM9xxx, [000001F87E950200][000001F87F8A6D80 49] Android_PowerVR_GM9xxx_Vulkan, [000001F87E8FD800][000001F87F8EAEC0 49] Android_TegraK1, [000001F87E951300][000001F87F8EF000 49] Android_Unknown_Vulkan, [000001F87E8FE300][000001F87F8F3140 49] Lumin, [000001F87E99B200][000001F87F8FB2C0 49] Lumin_Desktop, [000001F87E944500][000001F87F8FF440 49] HoloLens, 
[2023.12.23-11.40.31:375][  0]LogMeshReduction: Using QuadricMeshReduction for automatic static mesh reduction
[2023.12.23-11.40.31:375][  0]LogMeshReduction: Using SimplygonMeshReduction for automatic skeletal mesh reduction
[2023.12.23-11.40.31:375][  0]LogMeshReduction: Using ProxyLODMeshReduction for automatic mesh merging
[2023.12.23-11.40.31:375][  0]LogMeshReduction: No distributed automatic mesh merging module available
[2023.12.23-11.40.31:375][  0]LogMeshMerging: No distributed automatic mesh merging module available
[2023.12.23-11.40.31:402][  0]LogNetVersion: BodyScanLine 1.0.0, NetCL: 17155196, EngineNetVer: 17, GameNetVer: 0 (Checksum: 1844974060)
[2023.12.23-11.40.32:045][  0]LogTexture: Default maximum texture size for cubemaps generated from long-lat sources has been changed from 512 to unlimited. In order to preserve old behaiour for '/Engine/MapTemplates/Sky/DaylightAmbientCubemap.DaylightAmbientCubemap', its maximum texture size has been explicitly set to 512.
[2023.12.23-11.40.32:129][  0]LogHMD: PokeAHoleMaterial loaded successfully
[2023.12.23-11.40.32:137][  0]LogUObjectArray: 17178 objects as part of root set at end of initial load.
[2023.12.23-11.40.32:137][  0]LogUObjectAllocator: 4302048 out of 0 bytes used by permanent object pool.
[2023.12.23-11.40.32:137][  0]LogUObjectArray: CloseDisregardForGC: 0/0 objects in disregard for GC pool
[2023.12.23-11.40.32:685][  0]LogNiagaraDebuggerClient: Niagara Debugger Client Initialized | Session: 2A5E135E41D7CC7E8C5451B7AB3636BE | Instance: F6ED703345E2384B0DF845823D35DE30 (DESKTOP-3OKBJLR-984).
[2023.12.23-11.40.32:744][  0]LogPython: Using Python 3.7.7
[2023.12.23-11.40.33:532][  0]LogTcpMessaging: Initializing TcpMessaging bridge
[2023.12.23-11.40.33:540][  0]LogUdpMessaging: Initializing bridge on interface 0.0.0.0:0 to multicast group 230.0.0.1:6666.
[2023.12.23-11.40.33:809][  0]SourceControl: Source control is disabled
[2023.12.23-11.40.33:809][  0]SourceControl: Source control is disabled
[2023.12.23-11.40.33:832][  0]SourceControl: Source control is disabled
[2023.12.23-11.40.33:838][  0]SourceControl: Source control is disabled
[2023.12.23-11.40.33:847][  0]SourceControl: Source control is disabled
[2023.12.23-11.40.33:852][  0]LogUProjectInfo: Found projects:
[2023.12.23-11.40.34:289][  0]LogOpenImageDenoise: OIDN starting up
[2023.12.23-11.40.34:375][  0]LogAndroidPermission: UAndroidPermissionCallbackProxy::GetInstance
[2023.12.23-11.40.34:412][  0]LogAudioCaptureCore: Display: No Audio Capture implementations found. Audio input will be silent.
[2023.12.23-11.40.34:412][  0]LogAudioCaptureCore: Display: No Audio Capture implementations found. Audio input will be silent.
[2023.12.23-11.40.34:680][  0]LogCollectionManager: Loaded 0 collections in 0.002197 seconds
[2023.12.23-11.40.34:721][  0]LogFileCache: Scanning file cache for directory 'D:/UE4 Projects/ScanLine/Saved/Collections/' took 0.00s
[2023.12.23-11.40.34:721][  0]LogFileCache: Scanning file cache for directory 'D:/UE4 Projects/ScanLine/Content/Developers/jakub/Collections/' took 0.00s
[2023.12.23-11.40.34:721][  0]LogFileCache: Scanning file cache for directory 'D:/UE4 Projects/ScanLine/Content/Collections/' took 0.00s
[2023.12.23-11.40.34:721][  0]LogOcInput: OculusInput pre-init called
[2023.12.23-11.40.35:089][  0]LogEngine: Initializing Engine...
[2023.12.23-11.40.35:093][  0]LogHMD: Failed to enumerate extensions. Please check that you have a valid OpenXR runtime installed.
[2023.12.23-11.40.35:093][  0]LogHMD: Failed to initialize OpenVR with code 110
[2023.12.23-11.40.35:093][  0]LogMagicLeap: Warning: VR disabled because ZI is not enabled.  To enable, in the editor, Edit -> Project Settings -> Plugins -> Magic Leap Plugin -> Enable Zero Iteration
[2023.12.23-11.40.35:094][  0]LogStats: UGameplayTagsManager::InitializeManager -  0.000 s
[2023.12.23-11.40.35:310][  0]LogInit: Initializing FReadOnlyCVARCache
[2023.12.23-11.40.35:326][  0]LogAIModule: Creating AISystem for world Untitled
[2023.12.23-11.40.35:332][  0]LogAudio: Display: Initializing Audio Device Manager...
[2023.12.23-11.40.35:339][  0]LogAudio: Display: Loading Default Audio Settings Objects...
[2023.12.23-11.40.35:340][  0]LogAudio: Display: No default SoundConcurrencyObject specified (or failed to load).
[2023.12.23-11.40.35:341][  0]LogAudio: Display: Audio Device Manager Initialized
[2023.12.23-11.40.35:341][  0]LogAudio: Display: Creating Audio Device:                 Id: 1, Scope: Shared, Realtime: True
[2023.12.23-11.40.35:341][  0]LogAudioMixer: Display: Audio Mixer Platform Settings:
[2023.12.23-11.40.35:341][  0]LogAudioMixer: Display: 	Sample Rate:						  48000
[2023.12.23-11.40.35:341][  0]LogAudioMixer: Display: 	Callback Buffer Frame Size Requested: 1024
[2023.12.23-11.40.35:341][  0]LogAudioMixer: Display: 	Callback Buffer Frame Size To Use:	  1024
[2023.12.23-11.40.35:341][  0]LogAudioMixer: Display: 	Number of buffers to queue:			  2
[2023.12.23-11.40.35:341][  0]LogAudioMixer: Display: 	Max Channels (voices):				  32
[2023.12.23-11.40.35:341][  0]LogAudioMixer: Display: 	Number of Async Source Workers:		  0
[2023.12.23-11.40.35:341][  0]LogAudio: Display: AudioDevice MaxSources: 32
[2023.12.23-11.40.35:341][  0]LogAudio: Display: Audio Spatialization Plugin: None (built-in).
[2023.12.23-11.40.35:341][  0]LogAudio: Display: Audio Reverb Plugin: None (built-in).
[2023.12.23-11.40.35:341][  0]LogAudio: Display: Audio Occlusion Plugin: None (built-in).
[2023.12.23-11.40.35:341][  0]LogAudioMixer: Display: Initializing audio mixer.
[2023.12.23-11.40.35:364][  0]LogAudioMixer: Display: 0: FrontLeft
[2023.12.23-11.40.35:364][  0]LogAudioMixer: Display: 1: FrontRight
[2023.12.23-11.40.35:364][  0]LogAudioMixer: Display: 2: FrontCenter
[2023.12.23-11.40.35:364][  0]LogAudioMixer: Display: 3: LowFrequency
[2023.12.23-11.40.35:364][  0]LogAudioMixer: Display: 4: BackLeft
[2023.12.23-11.40.35:364][  0]LogAudioMixer: Display: 5: BackRight
[2023.12.23-11.40.35:364][  0]LogAudioMixer: Display: 6: SideLeft
[2023.12.23-11.40.35:364][  0]LogAudioMixer: Display: 7: SideRight
[2023.12.23-11.40.35:395][  0]LogAudioMixer: Display: Using Audio Device Głośniki (Realtek High Definition Audio)
[2023.12.23-11.40.35:399][  0]LogAudioMixer: Display: Initializing Sound Submixes...
[2023.12.23-11.40.35:403][  0]LogAudioMixer: Display: Creating Master Submix 'MasterSubmixDefault'
[2023.12.23-11.40.35:403][  0]LogAudioMixer: Display: Creating Master Submix 'MasterReverbSubmixDefault'
[2023.12.23-11.40.35:404][  0]LogAudioMixer: Display: Creating Master Submix 'MasterEQSubmixDefault'
[2023.12.23-11.40.35:404][  0]LogAudioMixer: FMixerPlatformXAudio2::StartAudioStream() called
[2023.12.23-11.40.35:404][  0]LogAudioMixer: Display: Output buffers initialized: Frames=1024, Channels=8, Samples=8192
[2023.12.23-11.40.35:406][  0]LogAudioMixer: Display: Starting AudioMixerPlatformInterface::RunInternal()
[2023.12.23-11.40.35:406][  0]LogAudioMixer: Display: FMixerPlatformXAudio2::SubmitBuffer() called for the first time
[2023.12.23-11.40.35:406][  0]LogInit: FAudioDevice initialized.
[2023.12.23-11.40.35:406][  0]LogAudio: Display: Audio Device (ID: 1) registered with world 'Untitled'.
[2023.12.23-11.40.35:406][  0]LogNetVersion: Set ProjectVersion to 1.0.0.0. Version Checksum will be recalculated on next use.
[2023.12.23-11.40.35:514][  0]LogDerivedDataCache: Saved boot cache 0.11s 94MB C:/Users/jakub/AppData/Local/UnrealEngine/4.27/DerivedDataCache/Boot.ddc.
[2023.12.23-11.40.35:515][  0]LogInit: Texture streaming: Enabled
[2023.12.23-11.40.35:535][  0]LogAnalytics: Display: [UEEditor.Rocket.Release] APIServer = https://datarouter.ol.epicgames.com/. AppVersion = 4.27.2-18319896+++UE4+Release-4.27
[2023.12.23-11.40.35:540][  0]LogEngineSessionManager: EngineSessionManager initialized
[2023.12.23-11.40.35:540][  0]LogEditorSessionSummary: Verbose: Initializing EditorSessionSummaryWriter for editor session tracking
[2023.12.23-11.40.35:543][  0]LogEditorSessionSummary: EditorSessionSummaryWriter initialized
[2023.12.23-11.40.35:586][  0]LogInit: Transaction tracking system initialized
[2023.12.23-11.40.35:628][  0]BlueprintLog: New page: Editor Load
[2023.12.23-11.40.35:736][  0]LocalizationService: Localization service is disabled
[2023.12.23-11.40.35:780][  0]TimingProfiler: Initialize
[2023.12.23-11.40.35:780][  0]TimingProfiler: OnSessionChanged
[2023.12.23-11.40.35:780][  0]LoadingProfiler: Initialize
[2023.12.23-11.40.35:780][  0]LoadingProfiler: OnSessionChanged
[2023.12.23-11.40.35:780][  0]NetworkingProfiler: Initialize
[2023.12.23-11.40.35:780][  0]NetworkingProfiler: OnSessionChanged
[2023.12.23-11.40.35:780][  0]MemoryProfiler: Initialize
[2023.12.23-11.40.35:780][  0]MemoryProfiler: OnSessionChanged
[2023.12.23-11.40.36:274][  0]LogCook: Display: CookSettings for Memory: MemoryMaxUsedVirtual 0MiB, MemoryMaxUsedPhysical 16384MiB, MemoryMinFreeVirtual 0MiB, MemoryMinFreePhysical 1024MiB
[2023.12.23-11.40.36:274][  0]LogCook: Display: Mobile HDR setting 1
[2023.12.23-11.40.36:618][  0]LogFileCache: Scanning file cache for directory 'D:/UE4 Projects/ScanLine/Content/' took 0.01s
[2023.12.23-11.40.36:864][  0]LogInit: Display: Engine is initialized. Leaving FEngineLoop::Init()
[2023.12.23-11.40.36:869][  0]SourceControl: Source control is disabled
[2023.12.23-11.40.36:869][  0]LogUnrealEdMisc: Loading editor; pre map load, took 15.900
[2023.12.23-11.40.36:869][  0]Cmd: MAP LOAD FILE="D:/UE4 Projects/ScanLine/Content/StarterContent/Maps/Minimal_Default.umap" TEMPLATE=0 SHOWPROGRESS=1 FEATURELEVEL=3
[2023.12.23-11.40.36:869][  0]LogEditorServer: Warning: Can't find file 'D:/UE4 Projects/ScanLine/Content/StarterContent/Maps/Minimal_Default.umap'
[2023.12.23-11.40.36:869][  0]Cmd: MAP CHECKDEP NOCLEARLOG
[2023.12.23-11.40.36:870][  0]MapCheck: Map check complete: 0 Error(s), 0 Warning(s), took 0.135ms to complete.
[2023.12.23-11.40.36:870][  0]LogFileHelpers: Loading map 'Minimal_Default' took 0.001
[2023.12.23-11.40.36:872][  0]LogUnrealEdMisc: Total Editor Startup Time, took 15.902
[2023.12.23-11.40.37:023][  0]LogNativeClassHierarchy: Verbose: Native class hierarchy populated in 0.0119 seconds. Added 3822 classes and 928 folders.
[2023.12.23-11.40.37:027][  0]LogNativeClassHierarchy: Verbose: Native class hierarchy updated for 'WidgetCarousel' in 0.0003 seconds. Added 0 classes and 0 folders.
[2023.12.23-11.40.37:030][  0]LogPakFile: PakFile PrimaryIndexSize=187
[2023.12.23-11.40.37:030][  0]LogPakFile: PakFile PathHashIndexSize=101
[2023.12.23-11.40.37:030][  0]LogPakFile: PakFile FullDirectoryIndexSize=148
[2023.12.23-11.40.37:030][  0]LogShaderLibrary: Display: ShaderCodeLibraryPakFileMountedCallback: PakFile 'C:/Program Files/Epic Games/UE_4.27/FeaturePacks/FP_FirstPerson.upack' (chunk index -1, root 'root:/') mounted
[2023.12.23-11.40.37:030][  0]LogShaderLibrary: Display: ShaderCodeLibraryPakFileMountedCallback: pending pak file info (ChunkID:-1 Root:root:/ File:C:/Program Files/Epic Games/UE_4.27/FeaturePacks/FP_FirstPerson.upack)
[2023.12.23-11.40.37:030][  0]LogPakFile: OnPakFileMounted2Time == 0.000068
[2023.12.23-11.40.37:032][  0]LogPakFile: PakFile PrimaryIndexSize=189
[2023.12.23-11.40.37:032][  0]LogPakFile: PakFile PathHashIndexSize=101
[2023.12.23-11.40.37:032][  0]LogPakFile: PakFile FullDirectoryIndexSize=152
[2023.12.23-11.40.37:032][  0]LogShaderLibrary: Display: ShaderCodeLibraryPakFileMountedCallback: PakFile 'C:/Program Files/Epic Games/UE_4.27/FeaturePacks/FP_FirstPersonBP.upack' (chunk index -1, root 'root:/') mounted
[2023.12.23-11.40.37:032][  0]LogShaderLibrary: Display: ShaderCodeLibraryPakFileMountedCallback: pending pak file info (ChunkID:-1 Root:root:/ File:C:/Program Files/Epic Games/UE_4.27/FeaturePacks/FP_FirstPersonBP.upack)
[2023.12.23-11.40.37:032][  0]LogPakFile: OnPakFileMounted2Time == 0.000052
[2023.12.23-11.40.37:034][  0]LogPakFile: PakFile PrimaryIndexSize=191
[2023.12.23-11.40.37:034][  0]LogPakFile: PakFile PathHashIndexSize=101
[2023.12.23-11.40.37:034][  0]LogPakFile: PakFile FullDirectoryIndexSize=160
[2023.12.23-11.40.37:034][  0]LogShaderLibrary: Display: ShaderCodeLibraryPakFileMountedCallback: PakFile 'C:/Program Files/Epic Games/UE_4.27/FeaturePacks/MobileStarterContent.upack' (chunk index -1, root 'root:/') mounted
[2023.12.23-11.40.37:034][  0]LogShaderLibrary: Display: ShaderCodeLibraryPakFileMountedCallback: pending pak file info (ChunkID:-1 Root:root:/ File:C:/Program Files/Epic Games/UE_4.27/FeaturePacks/MobileStarterContent.upack)
[2023.12.23-11.40.37:034][  0]LogPakFile: OnPakFileMounted2Time == 0.000037
[2023.12.23-11.40.37:035][  0]LogPakFile: PakFile PrimaryIndexSize=185
[2023.12.23-11.40.37:035][  0]LogPakFile: PakFile PathHashIndexSize=101
[2023.12.23-11.40.37:036][  0]LogPakFile: PakFile FullDirectoryIndexSize=148
[2023.12.23-11.40.37:036][  0]LogShaderLibrary: Display: ShaderCodeLibraryPakFileMountedCallback: PakFile 'C:/Program Files/Epic Games/UE_4.27/FeaturePacks/StarterContent.upack' (chunk index -1, root 'root:/') mounted
[2023.12.23-11.40.37:036][  0]LogShaderLibrary: Display: ShaderCodeLibraryPakFileMountedCallback: pending pak file info (ChunkID:-1 Root:root:/ File:C:/Program Files/Epic Games/UE_4.27/FeaturePacks/StarterContent.upack)
[2023.12.23-11.40.37:036][  0]LogPakFile: OnPakFileMounted2Time == 0.000067
[2023.12.23-11.40.37:037][  0]LogPakFile: PakFile PrimaryIndexSize=190
[2023.12.23-11.40.37:037][  0]LogPakFile: PakFile PathHashIndexSize=101
[2023.12.23-11.40.37:037][  0]LogPakFile: PakFile FullDirectoryIndexSize=154
[2023.12.23-11.40.37:037][  0]LogShaderLibrary: Display: ShaderCodeLibraryPakFileMountedCallback: PakFile 'C:/Program Files/Epic Games/UE_4.27/FeaturePacks/TP_2DSideScroller.upack' (chunk index -1, root 'root:/') mounted
[2023.12.23-11.40.37:037][  0]LogShaderLibrary: Display: ShaderCodeLibraryPakFileMountedCallback: pending pak file info (ChunkID:-1 Root:root:/ File:C:/Program Files/Epic Games/UE_4.27/FeaturePacks/TP_2DSideScroller.upack)
[2023.12.23-11.40.37:037][  0]LogPakFile: OnPakFileMounted2Time == 0.000037
[2023.12.23-11.40.37:039][  0]LogPakFile: PakFile PrimaryIndexSize=192
[2023.12.23-11.40.37:039][  0]LogPakFile: PakFile PathHashIndexSize=101
[2023.12.23-11.40.37:039][  0]LogPakFile: PakFile FullDirectoryIndexSize=158
[2023.12.23-11.40.37:039][  0]LogShaderLibrary: Display: ShaderCodeLibraryPakFileMountedCallback: PakFile 'C:/Program Files/Epic Games/UE_4.27/FeaturePacks/TP_2DSideScrollerBP.upack' (chunk index -1, root 'root:/') mounted
[2023.12.23-11.40.37:039][  0]LogShaderLibrary: Display: ShaderCodeLibraryPakFileMountedCallback: pending pak file info (ChunkID:-1 Root:root:/ File:C:/Program Files/Epic Games/UE_4.27/FeaturePacks/TP_2DSideScrollerBP.upack)
[2023.12.23-11.40.37:039][  0]LogPakFile: OnPakFileMounted2Time == 0.000044
[2023.12.23-11.40.37:041][  0]LogPakFile: PakFile PrimaryIndexSize=182
[2023.12.23-11.40.37:041][  0]LogPakFile: PakFile PathHashIndexSize=101
[2023.12.23-11.40.37:041][  0]LogPakFile: PakFile FullDirectoryIndexSize=138
[2023.12.23-11.40.37:041][  0]LogShaderLibrary: Display: ShaderCodeLibraryPakFileMountedCallback: PakFile 'C:/Program Files/Epic Games/UE_4.27/FeaturePacks/TP_Flying.upack' (chunk index -1, root 'root:/') mounted
[2023.12.23-11.40.37:041][  0]LogShaderLibrary: Display: ShaderCodeLibraryPakFileMountedCallback: pending pak file info (ChunkID:-1 Root:root:/ File:C:/Program Files/Epic Games/UE_4.27/FeaturePacks/TP_Flying.upack)
[2023.12.23-11.40.37:041][  0]LogPakFile: OnPakFileMounted2Time == 0.000039
[2023.12.23-11.40.37:042][  0]LogPakFile: PakFile PrimaryIndexSize=184
[2023.12.23-11.40.37:042][  0]LogPakFile: PakFile PathHashIndexSize=101
[2023.12.23-11.40.37:042][  0]LogPakFile: PakFile FullDirectoryIndexSize=142
[2023.12.23-11.40.37:042][  0]LogShaderLibrary: Display: ShaderCodeLibraryPakFileMountedCallback: PakFile 'C:/Program Files/Epic Games/UE_4.27/FeaturePacks/TP_FlyingBP.upack' (chunk index -1, root 'root:/') mounted
[2023.12.23-11.40.37:043][  0]LogShaderLibrary: Display: ShaderCodeLibraryPakFileMountedCallback: pending pak file info (ChunkID:-1 Root:root:/ File:C:/Program Files/Epic Games/UE_4.27/FeaturePacks/TP_FlyingBP.upack)
[2023.12.23-11.40.37:043][  0]LogPakFile: OnPakFileMounted2Time == 0.000041
[2023.12.23-11.40.37:044][  0]LogPakFile: PakFile PrimaryIndexSize=188
[2023.12.23-11.40.37:044][  0]LogPakFile: PakFile PathHashIndexSize=101
[2023.12.23-11.40.37:044][  0]LogPakFile: PakFile FullDirectoryIndexSize=150
[2023.12.23-11.40.37:044][  0]LogShaderLibrary: Display: ShaderCodeLibraryPakFileMountedCallback: PakFile 'C:/Program Files/Epic Games/UE_4.27/FeaturePacks/TP_HandheldARBP.upack' (chunk index -1, root 'root:/') mounted
[2023.12.23-11.40.37:044][  0]LogShaderLibrary: Display: ShaderCodeLibraryPakFileMountedCallback: pending pak file info (ChunkID:-1 Root:root:/ File:C:/Program Files/Epic Games/UE_4.27/FeaturePacks/TP_HandheldARBP.upack)
[2023.12.23-11.40.37:044][  0]LogPakFile: OnPakFileMounted2Time == 0.000037
[2023.12.23-11.40.37:048][  0]LogPakFile: PakFile PrimaryIndexSize=182
[2023.12.23-11.40.37:048][  0]LogPakFile: PakFile PathHashIndexSize=101
[2023.12.23-11.40.37:048][  0]LogPakFile: PakFile FullDirectoryIndexSize=138
[2023.12.23-11.40.37:048][  0]LogShaderLibrary: Display: ShaderCodeLibraryPakFileMountedCallback: PakFile 'C:/Program Files/Epic Games/UE_4.27/FeaturePacks/TP_Puzzle.upack' (chunk index -1, root 'root:/') mounted
[2023.12.23-11.40.37:048][  0]LogShaderLibrary: Display: ShaderCodeLibraryPakFileMountedCallback: pending pak file info (ChunkID:-1 Root:root:/ File:C:/Program Files/Epic Games/UE_4.27/FeaturePacks/TP_Puzzle.upack)
[2023.12.23-11.40.37:048][  0]LogPakFile: OnPakFileMounted2Time == 0.000039
[2023.12.23-11.40.37:050][  0]LogPakFile: PakFile PrimaryIndexSize=184
[2023.12.23-11.40.37:050][  0]LogPakFile: PakFile PathHashIndexSize=101
[2023.12.23-11.40.37:050][  0]LogPakFile: PakFile FullDirectoryIndexSize=142
[2023.12.23-11.40.37:050][  0]LogShaderLibrary: Display: ShaderCodeLibraryPakFileMountedCallback: PakFile 'C:/Program Files/Epic Games/UE_4.27/FeaturePacks/TP_PuzzleBP.upack' (chunk index -1, root 'root:/') mounted
[2023.12.23-11.40.37:050][  0]LogShaderLibrary: Display: ShaderCodeLibraryPakFileMountedCallback: pending pak file info (ChunkID:-1 Root:root:/ File:C:/Program Files/Epic Games/UE_4.27/FeaturePacks/TP_PuzzleBP.upack)
[2023.12.23-11.40.37:050][  0]LogPakFile: OnPakFileMounted2Time == 0.000037
[2023.12.23-11.40.37:052][  0]LogPakFile: PakFile PrimaryIndexSize=183
[2023.12.23-11.40.37:052][  0]LogPakFile: PakFile PathHashIndexSize=101
[2023.12.23-11.40.37:052][  0]LogPakFile: PakFile FullDirectoryIndexSize=140
[2023.12.23-11.40.37:052][  0]LogShaderLibrary: Display: ShaderCodeLibraryPakFileMountedCallback: PakFile 'C:/Program Files/Epic Games/UE_4.27/FeaturePacks/TP_Rolling.upack' (chunk index -1, root 'root:/') mounted
[2023.12.23-11.40.37:052][  0]LogShaderLibrary: Display: ShaderCodeLibraryPakFileMountedCallback: pending pak file info (ChunkID:-1 Root:root:/ File:C:/Program Files/Epic Games/UE_4.27/FeaturePacks/TP_Rolling.upack)
[2023.12.23-11.40.37:052][  0]LogPakFile: OnPakFileMounted2Time == 0.000037
[2023.12.23-11.40.37:054][  0]LogPakFile: PakFile PrimaryIndexSize=185
[2023.12.23-11.40.37:054][  0]LogPakFile: PakFile PathHashIndexSize=101
[2023.12.23-11.40.37:054][  0]LogPakFile: PakFile FullDirectoryIndexSize=144
[2023.12.23-11.40.37:054][  0]LogShaderLibrary: Display: ShaderCodeLibraryPakFileMountedCallback: PakFile 'C:/Program Files/Epic Games/UE_4.27/FeaturePacks/TP_RollingBP.upack' (chunk index -1, root 'root:/') mounted
[2023.12.23-11.40.37:054][  0]LogShaderLibrary: Display: ShaderCodeLibraryPakFileMountedCallback: pending pak file info (ChunkID:-1 Root:root:/ File:C:/Program Files/Epic Games/UE_4.27/FeaturePacks/TP_RollingBP.upack)
[2023.12.23-11.40.37:054][  0]LogPakFile: OnPakFileMounted2Time == 0.000037
[2023.12.23-11.40.37:055][  0]LogPakFile: PakFile PrimaryIndexSize=188
[2023.12.23-11.40.37:055][  0]LogPakFile: PakFile PathHashIndexSize=101
[2023.12.23-11.40.37:055][  0]LogPakFile: PakFile FullDirectoryIndexSize=150
[2023.12.23-11.40.37:056][  0]LogShaderLibrary: Display: ShaderCodeLibraryPakFileMountedCallback: PakFile 'C:/Program Files/Epic Games/UE_4.27/FeaturePacks/TP_SideScroller.upack' (chunk index -1, root 'root:/') mounted
[2023.12.23-11.40.37:056][  0]LogShaderLibrary: Display: ShaderCodeLibraryPakFileMountedCallback: pending pak file info (ChunkID:-1 Root:root:/ File:C:/Program Files/Epic Games/UE_4.27/FeaturePacks/TP_SideScroller.upack)
[2023.12.23-11.40.37:056][  0]LogPakFile: OnPakFileMounted2Time == 0.000045
[2023.12.23-11.40.37:057][  0]LogPakFile: PakFile PrimaryIndexSize=190
[2023.12.23-11.40.37:057][  0]LogPakFile: PakFile PathHashIndexSize=101
[2023.12.23-11.40.37:057][  0]LogPakFile: PakFile FullDirectoryIndexSize=154
[2023.12.23-11.40.37:057][  0]LogShaderLibrary: Display: ShaderCodeLibraryPakFileMountedCallback: PakFile 'C:/Program Files/Epic Games/UE_4.27/FeaturePacks/TP_SideScrollerBP.upack' (chunk index -1, root 'root:/') mounted
[2023.12.23-11.40.37:057][  0]LogShaderLibrary: Display: ShaderCodeLibraryPakFileMountedCallback: pending pak file info (ChunkID:-1 Root:root:/ File:C:/Program Files/Epic Games/UE_4.27/FeaturePacks/TP_SideScrollerBP.upack)
[2023.12.23-11.40.37:057][  0]LogPakFile: OnPakFileMounted2Time == 0.000040
[2023.12.23-11.40.37:059][  0]LogPakFile: PakFile PrimaryIndexSize=187
[2023.12.23-11.40.37:059][  0]LogPakFile: PakFile PathHashIndexSize=101
[2023.12.23-11.40.37:059][  0]LogPakFile: PakFile FullDirectoryIndexSize=148
[2023.12.23-11.40.37:059][  0]LogShaderLibrary: Display: ShaderCodeLibraryPakFileMountedCallback: PakFile 'C:/Program Files/Epic Games/UE_4.27/FeaturePacks/TP_ThirdPerson.upack' (chunk index -1, root 'root:/') mounted
[2023.12.23-11.40.37:059][  0]LogShaderLibrary: Display: ShaderCodeLibraryPakFileMountedCallback: pending pak file info (ChunkID:-1 Root:root:/ File:C:/Program Files/Epic Games/UE_4.27/FeaturePacks/TP_ThirdPerson.upack)
[2023.12.23-11.40.37:059][  0]LogPakFile: OnPakFileMounted2Time == 0.000040
[2023.12.23-11.40.37:061][  0]LogPakFile: PakFile PrimaryIndexSize=189
[2023.12.23-11.40.37:061][  0]LogPakFile: PakFile PathHashIndexSize=101
[2023.12.23-11.40.37:061][  0]LogPakFile: PakFile FullDirectoryIndexSize=152
[2023.12.23-11.40.37:061][  0]LogShaderLibrary: Display: ShaderCodeLibraryPakFileMountedCallback: PakFile 'C:/Program Files/Epic Games/UE_4.27/FeaturePacks/TP_ThirdPersonBP.upack' (chunk index -1, root 'root:/') mounted
[2023.12.23-11.40.37:061][  0]LogShaderLibrary: Display: ShaderCodeLibraryPakFileMountedCallback: pending pak file info (ChunkID:-1 Root:root:/ File:C:/Program Files/Epic Games/UE_4.27/FeaturePacks/TP_ThirdPersonBP.upack)
[2023.12.23-11.40.37:061][  0]LogPakFile: OnPakFileMounted2Time == 0.000037
[2023.12.23-11.40.37:063][  0]LogPakFile: PakFile PrimaryIndexSize=183
[2023.12.23-11.40.37:063][  0]LogPakFile: PakFile PathHashIndexSize=101
[2023.12.23-11.40.37:063][  0]LogPakFile: PakFile FullDirectoryIndexSize=140
[2023.12.23-11.40.37:063][  0]LogShaderLibrary: Display: ShaderCodeLibraryPakFileMountedCallback: PakFile 'C:/Program Files/Epic Games/UE_4.27/FeaturePacks/TP_TopDown.upack' (chunk index -1, root 'root:/') mounted
[2023.12.23-11.40.37:063][  0]LogShaderLibrary: Display: ShaderCodeLibraryPakFileMountedCallback: pending pak file info (ChunkID:-1 Root:root:/ File:C:/Program Files/Epic Games/UE_4.27/FeaturePacks/TP_TopDown.upack)
[2023.12.23-11.40.37:063][  0]LogPakFile: OnPakFileMounted2Time == 0.000046
[2023.12.23-11.40.37:065][  0]LogPakFile: PakFile PrimaryIndexSize=185
[2023.12.23-11.40.37:065][  0]LogPakFile: PakFile PathHashIndexSize=101
[2023.12.23-11.40.37:065][  0]LogPakFile: PakFile FullDirectoryIndexSize=144
[2023.12.23-11.40.37:065][  0]LogShaderLibrary: Display: ShaderCodeLibraryPakFileMountedCallback: PakFile 'C:/Program Files/Epic Games/UE_4.27/FeaturePacks/TP_TopDownBP.upack' (chunk index -1, root 'root:/') mounted
[2023.12.23-11.40.37:065][  0]LogShaderLibrary: Display: ShaderCodeLibraryPakFileMountedCallback: pending pak file info (ChunkID:-1 Root:root:/ File:C:/Program Files/Epic Games/UE_4.27/FeaturePacks/TP_TopDownBP.upack)
[2023.12.23-11.40.37:065][  0]LogPakFile: OnPakFileMounted2Time == 0.000045
[2023.12.23-11.40.37:067][  0]LogPakFile: PakFile PrimaryIndexSize=185
[2023.12.23-11.40.37:067][  0]LogPakFile: PakFile PathHashIndexSize=101
[2023.12.23-11.40.37:067][  0]LogPakFile: PakFile FullDirectoryIndexSize=144
[2023.12.23-11.40.37:067][  0]LogShaderLibrary: Display: ShaderCodeLibraryPakFileMountedCallback: PakFile 'C:/Program Files/Epic Games/UE_4.27/FeaturePacks/TP_TwinStick.upack' (chunk index -1, root 'root:/') mounted
[2023.12.23-11.40.37:067][  0]LogShaderLibrary: Display: ShaderCodeLibraryPakFileMountedCallback: pending pak file info (ChunkID:-1 Root:root:/ File:C:/Program Files/Epic Games/UE_4.27/FeaturePacks/TP_TwinStick.upack)
[2023.12.23-11.40.37:067][  0]LogPakFile: OnPakFileMounted2Time == 0.000063
[2023.12.23-11.40.37:069][  0]LogPakFile: PakFile PrimaryIndexSize=187
[2023.12.23-11.40.37:069][  0]LogPakFile: PakFile PathHashIndexSize=101
[2023.12.23-11.40.37:069][  0]LogPakFile: PakFile FullDirectoryIndexSize=148
[2023.12.23-11.40.37:069][  0]LogShaderLibrary: Display: ShaderCodeLibraryPakFileMountedCallback: PakFile 'C:/Program Files/Epic Games/UE_4.27/FeaturePacks/TP_TwinStickBP.upack' (chunk index -1, root 'root:/') mounted
[2023.12.23-11.40.37:069][  0]LogShaderLibrary: Display: ShaderCodeLibraryPakFileMountedCallback: pending pak file info (ChunkID:-1 Root:root:/ File:C:/Program Files/Epic Games/UE_4.27/FeaturePacks/TP_TwinStickBP.upack)
[2023.12.23-11.40.37:069][  0]LogPakFile: OnPakFileMounted2Time == 0.000041
[2023.12.23-11.40.37:071][  0]LogPakFile: PakFile PrimaryIndexSize=183
[2023.12.23-11.40.37:071][  0]LogPakFile: PakFile PathHashIndexSize=101
[2023.12.23-11.40.37:071][  0]LogPakFile: PakFile FullDirectoryIndexSize=140
[2023.12.23-11.40.37:071][  0]LogShaderLibrary: Display: ShaderCodeLibraryPakFileMountedCallback: PakFile 'C:/Program Files/Epic Games/UE_4.27/FeaturePacks/TP_Vehicle.upack' (chunk index -1, root 'root:/') mounted
[2023.12.23-11.40.37:071][  0]LogShaderLibrary: Display: ShaderCodeLibraryPakFileMountedCallback: pending pak file info (ChunkID:-1 Root:root:/ File:C:/Program Files/Epic Games/UE_4.27/FeaturePacks/TP_Vehicle.upack)
[2023.12.23-11.40.37:071][  0]LogPakFile: OnPakFileMounted2Time == 0.000049
[2023.12.23-11.40.37:073][  0]LogPakFile: PakFile PrimaryIndexSize=186
[2023.12.23-11.40.37:073][  0]LogPakFile: PakFile PathHashIndexSize=101
[2023.12.23-11.40.37:073][  0]LogPakFile: PakFile FullDirectoryIndexSize=146
[2023.12.23-11.40.37:073][  0]LogShaderLibrary: Display: ShaderCodeLibraryPakFileMountedCallback: PakFile 'C:/Program Files/Epic Games/UE_4.27/FeaturePacks/TP_VehicleAdv.upack' (chunk index -1, root 'root:/') mounted
[2023.12.23-11.40.37:073][  0]LogShaderLibrary: Display: ShaderCodeLibraryPakFileMountedCallback: pending pak file info (ChunkID:-1 Root:root:/ File:C:/Program Files/Epic Games/UE_4.27/FeaturePacks/TP_VehicleAdv.upack)
[2023.12.23-11.40.37:073][  0]LogPakFile: OnPakFileMounted2Time == 0.000048
[2023.12.23-11.40.37:075][  0]LogPakFile: PakFile PrimaryIndexSize=188
[2023.12.23-11.40.37:075][  0]LogPakFile: PakFile PathHashIndexSize=101
[2023.12.23-11.40.37:075][  0]LogPakFile: PakFile FullDirectoryIndexSize=150
[2023.12.23-11.40.37:075][  0]LogShaderLibrary: Display: ShaderCodeLibraryPakFileMountedCallback: PakFile 'C:/Program Files/Epic Games/UE_4.27/FeaturePacks/TP_VehicleAdvBP.upack' (chunk index -1, root 'root:/') mounted
[2023.12.23-11.40.37:075][  0]LogShaderLibrary: Display: ShaderCodeLibraryPakFileMountedCallback: pending pak file info (ChunkID:-1 Root:root:/ File:C:/Program Files/Epic Games/UE_4.27/FeaturePacks/TP_VehicleAdvBP.upack)
[2023.12.23-11.40.37:075][  0]LogPakFile: OnPakFileMounted2Time == 0.000042
[2023.12.23-11.40.37:077][  0]LogPakFile: PakFile PrimaryIndexSize=185
[2023.12.23-11.40.37:077][  0]LogPakFile: PakFile PathHashIndexSize=101
[2023.12.23-11.40.37:077][  0]LogPakFile: PakFile FullDirectoryIndexSize=144
[2023.12.23-11.40.37:077][  0]LogShaderLibrary: Display: ShaderCodeLibraryPakFileMountedCallback: PakFile 'C:/Program Files/Epic Games/UE_4.27/FeaturePacks/TP_VehicleBP.upack' (chunk index -1, root 'root:/') mounted
[2023.12.23-11.40.37:077][  0]LogShaderLibrary: Display: ShaderCodeLibraryPakFileMountedCallback: pending pak file info (ChunkID:-1 Root:root:/ File:C:/Program Files/Epic Games/UE_4.27/FeaturePacks/TP_VehicleBP.upack)
[2023.12.23-11.40.37:077][  0]LogPakFile: OnPakFileMounted2Time == 0.000043
[2023.12.23-11.40.37:079][  0]LogPakFile: PakFile PrimaryIndexSize=192
[2023.12.23-11.40.37:079][  0]LogPakFile: PakFile PathHashIndexSize=101
[2023.12.23-11.40.37:079][  0]LogPakFile: PakFile FullDirectoryIndexSize=158
[2023.12.23-11.40.37:079][  0]LogShaderLibrary: Display: ShaderCodeLibraryPakFileMountedCallback: PakFile 'C:/Program Files/Epic Games/UE_4.27/FeaturePacks/TP_VirtualRealityBP.upack' (chunk index -1, root 'root:/') mounted
[2023.12.23-11.40.37:079][  0]LogShaderLibrary: Display: ShaderCodeLibraryPakFileMountedCallback: pending pak file info (ChunkID:-1 Root:root:/ File:C:/Program Files/Epic Games/UE_4.27/FeaturePacks/TP_VirtualRealityBP.upack)
[2023.12.23-11.40.37:079][  0]LogPakFile: OnPakFileMounted2Time == 0.000044
[2023.12.23-11.40.37:303][  0]LogNativeClassHierarchy: Verbose: Native class hierarchy updated for 'AddContentDialog' in 0.0003 seconds. Added 0 classes and 0 folders.
[2023.12.23-11.40.37:325][  0]LogSlate: Updating window title bar state: overlay mode, drag disabled, window buttons hidden, title bar hidden
[2023.12.23-11.40.37:332][  0]LogSlate: Updating window title bar state: overlay mode, drag disabled, window buttons hidden, title bar hidden
[2023.12.23-11.40.37:339][  0]LogSlate: Updating window title bar state: overlay mode, drag disabled, window buttons hidden, title bar hidden
[2023.12.23-11.40.37:346][  0]LogSlate: Updating window title bar state: overlay mode, drag disabled, window buttons hidden, title bar hidden
[2023.12.23-11.40.37:349][  0]LogNativeClassHierarchy: Verbose: Native class hierarchy updated for 'SceneOutliner' in 0.0004 seconds. Added 2 classes and 0 folders.
[2023.12.23-11.40.37:506][  0]LogSlate: The tab "MoviePipelineQueue" attempted to spawn in layout 'UnrealEd_Layout_v1.4' but failed for some reason. It will not be displayed.
[2023.12.23-11.40.37:623][  0]LogSlate: Took 0.001275 seconds to synchronously load lazily loaded font '../../../Engine/Content/Slate/Fonts/Roboto-Regular.ttf' (155K)
[2023.12.23-11.40.37:625][  0]LogSlate: Took 0.000935 seconds to synchronously load lazily loaded font '../../../Engine/Content/Editor/Slate/Fonts/FontAwesome.ttf' (139K)
[2023.12.23-11.40.37:627][  0]LogSlate: Took 0.001002 seconds to synchronously load lazily loaded font '../../../Engine/Content/Slate/Fonts/Roboto-Bold.ttf' (160K)
[2023.12.23-11.40.37:689][  0]LogRenderer: Reallocating scene render targets to support 1400x924 Format 10 NumSamples 1 (Frame:1).
[2023.12.23-11.40.37:788][  0]LogNativeClassHierarchy: Verbose: Native class hierarchy updated for 'HierarchicalLODOutliner' in 0.0003 seconds. Added 0 classes and 0 folders.
[2023.12.23-11.40.37:788][  0]LogLoad: (Engine Initialization) Total time: 16.82 seconds
[2023.12.23-11.40.37:788][  0]LogLoad: (Engine Initialization) Total Blueprint compile time: 0.00 seconds
[2023.12.23-11.40.37:839][  0]LogAssetRegistry: Asset discovery search completed in 6.9266 seconds
[2023.12.23-11.40.37:851][  0]LogCollectionManager: Fixed up redirectors for 0 collections in 0.000004 seconds (updated 0 objects)
[2023.12.23-11.40.37:853][  0]LogContentStreaming: Texture pool size now 1000 MB
[2023.12.23-11.40.38:811][ 74]LogSlate: Took 0.001533 seconds to synchronously load lazily loaded font '../../../Engine/Content/Slate/Fonts/Roboto-Light.ttf' (167K)
[2023.12.23-11.46.36:461][438]LogAssetEditorSubsystem: Opening Asset editor for LevelSequence /Game/ScanLine/Maps/NewLevelSequence.NewLevelSequence
[2023.12.23-11.46.36:538][438]LogSlate: Took 0.001148 seconds to synchronously load lazily loaded font '../../../Engine/Content/Slate/Fonts/Roboto-Italic.ttf' (157K)
[2023.12.23-11.46.43:593][140]LogSlate: Window 'Plugins' being destroyed
[2023.12.23-11.46.43:598][140]LogDirectoryWatcher: A directory notification for '../../../Engine/Plugins/' was aborted.
[2023.12.23-11.46.45:512][349]LogUObjectHash: Compacting FUObjectHashTables data took   0.92ms
[2023.12.23-11.46.46:517][349]LogSlate: Window 'Save Content' being destroyed
[2023.12.23-11.46.46:545][349]Cmd: OBJ SAVEPACKAGE PACKAGE="/Game/ScanLine/Maps/NewLevelSequence" FILE="D:/UE4 Projects/ScanLine/Content/ScanLine/Maps/NewLevelSequence.uasset" SILENT=true
[2023.12.23-11.46.46:552][349]LogSavePackage: Moving 'D:/UE4 Projects/ScanLine/Saved/NewLevelSequence943FC9BC49448BC5F687D3BF82EFE443.tmp' to 'D:/UE4 Projects/ScanLine/Content/ScanLine/Maps/NewLevelSequence.uasset'
[2023.12.23-11.46.47:245][349]LogAssetEditorSubsystem: Opening Asset editor for World /Game/ScanLine/Maps/NewWorld.NewWorld
[2023.12.23-11.46.47:245][349]Cmd: MAP LOAD FILE="D:/UE4 Projects/ScanLine/Content/ScanLine/Maps/NewWorld.umap" TEMPLATE=0 SHOWPROGRESS=1 FEATURELEVEL=3
[2023.12.23-11.46.47:245][349]LightingResults: New page: Lighting Build
[2023.12.23-11.46.47:247][349]LogNativeClassHierarchy: Verbose: Native class hierarchy updated for 'StatsViewer' in 0.0003 seconds. Added 6 classes and 0 folders.
[2023.12.23-11.46.47:248][349]LoadErrors: New page: Loading map: NewWorld.umap
[2023.12.23-11.46.47:291][349]LogWorld: UWorld::CleanupWorld for Untitled, bSessionEnded=true, bCleanupResources=true
[2023.12.23-11.46.47:292][349]LogSlate: InvalidateAllWidgets triggered.  All widgets were invalidated
[2023.12.23-11.46.47:292][349]MapCheck: New page: Map Check
[2023.12.23-11.46.47:292][349]LightingResults: New page: Lighting Build
[2023.12.23-11.46.47:297][349]LogAudio: Display: Audio Device unregistered from world 'None'.
[2023.12.23-11.46.47:299][349]LogUObjectHash: Compacting FUObjectHashTables data took   0.86ms
[2023.12.23-11.46.47:299][349]LogAudio: Display: Audio Device (ID: 1) registered with world 'NewWorld'.
[2023.12.23-11.46.47:302][349]LogEditorServer: Finished looking for orphan Actors (0.000 secs)
[2023.12.23-11.46.47:302][349]LogAIModule: Creating AISystem for world NewWorld
[2023.12.23-11.46.47:309][349]LogUObjectHash: Compacting FUObjectHashTables data took   0.74ms
[2023.12.23-11.46.47:323][349]Cmd: MAP CHECKDEP NOCLEARLOG
[2023.12.23-11.46.47:323][349]MapCheck: Map check complete: 0 Error(s), 0 Warning(s), took 0.112ms to complete.
[2023.12.23-11.46.47:323][349]LogFileHelpers: Loading map 'NewWorld' took 0.077
[2023.12.23-11.46.47:349][349]AssetCheck: New page: Asset Save: NewLevelSequence
[2023.12.23-11.46.47:349][349]LogContentValidation: Display: Validating LevelSequence /Game/ScanLine/Maps/NewLevelSequence.NewLevelSequence
[2023.12.23-11.46.51:615][819]LogAssetEditorSubsystem: Opening Asset editor for LevelSequence /Game/ScanLine/Maps/NewLevelSequence.NewLevelSequence
[2023.12.23-11.47.05:226][948]EditorErrors: New page: Actor attachment
[2023.12.23-11.47.27:198][640]Cmd: OBJ SAVEPACKAGE PACKAGE="/Game/ScanLine/Maps/NewLevelSequence" FILE="D:/UE4 Projects/ScanLine/Content/ScanLine/Maps/NewLevelSequence.uasset" SILENT=true
[2023.12.23-11.47.27:203][640]LogSavePackage: Moving 'D:/UE4 Projects/ScanLine/Saved/NewLevelSequenceF41DAA1E4D84646F4B506597B99B38B5.tmp' to 'D:/UE4 Projects/ScanLine/Content/ScanLine/Maps/NewLevelSequence.uasset'
[2023.12.23-11.47.27:226][640]AssetCheck: New page: Asset Save: NewLevelSequence
[2023.12.23-11.47.27:226][640]LogContentValidation: Display: Validating LevelSequence /Game/ScanLine/Maps/NewLevelSequence.NewLevelSequence
[2023.12.23-11.47.27:635][675]LogSlate: Took 0.008828 seconds to synchronously load lazily loaded font '../../../Engine/Content/Slate/Fonts/Roboto-BoldCondensed.ttf' (158K)
[2023.12.23-11.49.22:345][903]Cmd: OBJ SAVEPACKAGE PACKAGE="/Game/ScanLine/Maps/NewLevelSequence" FILE="D:/UE4 Projects/ScanLine/Content/ScanLine/Maps/NewLevelSequence.uasset" SILENT=true
[2023.12.23-11.49.22:354][903]LogSavePackage: Moving 'D:/UE4 Projects/ScanLine/Saved/NewLevelSequence6EBB6A9D41BDAA4BB3D8B796692194EB.tmp' to 'D:/UE4 Projects/ScanLine/Content/ScanLine/Maps/NewLevelSequence.uasset'
[2023.12.23-11.49.22:365][903]AssetCheck: New page: Asset Save: NewLevelSequence
[2023.12.23-11.49.22:365][903]LogContentValidation: Display: Validating LevelSequence /Game/ScanLine/Maps/NewLevelSequence.NewLevelSequence
