Log file open, 11/05/23 13:25:46
LogWindows: Failed to load 'aqProf.dll' (GetLastError=126)
LogWindows: File 'aqProf.dll' does not exist
LogWindows: Failed to load 'VtuneApi.dll' (GetLastError=126)
LogWindows: File 'VtuneApi.dll' does not exist
LogWindows: Failed to load 'VtuneApi32e.dll' (GetLastError=126)
LogWindows: File 'VtuneApi32e.dll' does not exist
LogConsoleResponse: Display: Failed to find resolution value strings in scalability ini. Falling back to default.
LogConsoleResponse: Display: Failed to find resolution value strings in scalability ini. Falling back to default.
LogInit: Display: Running engine for game: HologramUE
LogPlatformFile: Not using cached read wrapper
LogTaskGraph: Started task graph with 5 named threads and 35 total threads with 3 sets of task threads.
LogStats: Stats thread started at 0.347517
LogICUInternationalization: ICU TimeZone Detection - Raw Offset: +1:00, Platform Override: ''
LogInit: Display: Loading text-based GConfig....
LogPluginManager: Mounting plugin MeshPainting
LogPluginManager: Mounting plugin XGEController
LogPluginManager: Mounting plugin Paper2D
LogPluginManager: Mounting plugin AISupport
LogPluginManager: Mounting plugin EnvironmentQueryEditor
LogPluginManager: Mounting plugin LiveLink
LogPluginManager: Mounting plugin CameraShakePreviewer
LogPluginManager: Mounting plugin LightPropagationVolume
LogPluginManager: Mounting plugin OodleData
LogPluginManager: Mounting plugin GameplayCameras
LogPluginManager: Mounting plugin OodleNetwork
LogPluginManager: Mounting plugin CodeLiteSourceCodeAccess
LogPluginManager: Mounting plugin GitSourceControl
LogPluginManager: Mounting plugin CLionSourceCodeAccess
LogPluginManager: Mounting plugin AnimationSharing
LogPluginManager: Mounting plugin KDevelopSourceCodeAccess
LogPluginManager: Mounting plugin PlasticSourceControl
LogPluginManager: Mounting plugin NullSourceCodeAccess
LogPluginManager: Mounting plugin PerforceSourceControl
LogPluginManager: Mounting plugin PixWinPlugin
LogPluginManager: Mounting plugin PluginUtils
LogPluginManager: Mounting plugin SubversionSourceControl
LogPluginManager: Mounting plugin TextureFormatOodle
LogPluginManager: Mounting plugin UObjectPlugin
LogPluginManager: Mounting plugin VisualStudioSourceCodeAccess
LogPluginManager: Mounting plugin VisualStudioCodeSourceCodeAccess
LogPluginManager: Mounting plugin XCodeSourceCodeAccess
LogPluginManager: Mounting plugin PropertyAccessNode
LogPluginManager: Mounting plugin CryptoKeys
LogPluginManager: Mounting plugin AssetManagerEditor
LogPluginManager: Mounting plugin CurveEditorTools
LogPluginManager: Mounting plugin FacialAnimation
LogPluginManager: Mounting plugin DataValidation
LogPluginManager: Mounting plugin GeometryMode
LogPluginManager: Mounting plugin MacGraphicsSwitching
LogPluginManager: Mounting plugin GameplayTagsEditor
LogPluginManager: Mounting plugin MaterialAnalyzer
LogPluginManager: Mounting plugin MobileLauncherProfileWizard
LogPluginManager: Mounting plugin SpeedTreeImporter
LogPluginManager: Mounting plugin DatasmithContent
LogPluginManager: Mounting plugin Niagara
LogPluginManager: Mounting plugin PluginBrowser
LogPluginManager: Mounting plugin VariantManagerContent
LogPluginManager: Mounting plugin AlembicImporter
LogPluginManager: Mounting plugin AutomationUtils
LogPluginManager: Mounting plugin BackChannel
LogPluginManager: Mounting plugin ChaosCloth
LogPluginManager: Mounting plugin ChaosClothEditor
LogPluginManager: Mounting plugin ChaosEditor
LogPluginManager: Mounting plugin ChaosSolverPlugin
LogPluginManager: Mounting plugin CharacterAI
LogPluginManager: Mounting plugin ChaosNiagara
LogPluginManager: Mounting plugin RiderSourceCodeAccess
LogPluginManager: Mounting plugin GeometryCache
LogPluginManager: Mounting plugin GeometryCollectionPlugin
LogPluginManager: Mounting plugin GeometryProcessing
LogPluginManager: Mounting plugin MotoSynth
LogPluginManager: Mounting plugin OpenImageDenoise
LogPluginManager: Mounting plugin PlatformCrypto
LogPluginManager: Mounting plugin ProxyLODPlugin
LogPluginManager: Mounting plugin PlanarCut
LogPluginManager: Mounting plugin PythonScriptPlugin
LogPluginManager: Mounting plugin SkeletalReduction
LogPluginManager: Mounting plugin MagicLeap
LogPluginManager: Mounting plugin MagicLeapLightEstimation
LogPluginManager: Mounting plugin MagicLeapMedia
LogPluginManager: Mounting plugin LuminPlatformFeatures
LogPluginManager: Mounting plugin MagicLeapPassableWorld
LogPluginManager: Mounting plugin MLSDK
LogPluginManager: Mounting plugin AndroidMedia
LogPluginManager: Mounting plugin AvfMedia
LogPluginManager: Mounting plugin ImgMedia
LogPluginManager: Mounting plugin MediaCompositing
LogPluginManager: Mounting plugin MediaPlayerEditor
LogPluginManager: Mounting plugin WebMMedia
LogPluginManager: Mounting plugin ActorSequence
LogPluginManager: Mounting plugin WmfMedia
LogPluginManager: Mounting plugin LevelSequenceEditor
LogPluginManager: Mounting plugin TemplateSequence
LogPluginManager: Mounting plugin MatineeToLevelSequence
LogPluginManager: Mounting plugin TcpMessaging
LogPluginManager: Mounting plugin UdpMessaging
LogPluginManager: Mounting plugin LauncherChunkInstaller
LogPluginManager: Mounting plugin OnlineSubsystem
LogPluginManager: Mounting plugin OnlineSubsystemNull
LogPluginManager: Mounting plugin OnlineSubsystemUtils
LogPluginManager: Mounting plugin ActorLayerUtilities
LogPluginManager: Mounting plugin AndroidDeviceProfileSelector
LogPluginManager: Mounting plugin AndroidMoviePlayer
LogPluginManager: Mounting plugin AndroidPermission
LogPluginManager: Mounting plugin AppleImageUtils
LogPluginManager: Mounting plugin AppleMoviePlayer
LogPluginManager: Mounting plugin ArchVisCharacter
LogPluginManager: Mounting plugin AssetTags
LogPluginManager: Mounting plugin AudioCapture
LogPluginManager: Mounting plugin ChunkDownloader
LogPluginManager: Mounting plugin AudioSynesthesia
LogPluginManager: Mounting plugin CableComponent
LogPluginManager: Mounting plugin CustomMeshComponent
LogPluginManager: Mounting plugin EditableMesh
LogPluginManager: Mounting plugin ExampleDeviceProfileSelector
LogPluginManager: Mounting plugin GoogleCloudMessaging
LogPluginManager: Mounting plugin GooglePAD
LogPluginManager: Mounting plugin LinuxDeviceProfileSelector
LogPluginManager: Mounting plugin IOSDeviceProfileSelector
LogPluginManager: Mounting plugin LocationServicesBPLibrary
LogPluginManager: Mounting plugin OpenXR
LogPluginManager: Mounting plugin OpenXREyeTracker
LogPluginManager: Mounting plugin OpenXRHandTracking
LogPluginManager: Mounting plugin MobilePatchingUtils
LogPluginManager: Mounting plugin PostSplashScreen
LogPluginManager: Mounting plugin ProceduralMeshComponent
LogPluginManager: Mounting plugin PhysXVehicles
LogPluginManager: Mounting plugin RuntimePhysXCooking
LogPluginManager: Mounting plugin SoundFields
LogPluginManager: Mounting plugin PropertyAccessEditor
LogPluginManager: Mounting plugin Synthesis
LogPluginManager: Mounting plugin WebMMoviePlayer
LogPluginManager: Mounting plugin SignificanceManager
LogPluginManager: Mounting plugin WindowsMoviePlayer
LogPluginManager: Mounting plugin ScreenshotTools
LogPluginManager: Mounting plugin Takes
LogPluginManager: Mounting plugin ContentBrowserAssetDataSource
LogPluginManager: Mounting plugin ContentBrowserClassDataSource
LogPluginManager: Mounting plugin ContentBrowserFileDataSource
LogPluginManager: Mounting plugin OnlineSubsystemGooglePlay
LogPluginManager: Mounting plugin OnlineSubsystemIOS
LogPluginManager: Mounting plugin OculusVR
LogPluginManager: Mounting plugin SteamVR
PixWinPlugin: PIX capture plugin failed to initialize! Check that the process is launched from PIX.
LogInit: Using libcurl 7.55.1-DEV
LogInit:  - built for x86_64-pc-win32
LogInit:  - supports SSL with OpenSSL/1.1.1
LogInit:  - supports HTTP deflate (compression) using libz 1.2.8
LogInit:  - other features:
LogInit:      CURL_VERSION_SSL
LogInit:      CURL_VERSION_LIBZ
LogInit:      CURL_VERSION_IPV6
LogInit:      CURL_VERSION_ASYNCHDNS
LogInit:      CURL_VERSION_LARGEFILE
LogInit:      CURL_VERSION_IDN
LogInit:  CurlRequestOptions (configurable via config and command line):
LogInit:  - bVerifyPeer = true  - Libcurl will verify peer certificate
LogInit:  - bUseHttpProxy = false  - Libcurl will NOT use HTTP proxy
LogInit:  - bDontReuseConnections = false  - Libcurl will reuse connections
LogInit:  - MaxHostConnections = 16  - Libcurl will limit the number of connections to a host
LogInit:  - LocalHostAddr = Default
LogInit:  - BufferSize = 65536
LogOnline: OSS: Creating online subsystem instance for: NULL
LogInit: WinSock: version 1.1 (2.2), MaxSocks=32767, MaxUdp=65467
LogOnline: OSS: TryLoadSubsystemAndSetDefault: Loaded subsystem for module [NULL]
LogOculusPluginWrapper: OculusPlugin initialized successfully
LogHMD: Failed initializing OVRPlugin 1.59.0
LogInit: Build: ++UE4+Release-4.27-CL-18319896
LogInit: Engine Version: 4.27.2-18319896+++UE4+Release-4.27
LogInit: Compatible Engine Version: 4.27.0-17155196+++UE4+Release-4.27
LogInit: Net CL: 17155196
LogInit: OS: Windows 10 (Release 2009) (), CPU: AMD Ryzen 5 1600 Six-Core Processor            , GPU: NVIDIA GeForce GTX 1070
LogInit: Compiled (64-bit): Nov 30 2021 07:12:08
LogInit: Compiled with Visual C++: 19.24.28315.00
LogInit: Build Configuration: Development
LogInit: Branch Name: ++UE4+Release-4.27
LogInit: Command Line: 
LogInit: Base Directory: C:/Program Files/Epic Games/UE_4.27/Engine/Binaries/Win64/
LogInit: Allocator: TBB
LogInit: Installed Engine Build: 1
LogDevObjectVersion: Number of dev versions registered: 29
LogDevObjectVersion:   Dev-Blueprints (B0D832E4-1F89-4F0D-ACCF-7EB736FD4AA2): 10
LogDevObjectVersion:   Dev-Build (E1C64328-A22C-4D53-A36C-8E866417BD8C): 0
LogDevObjectVersion:   Dev-Core (375EC13C-06E4-48FB-B500-84F0262A717E): 4
LogDevObjectVersion:   Dev-Editor (E4B068ED-F494-42E9-A231-DA0B2E46BB41): 40
LogDevObjectVersion:   Dev-Framework (CFFC743F-43B0-4480-9391-14DF171D2073): 37
LogDevObjectVersion:   Dev-Mobile (B02B49B5-BB20-44E9-A304-32B752E40360): 3
LogDevObjectVersion:   Dev-Networking (A4E4105C-59A1-49B5-A7C5-40C4547EDFEE): 0
LogDevObjectVersion:   Dev-Online (39C831C9-5AE6-47DC-9A44-9C173E1C8E7C): 0
LogDevObjectVersion:   Dev-Physics (78F01B33-EBEA-4F98-B9B4-84EACCB95AA2): 14
LogDevObjectVersion:   Dev-Platform (6631380F-2D4D-43E0-8009-CF276956A95A): 0
LogDevObjectVersion:   Dev-Rendering (12F88B9F-8875-4AFC-A67C-D90C383ABD29): 45
LogDevObjectVersion:   Dev-Sequencer (7B5AE74C-D270-4C10-A958-57980B212A5A): 13
LogDevObjectVersion:   Dev-VR (D7296918-1DD6-4BDD-9DE2-64A83CC13884): 3
LogDevObjectVersion:   Dev-LoadTimes (C2A15278-BFE7-4AFE-6C17-90FF531DF755): 1
LogDevObjectVersion:   Private-Geometry (6EACA3D4-40EC-4CC1-B786-8BED09428FC5): 3
LogDevObjectVersion:   Dev-AnimPhys (29E575DD-E0A3-4627-9D10-D276232CDCEA): 17
LogDevObjectVersion:   Dev-Anim (AF43A65D-7FD3-4947-9873-3E8ED9C1BB05): 15
LogDevObjectVersion:   Dev-ReflectionCapture (6B266CEC-1EC7-4B8F-A30B-E4D90942FC07): 1
LogDevObjectVersion:   Dev-Automation (0DF73D61-A23F-47EA-B727-89E90C41499A): 1
LogDevObjectVersion:   FortniteMain (601D1886-AC64-4F84-AA16-D3DE0DEAC7D6): 47
LogDevObjectVersion:   FortniteRelease (E7086368-6B23-4C58-8439-1B7016265E91): 1
LogDevObjectVersion:   Dev-Enterprise (9DFFBCD6-494F-0158-E221-12823C92A888): 10
LogDevObjectVersion:   Dev-Niagara (F2AED0AC-9AFE-416F-8664-AA7FFA26D6FC): 1
LogDevObjectVersion:   Dev-Destruction (174F1F0B-B4C6-45A5-B13F-2EE8D0FB917D): 10
LogDevObjectVersion:   Dev-Physics-Ext (35F94A83-E258-406C-A318-09F59610247C): 41
LogDevObjectVersion:   Dev-PhysicsMaterial-Chaos (B68FC16E-8B1B-42E2-B453-215C058844FE): 1
LogDevObjectVersion:   Dev-CineCamera (B2E18506-4273-CFC2-A54E-F4BB758BBA07): 1
LogDevObjectVersion:   Dev-VirtualProduction (64F58936-FD1B-42BA-BA96-7289D5D0FA4E): 1
LogDevObjectVersion:   Dev-MediaFramework (6F0ED827-A609-4895-9C91-998D90180EA4): 2
LogInit: Presizing for max 25165824 objects, including 0 objects not considered by GC, pre-allocating 0 bytes for permanent pool.
LogConfig: Applying CVar settings from Section [/Script/Engine.StreamingSettings] File [D:/UE4 Projects/HologramUE/Saved/Config/Windows/Engine.ini]
LogConfig: Setting CVar [[s.MinBulkDataSizeForAsyncLoading:131072]]
LogConfig: Setting CVar [[s.AsyncLoadingThreadEnabled:0]]
LogConfig: Setting CVar [[s.EventDrivenLoaderEnabled:1]]
LogConfig: Setting CVar [[s.WarnIfTimeLimitExceeded:0]]
LogConfig: Setting CVar [[s.TimeLimitExceededMultiplier:1.5]]
LogConfig: Setting CVar [[s.TimeLimitExceededMinTime:0.005]]
LogConfig: Setting CVar [[s.UseBackgroundLevelStreaming:1]]
LogConfig: Setting CVar [[s.PriorityAsyncLoadingExtraTime:15.0]]
LogConfig: Setting CVar [[s.LevelStreamingActorsUpdateTimeLimit:5.0]]
LogConfig: Setting CVar [[s.PriorityLevelStreamingActorsUpdateExtraTime:5.0]]
LogConfig: Setting CVar [[s.LevelStreamingComponentsRegistrationGranularity:10]]
LogConfig: Setting CVar [[s.UnregisterComponentsTimeLimit:1.0]]
LogConfig: Setting CVar [[s.LevelStreamingComponentsUnregistrationGranularity:5]]
LogConfig: Setting CVar [[s.FlushStreamingOnExit:1]]
LogInit: Object subsystem initialized
LogConfig: Setting CVar [[con.DebugEarlyDefault:1]]
LogConfig: Setting CVar [[r.setres:1280x720]]
[2023.11.05-12.25.47:913][  0]LogConfig: Setting CVar [[r.VSync:0]]
[2023.11.05-12.25.47:913][  0]LogConfig: Setting CVar [[r.RHICmdBypass:0]]
[2023.11.05-12.25.47:913][  0]LogConfig: Applying CVar settings from Section [/Script/Engine.RendererSettings] File [D:/UE4 Projects/HologramUE/Saved/Config/Windows/Engine.ini]
[2023.11.05-12.25.47:913][  0]LogConfig: Setting CVar [[r.GPUCrashDebugging:0]]
[2023.11.05-12.25.47:913][  0]LogConfig: Applying CVar settings from Section [/Script/Engine.RendererOverrideSettings] File [D:/UE4 Projects/HologramUE/Saved/Config/Windows/Engine.ini]
[2023.11.05-12.25.47:913][  0]LogConfig: Applying CVar settings from Section [/Script/Engine.StreamingSettings] File [D:/UE4 Projects/HologramUE/Saved/Config/Windows/Engine.ini]
[2023.11.05-12.25.47:913][  0]LogConfig: Setting CVar [[s.MinBulkDataSizeForAsyncLoading:131072]]
[2023.11.05-12.25.47:913][  0]LogConfig: Setting CVar [[s.AsyncLoadingThreadEnabled:0]]
[2023.11.05-12.25.47:913][  0]LogConfig: Setting CVar [[s.EventDrivenLoaderEnabled:1]]
[2023.11.05-12.25.47:913][  0]LogConfig: Setting CVar [[s.WarnIfTimeLimitExceeded:0]]
[2023.11.05-12.25.47:913][  0]LogConfig: Setting CVar [[s.TimeLimitExceededMultiplier:1.5]]
[2023.11.05-12.25.47:913][  0]LogConfig: Setting CVar [[s.TimeLimitExceededMinTime:0.005]]
[2023.11.05-12.25.47:913][  0]LogConfig: Setting CVar [[s.UseBackgroundLevelStreaming:1]]
[2023.11.05-12.25.47:913][  0]LogConfig: Setting CVar [[s.PriorityAsyncLoadingExtraTime:15.0]]
[2023.11.05-12.25.47:913][  0]LogConfig: Setting CVar [[s.LevelStreamingActorsUpdateTimeLimit:5.0]]
[2023.11.05-12.25.47:913][  0]LogConfig: Setting CVar [[s.PriorityLevelStreamingActorsUpdateExtraTime:5.0]]
[2023.11.05-12.25.47:913][  0]LogConfig: Setting CVar [[s.LevelStreamingComponentsRegistrationGranularity:10]]
[2023.11.05-12.25.47:913][  0]LogConfig: Setting CVar [[s.UnregisterComponentsTimeLimit:1.0]]
[2023.11.05-12.25.47:913][  0]LogConfig: Setting CVar [[s.LevelStreamingComponentsUnregistrationGranularity:5]]
[2023.11.05-12.25.47:913][  0]LogConfig: Setting CVar [[s.FlushStreamingOnExit:1]]
[2023.11.05-12.25.47:913][  0]LogConfig: Applying CVar settings from Section [/Script/Engine.GarbageCollectionSettings] File [D:/UE4 Projects/HologramUE/Saved/Config/Windows/Engine.ini]
[2023.11.05-12.25.47:913][  0]LogConfig: Setting CVar [[gc.MaxObjectsNotConsideredByGC:1]]
[2023.11.05-12.25.47:913][  0]LogConfig: Setting CVar [[gc.SizeOfPermanentObjectPool:0]]
[2023.11.05-12.25.47:913][  0]LogConfig: Setting CVar [[gc.FlushStreamingOnGC:0]]
[2023.11.05-12.25.47:913][  0]LogConfig: Setting CVar [[gc.NumRetriesBeforeForcingGC:10]]
[2023.11.05-12.25.47:913][  0]LogConfig: Setting CVar [[gc.AllowParallelGC:1]]
[2023.11.05-12.25.47:913][  0]LogConfig: Setting CVar [[gc.TimeBetweenPurgingPendingKillObjects:61.1]]
[2023.11.05-12.25.47:913][  0]LogConfig: Setting CVar [[gc.MaxObjectsInEditor:25165824]]
[2023.11.05-12.25.47:913][  0]LogConfig: Setting CVar [[gc.IncrementalBeginDestroyEnabled:1]]
[2023.11.05-12.25.47:913][  0]LogConfig: Setting CVar [[gc.CreateGCClusters:1]]
[2023.11.05-12.25.47:913][  0]LogConfig: Setting CVar [[gc.MinGCClusterSize:5]]
[2023.11.05-12.25.47:913][  0]LogConfig: Setting CVar [[gc.ActorClusteringEnabled:0]]
[2023.11.05-12.25.47:913][  0]LogConfig: Setting CVar [[gc.BlueprintClusteringEnabled:0]]
[2023.11.05-12.25.47:913][  0]LogConfig: Setting CVar [[gc.UseDisregardForGCOnDedicatedServers:0]]
[2023.11.05-12.25.47:913][  0]LogConfig: Setting CVar [[gc.MultithreadedDestructionEnabled:1]]
[2023.11.05-12.25.47:913][  0]LogConfig: Applying CVar settings from Section [/Script/Engine.NetworkSettings] File [D:/UE4 Projects/HologramUE/Saved/Config/Windows/Engine.ini]
[2023.11.05-12.25.47:913][  0]LogConfig: Applying CVar settings from Section [/Script/UnrealEd.CookerSettings] File [D:/UE4 Projects/HologramUE/Saved/Config/Windows/Engine.ini]
[2023.11.05-12.25.47:937][  0]LogConfig: Applying CVar settings from Section [ViewDistanceQuality@3] File [D:/UE4 Projects/HologramUE/Saved/Config/Windows/Scalability.ini]
[2023.11.05-12.25.47:938][  0]LogConfig: Setting CVar [[r.SkeletalMeshLODBias:0]]
[2023.11.05-12.25.47:938][  0]LogConfig: Setting CVar [[r.ViewDistanceScale:1.0]]
[2023.11.05-12.25.47:938][  0]LogConfig: Applying CVar settings from Section [AntiAliasingQuality@3] File [D:/UE4 Projects/HologramUE/Saved/Config/Windows/Scalability.ini]
[2023.11.05-12.25.47:938][  0]LogConfig: Setting CVar [[r.PostProcessAAQuality:4]]
[2023.11.05-12.25.47:938][  0]LogConfig: Applying CVar settings from Section [ShadowQuality@3] File [D:/UE4 Projects/HologramUE/Saved/Config/Windows/Scalability.ini]
[2023.11.05-12.25.47:938][  0]LogConfig: Setting CVar [[r.LightFunctionQuality:1]]
[2023.11.05-12.25.47:938][  0]LogConfig: Setting CVar [[r.ShadowQuality:5]]
[2023.11.05-12.25.47:938][  0]LogConfig: Setting CVar [[r.Shadow.CSM.MaxCascades:10]]
[2023.11.05-12.25.47:938][  0]LogConfig: Setting CVar [[r.Shadow.MaxResolution:2048]]
[2023.11.05-12.25.47:938][  0]LogConfig: Setting CVar [[r.Shadow.MaxCSMResolution:2048]]
[2023.11.05-12.25.47:938][  0]LogConfig: Setting CVar [[r.Shadow.RadiusThreshold:0.01]]
[2023.11.05-12.25.47:938][  0]LogConfig: Setting CVar [[r.Shadow.DistanceScale:1.0]]
[2023.11.05-12.25.47:938][  0]LogConfig: Setting CVar [[r.Shadow.CSM.TransitionScale:1.0]]
[2023.11.05-12.25.47:938][  0]LogConfig: Setting CVar [[r.Shadow.PreShadowResolutionFactor:1.0]]
[2023.11.05-12.25.47:938][  0]LogConfig: Setting CVar [[r.DistanceFieldShadowing:1]]
[2023.11.05-12.25.47:938][  0]LogConfig: Setting CVar [[r.DistanceFieldAO:1]]
[2023.11.05-12.25.47:938][  0]LogConfig: Setting CVar [[r.AOQuality:2]]
[2023.11.05-12.25.47:938][  0]LogConfig: Setting CVar [[r.VolumetricFog:1]]
[2023.11.05-12.25.47:938][  0]LogConfig: Setting CVar [[r.VolumetricFog.GridPixelSize:8]]
[2023.11.05-12.25.47:938][  0]LogConfig: Setting CVar [[r.VolumetricFog.GridSizeZ:128]]
[2023.11.05-12.25.47:938][  0]LogConfig: Setting CVar [[r.VolumetricFog.HistoryMissSupersampleCount:4]]
[2023.11.05-12.25.47:938][  0]LogConfig: Setting CVar [[r.LightMaxDrawDistanceScale:1]]
[2023.11.05-12.25.47:938][  0]LogConfig: Setting CVar [[r.CapsuleShadows:1]]
[2023.11.05-12.25.47:938][  0]LogConfig: Applying CVar settings from Section [PostProcessQuality@3] File [D:/UE4 Projects/HologramUE/Saved/Config/Windows/Scalability.ini]
[2023.11.05-12.25.47:938][  0]LogConfig: Setting CVar [[r.MotionBlurQuality:4]]
[2023.11.05-12.25.47:938][  0]LogConfig: Setting CVar [[r.AmbientOcclusionMipLevelFactor:0.4]]
[2023.11.05-12.25.47:938][  0]LogConfig: Setting CVar [[r.AmbientOcclusionMaxQuality:100]]
[2023.11.05-12.25.47:938][  0]LogConfig: Setting CVar [[r.AmbientOcclusionLevels:-1]]
[2023.11.05-12.25.47:938][  0]LogConfig: Setting CVar [[r.AmbientOcclusionRadiusScale:1.0]]
[2023.11.05-12.25.47:938][  0]LogConfig: Setting CVar [[r.DepthOfFieldQuality:2]]
[2023.11.05-12.25.47:938][  0]LogConfig: Setting CVar [[r.RenderTargetPoolMin:400]]
[2023.11.05-12.25.47:938][  0]LogConfig: Setting CVar [[r.LensFlareQuality:2]]
[2023.11.05-12.25.47:938][  0]LogConfig: Setting CVar [[r.SceneColorFringeQuality:1]]
[2023.11.05-12.25.47:938][  0]LogConfig: Setting CVar [[r.EyeAdaptationQuality:2]]
[2023.11.05-12.25.47:938][  0]LogConfig: Setting CVar [[r.BloomQuality:5]]
[2023.11.05-12.25.47:938][  0]LogConfig: Setting CVar [[r.FastBlurThreshold:100]]
[2023.11.05-12.25.47:938][  0]LogConfig: Setting CVar [[r.Upscale.Quality:3]]
[2023.11.05-12.25.47:938][  0]LogConfig: Setting CVar [[r.Tonemapper.GrainQuantization:1]]
[2023.11.05-12.25.47:938][  0]LogConfig: Setting CVar [[r.LightShaftQuality:1]]
[2023.11.05-12.25.47:938][  0]LogConfig: Setting CVar [[r.Filter.SizeScale:1]]
[2023.11.05-12.25.47:938][  0]LogConfig: Setting CVar [[r.Tonemapper.Quality:5]]
[2023.11.05-12.25.47:938][  0]LogConfig: Setting CVar [[r.DOF.Gather.AccumulatorQuality:1        ; higher gathering accumulator quality]]
[2023.11.05-12.25.47:938][  0]LogConfig: Setting CVar [[r.DOF.Gather.PostfilterMethod:1          ; Median3x3 postfilering method]]
[2023.11.05-12.25.47:938][  0]LogConfig: Setting CVar [[r.DOF.Gather.EnableBokehSettings:0       ; no bokeh simulation when gathering]]
[2023.11.05-12.25.47:938][  0]LogConfig: Setting CVar [[r.DOF.Gather.RingCount:4                 ; medium number of samples when gathering]]
[2023.11.05-12.25.47:938][  0]LogConfig: Setting CVar [[r.DOF.Scatter.ForegroundCompositing:1    ; additive foreground scattering]]
[2023.11.05-12.25.47:938][  0]LogConfig: Setting CVar [[r.DOF.Scatter.BackgroundCompositing:2    ; additive background scattering]]
[2023.11.05-12.25.47:938][  0]LogConfig: Setting CVar [[r.DOF.Scatter.EnableBokehSettings:1      ; bokeh simulation when scattering]]
[2023.11.05-12.25.47:938][  0]LogConfig: Setting CVar [[r.DOF.Scatter.MaxSpriteRatio:0.1         ; only a maximum of 10% of scattered bokeh]]
[2023.11.05-12.25.47:938][  0]LogConfig: Setting CVar [[r.DOF.Recombine.Quality:1                ; cheap slight out of focus]]
[2023.11.05-12.25.47:938][  0]LogConfig: Setting CVar [[r.DOF.Recombine.EnableBokehSettings:0    ; no bokeh simulation on slight out of focus]]
[2023.11.05-12.25.47:938][  0]LogConfig: Setting CVar [[r.DOF.TemporalAAQuality:1                ; more stable temporal accumulation]]
[2023.11.05-12.25.47:938][  0]LogConfig: Setting CVar [[r.DOF.Kernel.MaxForegroundRadius:0.025]]
[2023.11.05-12.25.47:938][  0]LogConfig: Setting CVar [[r.DOF.Kernel.MaxBackgroundRadius:0.025]]
[2023.11.05-12.25.47:938][  0]LogConfig: Applying CVar settings from Section [TextureQuality@3] File [D:/UE4 Projects/HologramUE/Saved/Config/Windows/Scalability.ini]
[2023.11.05-12.25.47:938][  0]LogConfig: Setting CVar [[r.Streaming.MipBias:0]]
[2023.11.05-12.25.47:938][  0]LogConfig: Setting CVar [[r.Streaming.AmortizeCPUToGPUCopy:0]]
[2023.11.05-12.25.47:938][  0]LogConfig: Setting CVar [[r.Streaming.MaxNumTexturesToStreamPerFrame:0]]
[2023.11.05-12.25.47:938][  0]LogConfig: Setting CVar [[r.Streaming.Boost:1]]
[2023.11.05-12.25.47:938][  0]LogConfig: Setting CVar [[r.MaxAnisotropy:8]]
[2023.11.05-12.25.47:938][  0]LogConfig: Setting CVar [[r.VT.MaxAnisotropy:8]]
[2023.11.05-12.25.47:938][  0]LogConfig: Setting CVar [[r.Streaming.LimitPoolSizeToVRAM:0]]
[2023.11.05-12.25.47:938][  0]LogConfig: Setting CVar [[r.Streaming.PoolSize:1000]]
[2023.11.05-12.25.47:938][  0]LogConfig: Setting CVar [[r.Streaming.MaxEffectiveScreenSize:0]]
[2023.11.05-12.25.47:938][  0]LogConfig: Applying CVar settings from Section [EffectsQuality@3] File [D:/UE4 Projects/HologramUE/Saved/Config/Windows/Scalability.ini]
[2023.11.05-12.25.47:938][  0]LogConfig: Setting CVar [[r.TranslucencyLightingVolumeDim:64]]
[2023.11.05-12.25.47:939][  0]LogConfig: Setting CVar [[r.RefractionQuality:2]]
[2023.11.05-12.25.47:939][  0]LogConfig: Setting CVar [[r.SSR.Quality:3]]
[2023.11.05-12.25.47:939][  0]LogConfig: Setting CVar [[r.SSR.HalfResSceneColor:0]]
[2023.11.05-12.25.47:939][  0]LogConfig: Setting CVar [[r.SceneColorFormat:4]]
[2023.11.05-12.25.47:939][  0]LogConfig: Setting CVar [[r.DetailMode:2]]
[2023.11.05-12.25.47:939][  0]LogConfig: Setting CVar [[r.TranslucencyVolumeBlur:1]]
[2023.11.05-12.25.47:939][  0]LogConfig: Setting CVar [[r.MaterialQualityLevel:1 ; High quality]]
[2023.11.05-12.25.47:939][  0]LogConfig: Setting CVar [[r.AnisotropicMaterials:1]]
[2023.11.05-12.25.47:939][  0]LogConfig: Setting CVar [[r.SSS.Scale:1]]
[2023.11.05-12.25.47:939][  0]LogConfig: Setting CVar [[r.SSS.SampleSet:2]]
[2023.11.05-12.25.47:939][  0]LogConfig: Setting CVar [[r.SSS.Quality:1]]
[2023.11.05-12.25.47:939][  0]LogConfig: Setting CVar [[r.SSS.HalfRes:0]]
[2023.11.05-12.25.47:939][  0]LogConfig: Setting CVar [[r.SSGI.Quality:3]]
[2023.11.05-12.25.47:939][  0]LogConfig: Setting CVar [[r.EmitterSpawnRateScale:1.0]]
[2023.11.05-12.25.47:939][  0]LogConfig: Setting CVar [[r.ParticleLightQuality:2]]
[2023.11.05-12.25.47:939][  0]LogConfig: Setting CVar [[r.SkyAtmosphere.AerialPerspectiveLUT.FastApplyOnOpaque:1 ; Always have FastSkyLUT 1 in this case to avoid wrong sky]]
[2023.11.05-12.25.47:939][  0]LogConfig: Setting CVar [[r.SkyAtmosphere.AerialPerspectiveLUT.SampleCountMaxPerSlice:4]]
[2023.11.05-12.25.47:939][  0]LogConfig: Setting CVar [[r.SkyAtmosphere.AerialPerspectiveLUT.DepthResolution:16.0]]
[2023.11.05-12.25.47:939][  0]LogConfig: Setting CVar [[r.SkyAtmosphere.FastSkyLUT:1]]
[2023.11.05-12.25.47:939][  0]LogConfig: Setting CVar [[r.SkyAtmosphere.FastSkyLUT.SampleCountMin:4.0]]
[2023.11.05-12.25.47:939][  0]LogConfig: Setting CVar [[r.SkyAtmosphere.FastSkyLUT.SampleCountMax:128.0]]
[2023.11.05-12.25.47:939][  0]LogConfig: Setting CVar [[r.SkyAtmosphere.SampleCountMin:4.0]]
[2023.11.05-12.25.47:939][  0]LogConfig: Setting CVar [[r.SkyAtmosphere.SampleCountMax:128.0]]
[2023.11.05-12.25.47:939][  0]LogConfig: Setting CVar [[r.SkyAtmosphere.TransmittanceLUT.UseSmallFormat:0]]
[2023.11.05-12.25.47:939][  0]LogConfig: Setting CVar [[r.SkyAtmosphere.TransmittanceLUT.SampleCount:10.0]]
[2023.11.05-12.25.47:939][  0]LogConfig: Setting CVar [[r.SkyAtmosphere.MultiScatteringLUT.SampleCount:15.0]]
[2023.11.05-12.25.47:939][  0]LogConfig: Setting CVar [[r.SkyLight.RealTimeReflectionCapture:1]]
[2023.11.05-12.25.47:939][  0]LogConfig: Applying CVar settings from Section [FoliageQuality@3] File [D:/UE4 Projects/HologramUE/Saved/Config/Windows/Scalability.ini]
[2023.11.05-12.25.47:939][  0]LogConfig: Setting CVar [[foliage.DensityScale:1.0]]
[2023.11.05-12.25.47:939][  0]LogConfig: Setting CVar [[grass.DensityScale:1.0]]
[2023.11.05-12.25.47:939][  0]LogConfig: Applying CVar settings from Section [ShadingQuality@3] File [D:/UE4 Projects/HologramUE/Saved/Config/Windows/Scalability.ini]
[2023.11.05-12.25.47:939][  0]LogConfig: Setting CVar [[r.HairStrands.SkyLighting.IntegrationType:2]]
[2023.11.05-12.25.47:939][  0]LogConfig: Setting CVar [[r.HairStrands.SkyAO.SampleCount:4]]
[2023.11.05-12.25.47:939][  0]LogConfig: Setting CVar [[r.HairStrands.Visibility.MSAA.SamplePerPixel:4]]
[2023.11.05-12.25.47:939][  0]LogInit: Selected Device Profile: [Windows]
[2023.11.05-12.25.47:939][  0]LogInit: Applying CVar settings loaded from the selected device profile: [Windows]
[2023.11.05-12.25.47:939][  0]LogHAL: Display: Platform has ~ 32 GB [34281873408 / 34359738368 / 32], which maps to Largest [LargestMinGB=32, LargerMinGB=12, DefaultMinGB=8, SmallerMinGB=6, SmallestMinGB=0)
[2023.11.05-12.25.47:939][  0]LogInit: Going up to parent DeviceProfile []
[2023.11.05-12.25.47:939][  0]LogConfig: Applying CVar settings from Section [ViewDistanceQuality@3] File [D:/UE4 Projects/HologramUE/Saved/Config/Windows/Scalability.ini]
[2023.11.05-12.25.47:939][  0]LogConfig: Setting CVar [[r.SkeletalMeshLODBias:0]]
[2023.11.05-12.25.47:939][  0]LogConfig: Setting CVar [[r.ViewDistanceScale:1.0]]
[2023.11.05-12.25.47:939][  0]LogConfig: Applying CVar settings from Section [AntiAliasingQuality@3] File [D:/UE4 Projects/HologramUE/Saved/Config/Windows/Scalability.ini]
[2023.11.05-12.25.47:939][  0]LogConfig: Setting CVar [[r.PostProcessAAQuality:4]]
[2023.11.05-12.25.47:939][  0]LogConfig: Applying CVar settings from Section [ShadowQuality@3] File [D:/UE4 Projects/HologramUE/Saved/Config/Windows/Scalability.ini]
[2023.11.05-12.25.47:939][  0]LogConfig: Setting CVar [[r.LightFunctionQuality:1]]
[2023.11.05-12.25.47:939][  0]LogConfig: Setting CVar [[r.ShadowQuality:5]]
[2023.11.05-12.25.47:939][  0]LogConfig: Setting CVar [[r.Shadow.CSM.MaxCascades:10]]
[2023.11.05-12.25.47:939][  0]LogConfig: Setting CVar [[r.Shadow.MaxResolution:2048]]
[2023.11.05-12.25.47:939][  0]LogConfig: Setting CVar [[r.Shadow.MaxCSMResolution:2048]]
[2023.11.05-12.25.47:939][  0]LogConfig: Setting CVar [[r.Shadow.RadiusThreshold:0.01]]
[2023.11.05-12.25.47:939][  0]LogConfig: Setting CVar [[r.Shadow.DistanceScale:1.0]]
[2023.11.05-12.25.47:939][  0]LogConfig: Setting CVar [[r.Shadow.CSM.TransitionScale:1.0]]
[2023.11.05-12.25.47:939][  0]LogConfig: Setting CVar [[r.Shadow.PreShadowResolutionFactor:1.0]]
[2023.11.05-12.25.47:939][  0]LogConfig: Setting CVar [[r.DistanceFieldShadowing:1]]
[2023.11.05-12.25.47:939][  0]LogConfig: Setting CVar [[r.DistanceFieldAO:1]]
[2023.11.05-12.25.47:939][  0]LogConfig: Setting CVar [[r.AOQuality:2]]
[2023.11.05-12.25.47:939][  0]LogConfig: Setting CVar [[r.VolumetricFog:1]]
[2023.11.05-12.25.47:939][  0]LogConfig: Setting CVar [[r.VolumetricFog.GridPixelSize:8]]
[2023.11.05-12.25.47:939][  0]LogConfig: Setting CVar [[r.VolumetricFog.GridSizeZ:128]]
[2023.11.05-12.25.47:939][  0]LogConfig: Setting CVar [[r.VolumetricFog.HistoryMissSupersampleCount:4]]
[2023.11.05-12.25.47:939][  0]LogConfig: Setting CVar [[r.LightMaxDrawDistanceScale:1]]
[2023.11.05-12.25.47:939][  0]LogConfig: Setting CVar [[r.CapsuleShadows:1]]
[2023.11.05-12.25.47:939][  0]LogConfig: Applying CVar settings from Section [PostProcessQuality@3] File [D:/UE4 Projects/HologramUE/Saved/Config/Windows/Scalability.ini]
[2023.11.05-12.25.47:939][  0]LogConfig: Setting CVar [[r.MotionBlurQuality:4]]
[2023.11.05-12.25.47:940][  0]LogConfig: Setting CVar [[r.AmbientOcclusionMipLevelFactor:0.4]]
[2023.11.05-12.25.47:940][  0]LogConfig: Setting CVar [[r.AmbientOcclusionMaxQuality:100]]
[2023.11.05-12.25.47:940][  0]LogConfig: Setting CVar [[r.AmbientOcclusionLevels:-1]]
[2023.11.05-12.25.47:940][  0]LogConfig: Setting CVar [[r.AmbientOcclusionRadiusScale:1.0]]
[2023.11.05-12.25.47:940][  0]LogConfig: Setting CVar [[r.DepthOfFieldQuality:2]]
[2023.11.05-12.25.47:940][  0]LogConfig: Setting CVar [[r.RenderTargetPoolMin:400]]
[2023.11.05-12.25.47:940][  0]LogConfig: Setting CVar [[r.LensFlareQuality:2]]
[2023.11.05-12.25.47:940][  0]LogConfig: Setting CVar [[r.SceneColorFringeQuality:1]]
[2023.11.05-12.25.47:940][  0]LogConfig: Setting CVar [[r.EyeAdaptationQuality:2]]
[2023.11.05-12.25.47:940][  0]LogConfig: Setting CVar [[r.BloomQuality:5]]
[2023.11.05-12.25.47:940][  0]LogConfig: Setting CVar [[r.FastBlurThreshold:100]]
[2023.11.05-12.25.47:940][  0]LogConfig: Setting CVar [[r.Upscale.Quality:3]]
[2023.11.05-12.25.47:940][  0]LogConfig: Setting CVar [[r.Tonemapper.GrainQuantization:1]]
[2023.11.05-12.25.47:940][  0]LogConfig: Setting CVar [[r.LightShaftQuality:1]]
[2023.11.05-12.25.47:940][  0]LogConfig: Setting CVar [[r.Filter.SizeScale:1]]
[2023.11.05-12.25.47:940][  0]LogConfig: Setting CVar [[r.Tonemapper.Quality:5]]
[2023.11.05-12.25.47:940][  0]LogConfig: Setting CVar [[r.DOF.Gather.AccumulatorQuality:1        ; higher gathering accumulator quality]]
[2023.11.05-12.25.47:940][  0]LogConfig: Setting CVar [[r.DOF.Gather.PostfilterMethod:1          ; Median3x3 postfilering method]]
[2023.11.05-12.25.47:940][  0]LogConfig: Setting CVar [[r.DOF.Gather.EnableBokehSettings:0       ; no bokeh simulation when gathering]]
[2023.11.05-12.25.47:940][  0]LogConfig: Setting CVar [[r.DOF.Gather.RingCount:4                 ; medium number of samples when gathering]]
[2023.11.05-12.25.47:940][  0]LogConfig: Setting CVar [[r.DOF.Scatter.ForegroundCompositing:1    ; additive foreground scattering]]
[2023.11.05-12.25.47:940][  0]LogConfig: Setting CVar [[r.DOF.Scatter.BackgroundCompositing:2    ; additive background scattering]]
[2023.11.05-12.25.47:940][  0]LogConfig: Setting CVar [[r.DOF.Scatter.EnableBokehSettings:1      ; bokeh simulation when scattering]]
[2023.11.05-12.25.47:940][  0]LogConfig: Setting CVar [[r.DOF.Scatter.MaxSpriteRatio:0.1         ; only a maximum of 10% of scattered bokeh]]
[2023.11.05-12.25.47:940][  0]LogConfig: Setting CVar [[r.DOF.Recombine.Quality:1                ; cheap slight out of focus]]
[2023.11.05-12.25.47:940][  0]LogConfig: Setting CVar [[r.DOF.Recombine.EnableBokehSettings:0    ; no bokeh simulation on slight out of focus]]
[2023.11.05-12.25.47:940][  0]LogConfig: Setting CVar [[r.DOF.TemporalAAQuality:1                ; more stable temporal accumulation]]
[2023.11.05-12.25.47:940][  0]LogConfig: Setting CVar [[r.DOF.Kernel.MaxForegroundRadius:0.025]]
[2023.11.05-12.25.47:940][  0]LogConfig: Setting CVar [[r.DOF.Kernel.MaxBackgroundRadius:0.025]]
[2023.11.05-12.25.47:940][  0]LogConfig: Applying CVar settings from Section [TextureQuality@3] File [D:/UE4 Projects/HologramUE/Saved/Config/Windows/Scalability.ini]
[2023.11.05-12.25.47:940][  0]LogConfig: Setting CVar [[r.Streaming.MipBias:0]]
[2023.11.05-12.25.47:940][  0]LogConfig: Setting CVar [[r.Streaming.AmortizeCPUToGPUCopy:0]]
[2023.11.05-12.25.47:940][  0]LogConfig: Setting CVar [[r.Streaming.MaxNumTexturesToStreamPerFrame:0]]
[2023.11.05-12.25.47:940][  0]LogConfig: Setting CVar [[r.Streaming.Boost:1]]
[2023.11.05-12.25.47:940][  0]LogConfig: Setting CVar [[r.MaxAnisotropy:8]]
[2023.11.05-12.25.47:940][  0]LogConfig: Setting CVar [[r.VT.MaxAnisotropy:8]]
[2023.11.05-12.25.47:940][  0]LogConfig: Setting CVar [[r.Streaming.LimitPoolSizeToVRAM:0]]
[2023.11.05-12.25.47:940][  0]LogConfig: Setting CVar [[r.Streaming.PoolSize:1000]]
[2023.11.05-12.25.47:940][  0]LogConfig: Setting CVar [[r.Streaming.MaxEffectiveScreenSize:0]]
[2023.11.05-12.25.47:940][  0]LogConfig: Applying CVar settings from Section [EffectsQuality@3] File [D:/UE4 Projects/HologramUE/Saved/Config/Windows/Scalability.ini]
[2023.11.05-12.25.47:940][  0]LogConfig: Setting CVar [[r.TranslucencyLightingVolumeDim:64]]
[2023.11.05-12.25.47:940][  0]LogConfig: Setting CVar [[r.RefractionQuality:2]]
[2023.11.05-12.25.47:940][  0]LogConfig: Setting CVar [[r.SSR.Quality:3]]
[2023.11.05-12.25.47:940][  0]LogConfig: Setting CVar [[r.SSR.HalfResSceneColor:0]]
[2023.11.05-12.25.47:940][  0]LogConfig: Setting CVar [[r.SceneColorFormat:4]]
[2023.11.05-12.25.47:940][  0]LogConfig: Setting CVar [[r.DetailMode:2]]
[2023.11.05-12.25.47:940][  0]LogConfig: Setting CVar [[r.TranslucencyVolumeBlur:1]]
[2023.11.05-12.25.47:940][  0]LogConfig: Setting CVar [[r.MaterialQualityLevel:1 ; High quality]]
[2023.11.05-12.25.47:940][  0]LogConfig: Setting CVar [[r.AnisotropicMaterials:1]]
[2023.11.05-12.25.47:940][  0]LogConfig: Setting CVar [[r.SSS.Scale:1]]
[2023.11.05-12.25.47:940][  0]LogConfig: Setting CVar [[r.SSS.SampleSet:2]]
[2023.11.05-12.25.47:940][  0]LogConfig: Setting CVar [[r.SSS.Quality:1]]
[2023.11.05-12.25.47:940][  0]LogConfig: Setting CVar [[r.SSS.HalfRes:0]]
[2023.11.05-12.25.47:940][  0]LogConfig: Setting CVar [[r.SSGI.Quality:3]]
[2023.11.05-12.25.47:940][  0]LogConfig: Setting CVar [[r.EmitterSpawnRateScale:1.0]]
[2023.11.05-12.25.47:940][  0]LogConfig: Setting CVar [[r.ParticleLightQuality:2]]
[2023.11.05-12.25.47:940][  0]LogConfig: Setting CVar [[r.SkyAtmosphere.AerialPerspectiveLUT.FastApplyOnOpaque:1 ; Always have FastSkyLUT 1 in this case to avoid wrong sky]]
[2023.11.05-12.25.47:940][  0]LogConfig: Setting CVar [[r.SkyAtmosphere.AerialPerspectiveLUT.SampleCountMaxPerSlice:4]]
[2023.11.05-12.25.47:940][  0]LogConfig: Setting CVar [[r.SkyAtmosphere.AerialPerspectiveLUT.DepthResolution:16.0]]
[2023.11.05-12.25.47:940][  0]LogConfig: Setting CVar [[r.SkyAtmosphere.FastSkyLUT:1]]
[2023.11.05-12.25.47:940][  0]LogConfig: Setting CVar [[r.SkyAtmosphere.FastSkyLUT.SampleCountMin:4.0]]
[2023.11.05-12.25.47:940][  0]LogConfig: Setting CVar [[r.SkyAtmosphere.FastSkyLUT.SampleCountMax:128.0]]
[2023.11.05-12.25.47:940][  0]LogConfig: Setting CVar [[r.SkyAtmosphere.SampleCountMin:4.0]]
[2023.11.05-12.25.47:940][  0]LogConfig: Setting CVar [[r.SkyAtmosphere.SampleCountMax:128.0]]
[2023.11.05-12.25.47:940][  0]LogConfig: Setting CVar [[r.SkyAtmosphere.TransmittanceLUT.UseSmallFormat:0]]
[2023.11.05-12.25.47:940][  0]LogConfig: Setting CVar [[r.SkyAtmosphere.TransmittanceLUT.SampleCount:10.0]]
[2023.11.05-12.25.47:940][  0]LogConfig: Setting CVar [[r.SkyAtmosphere.MultiScatteringLUT.SampleCount:15.0]]
[2023.11.05-12.25.47:940][  0]LogConfig: Setting CVar [[r.SkyLight.RealTimeReflectionCapture:1]]
[2023.11.05-12.25.47:940][  0]LogConfig: Applying CVar settings from Section [FoliageQuality@3] File [D:/UE4 Projects/HologramUE/Saved/Config/Windows/Scalability.ini]
[2023.11.05-12.25.47:940][  0]LogConfig: Setting CVar [[foliage.DensityScale:1.0]]
[2023.11.05-12.25.47:940][  0]LogConfig: Setting CVar [[grass.DensityScale:1.0]]
[2023.11.05-12.25.47:940][  0]LogConfig: Applying CVar settings from Section [ShadingQuality@3] File [D:/UE4 Projects/HologramUE/Saved/Config/Windows/Scalability.ini]
[2023.11.05-12.25.47:940][  0]LogConfig: Setting CVar [[r.HairStrands.SkyLighting.IntegrationType:2]]
[2023.11.05-12.25.47:941][  0]LogConfig: Setting CVar [[r.HairStrands.SkyAO.SampleCount:4]]
[2023.11.05-12.25.47:941][  0]LogConfig: Setting CVar [[r.HairStrands.Visibility.MSAA.SamplePerPixel:4]]
[2023.11.05-12.25.47:941][  0]LogConfig: Applying CVar settings from Section [Startup] File [../../../Engine/Config/ConsoleVariables.ini]
[2023.11.05-12.25.47:941][  0]LogConfig: Setting CVar [[net.UseAdaptiveNetUpdateFrequency:0]]
[2023.11.05-12.25.47:941][  0]LogConfig: Setting CVar [[p.chaos.AllowCreatePhysxBodies:1]]
[2023.11.05-12.25.47:941][  0]LogConfig: Setting CVar [[fx.SkipVectorVMBackendOptimizations:1]]
[2023.11.05-12.25.47:941][  0]LogConfig: Applying CVar settings from Section [ConsoleVariables] File [D:/UE4 Projects/HologramUE/Saved/Config/Windows/Engine.ini]
[2023.11.05-12.25.47:941][  0]LogConfig: Applying CVar settings from Section [ConsoleVariables] File [D:/UE4 Projects/HologramUE/Saved/Config/Windows/Editor.ini]
[2023.11.05-12.25.47:941][  0]LogInit: Computer: DESKTOP-3OKBJLR
[2023.11.05-12.25.47:941][  0]LogInit: User: jakub
[2023.11.05-12.25.47:941][  0]LogInit: CPU Page size=4096, Cores=6
[2023.11.05-12.25.47:941][  0]LogInit: High frequency timer resolution =10.000000 MHz
[2023.11.05-12.25.47:941][  0]LogMemory: Memory total: Physical=31.9GB (32GB approx)
[2023.11.05-12.25.47:941][  0]LogMemory: Platform Memory Stats for Windows
[2023.11.05-12.25.47:941][  0]LogMemory: Process Physical Memory: 146.68 MB used, 146.69 MB peak
[2023.11.05-12.25.47:941][  0]LogMemory: Process Virtual Memory: 130.86 MB used, 130.86 MB peak
[2023.11.05-12.25.47:941][  0]LogMemory: Physical Memory: 11092.05 MB used,  21601.70 MB free, 32693.74 MB total
[2023.11.05-12.25.47:941][  0]LogMemory: Virtual Memory: 134194432.00 MB used,  23299.02 MB free, 134217728.00 MB total
[2023.11.05-12.25.48:643][  0]LogWindows: WindowsPlatformFeatures enabled
[2023.11.05-12.25.48:717][  0]LogInit: Physics initialised using underlying interface: PhysX
[2023.11.05-12.25.48:719][  0]LogInit: Using OS detected language (pl-PL).
[2023.11.05-12.25.48:719][  0]LogInit: Using OS detected locale (en-US).
[2023.11.05-12.25.48:731][  0]LogTextLocalizationManager: No specific localization for 'pl-PL' exists, so the 'pl' localization will be used.
[2023.11.05-12.25.48:731][  0]LogTextLocalizationResource: LocRes '../../../Engine/Content/Localization/Editor/pl/Editor.locres' could not be opened for reading!
[2023.11.05-12.25.48:731][  0]LogTextLocalizationResource: LocRes '../../../Engine/Content/Localization/EditorTutorials/pl/EditorTutorials.locres' could not be opened for reading!
[2023.11.05-12.25.48:731][  0]LogTextLocalizationResource: LocRes '../../../Engine/Content/Localization/Keywords/pl/Keywords.locres' could not be opened for reading!
[2023.11.05-12.25.48:732][  0]LogTextLocalizationResource: LocRes '../../../Engine/Content/Localization/Category/pl/Category.locres' could not be opened for reading!
[2023.11.05-12.25.48:732][  0]LogTextLocalizationResource: LocRes '../../../Engine/Content/Localization/ToolTips/pl/ToolTips.locres' could not be opened for reading!
[2023.11.05-12.25.48:732][  0]LogTextLocalizationResource: LocRes '../../../Engine/Content/Localization/PropertyNames/pl/PropertyNames.locres' could not be opened for reading!
[2023.11.05-12.25.48:732][  0]LogTextLocalizationResource: LocRes '../../../Engine/Content/Localization/Engine/pl/Engine.locres' could not be opened for reading!
[2023.11.05-12.25.48:734][  0]LogInit: Setting process to per monitor DPI aware
[2023.11.05-12.25.48:750][  0]LogWindowsTextInputMethodSystem: Display: IME system deactivated.
[2023.11.05-12.25.48:775][  0]LogSlate: New Slate User Created.  User Index 0, Is Virtual User: 0
[2023.11.05-12.25.48:775][  0]LogSlate: Slate User Registered.  User Index 0, Is Virtual User: 0
[2023.11.05-12.25.48:996][  0]LogD3D11RHI: Loaded GFSDK_Aftermath_Lib.x64.dll
[2023.11.05-12.25.49:001][  0]LogHMD: Failed to initialize OpenVR with code 110
[2023.11.05-12.25.49:001][  0]LogD3D11RHI: D3D11 min allowed feature level: 11_0
[2023.11.05-12.25.49:001][  0]LogD3D11RHI: D3D11 max allowed feature level: 11_0
[2023.11.05-12.25.49:001][  0]LogD3D11RHI: D3D11 adapters:
[2023.11.05-12.25.49:186][  0]LogD3D11RHI:    0. 'NVIDIA GeForce GTX 1070' (Feature Level 11_0)
[2023.11.05-12.25.49:186][  0]LogD3D11RHI:       8081/0/16346 MB DedicatedVideo/DedicatedSystem/SharedSystem, Outputs:2, VendorId:0x10de
[2023.11.05-12.25.49:189][  0]LogD3D11RHI:    1. 'Microsoft Basic Render Driver' (Feature Level 11_0)
[2023.11.05-12.25.49:189][  0]LogD3D11RHI:       0/0/16346 MB DedicatedVideo/DedicatedSystem/SharedSystem, Outputs:0, VendorId:0x1414
[2023.11.05-12.25.49:189][  0]LogD3D11RHI: Chosen D3D11 Adapter:
[2023.11.05-12.25.49:189][  0]LogD3D11RHI:     Description : NVIDIA GeForce GTX 1070
[2023.11.05-12.25.49:189][  0]LogD3D11RHI:     VendorId    : 10de
[2023.11.05-12.25.49:189][  0]LogD3D11RHI:     DeviceId    : 1b81
[2023.11.05-12.25.49:189][  0]LogD3D11RHI:     SubSysId    : 143519da
[2023.11.05-12.25.49:189][  0]LogD3D11RHI:     Revision    : 00a1
[2023.11.05-12.25.49:189][  0]LogD3D11RHI:     DedicatedVideoMemory : 8473542656 bytes
[2023.11.05-12.25.49:189][  0]LogD3D11RHI:     DedicatedSystemMemory : 0 bytes
[2023.11.05-12.25.49:189][  0]LogD3D11RHI:     SharedSystemMemory : 17140936704 bytes
[2023.11.05-12.25.49:189][  0]LogD3D11RHI:     AdapterLuid : 0 57709
[2023.11.05-12.25.49:239][  0]LogD3D11RHI: Creating new Direct3DDevice
[2023.11.05-12.25.49:239][  0]LogD3D11RHI:     GPU DeviceId: 0x1b81 (for the marketing name, search the web for "GPU Device Id")
[2023.11.05-12.25.49:239][  0]LogWindows: EnumDisplayDevices:
[2023.11.05-12.25.49:239][  0]LogWindows:    0. 'NVIDIA GeForce GTX 1070' (P:1 D:1)
[2023.11.05-12.25.49:239][  0]LogWindows:    1. 'NVIDIA GeForce GTX 1070' (P:0 D:1)
[2023.11.05-12.25.49:240][  0]LogWindows:    2. 'NVIDIA GeForce GTX 1070' (P:0 D:0)
[2023.11.05-12.25.49:240][  0]LogWindows:    3. 'NVIDIA GeForce GTX 1070' (P:0 D:0)
[2023.11.05-12.25.49:240][  0]LogWindows: DebugString: FoundDriverCount:4 
[2023.11.05-12.25.49:240][  0]LogD3D11RHI:     Adapter Name: NVIDIA GeForce GTX 1070
[2023.11.05-12.25.49:240][  0]LogD3D11RHI:   Driver Version: 537.42 (internal:31.0.15.3742, unified:537.42)
[2023.11.05-12.25.49:240][  0]LogD3D11RHI:      Driver Date: 9-12-2023
[2023.11.05-12.25.49:240][  0]LogRHI: Texture pool is 5656 MB (70% of 8081 MB)
[2023.11.05-12.25.49:240][  0]LogD3D11RHI: Creating D3DDevice using adapter:
[2023.11.05-12.25.49:240][  0]LogD3D11RHI:     Description : NVIDIA GeForce GTX 1070
[2023.11.05-12.25.49:240][  0]LogD3D11RHI:     VendorId    : 10de
[2023.11.05-12.25.49:240][  0]LogD3D11RHI:     DeviceId    : 1b81
[2023.11.05-12.25.49:240][  0]LogD3D11RHI:     SubSysId    : 143519da
[2023.11.05-12.25.49:240][  0]LogD3D11RHI:     Revision    : 00a1
[2023.11.05-12.25.49:240][  0]LogD3D11RHI:     DedicatedVideoMemory : 8473542656 bytes
[2023.11.05-12.25.49:240][  0]LogD3D11RHI:     DedicatedSystemMemory : 0 bytes
[2023.11.05-12.25.49:240][  0]LogD3D11RHI:     SharedSystemMemory : 17140936704 bytes
[2023.11.05-12.25.49:240][  0]LogD3D11RHI:     AdapterLuid : 0 57709
[2023.11.05-12.25.49:357][  0]LogD3D11RHI: RHI has support for 64 bit atomics
[2023.11.05-12.25.49:357][  0]LogD3D11RHI: Async texture creation enabled
[2023.11.05-12.25.49:358][  0]LogD3D11RHI: Array index from any shader is supported
[2023.11.05-12.25.49:386][  0]LogD3D11RHI: GPU Timing Frequency: 1000.000000 (Debug: 2 1)
[2023.11.05-12.25.49:453][  0]LogRHI: GeForceNow SDK initialized: 1
[2023.11.05-12.25.49:940][  0]LogTargetPlatformManager: Display: Loaded TargetPlatform 'AllDesktop'
[2023.11.05-12.25.49:966][  0]LogTargetPlatformManager: Display: Loaded TargetPlatform 'Android'
[2023.11.05-12.25.49:966][  0]LogTargetPlatformManager: Display: Loaded TargetPlatform 'Android_ASTC'
[2023.11.05-12.25.49:966][  0]LogTargetPlatformManager: Display: Loaded TargetPlatform 'Android_DXT'
[2023.11.05-12.25.49:966][  0]LogTargetPlatformManager: Display: Loaded TargetPlatform 'Android_ETC2'
[2023.11.05-12.25.49:966][  0]LogTargetPlatformManager: Display: Loaded TargetPlatform 'AndroidClient'
[2023.11.05-12.25.49:966][  0]LogTargetPlatformManager: Display: Loaded TargetPlatform 'Android_ASTCClient'
[2023.11.05-12.25.49:966][  0]LogTargetPlatformManager: Display: Loaded TargetPlatform 'Android_DXTClient'
[2023.11.05-12.25.49:966][  0]LogTargetPlatformManager: Display: Loaded TargetPlatform 'Android_ETC2Client'
[2023.11.05-12.25.49:966][  0]LogTargetPlatformManager: Display: Loaded TargetPlatform 'Android_Multi'
[2023.11.05-12.25.49:966][  0]LogTargetPlatformManager: Display: Loaded TargetPlatform 'Android_MultiClient'
[2023.11.05-12.25.49:990][  0]LogTargetPlatformManager: Display: Loaded TargetPlatform 'IOSClient'
[2023.11.05-12.25.49:990][  0]LogTargetPlatformManager: Display: Loaded TargetPlatform 'IOS'
[2023.11.05-12.25.50:002][  0]LogTargetPlatformManager: Display: Loaded TargetPlatform 'Linux'
[2023.11.05-12.25.50:008][  0]LogTargetPlatformManager: Display: Loaded TargetPlatform 'LinuxNoEditor'
[2023.11.05-12.25.50:014][  0]LogTargetPlatformManager: Display: Loaded TargetPlatform 'LinuxClient'
[2023.11.05-12.25.50:021][  0]LogTargetPlatformManager: Display: Loaded TargetPlatform 'LinuxServer'
[2023.11.05-12.25.50:033][  0]LogTargetPlatformManager: Display: Loaded TargetPlatform 'LinuxAArch64NoEditor'
[2023.11.05-12.25.50:040][  0]LogTargetPlatformManager: Display: Loaded TargetPlatform 'LinuxAArch64Client'
[2023.11.05-12.25.50:046][  0]LogTargetPlatformManager: Display: Loaded TargetPlatform 'LinuxAArch64Server'
[2023.11.05-12.25.50:076][  0]LogTargetPlatformManager: Display: Loaded TargetPlatform 'Lumin'
[2023.11.05-12.25.50:076][  0]LogTargetPlatformManager: Display: Loaded TargetPlatform 'LuminClient'
[2023.11.05-12.25.50:088][  0]LogTargetPlatformManager: Display: Loaded TargetPlatform 'MacNoEditor'
[2023.11.05-12.25.50:094][  0]LogTargetPlatformManager: Display: Loaded TargetPlatform 'Mac'
[2023.11.05-12.25.50:100][  0]LogTargetPlatformManager: Display: Loaded TargetPlatform 'MacClient'
[2023.11.05-12.25.50:105][  0]LogTargetPlatformManager: Display: Loaded TargetPlatform 'MacServer'
[2023.11.05-12.25.50:118][  0]LogTargetPlatformManager: Display: Loaded TargetPlatform 'TVOSClient'
[2023.11.05-12.25.50:118][  0]LogTargetPlatformManager: Display: Loaded TargetPlatform 'TVOS'
[2023.11.05-12.25.50:130][  0]LogTargetPlatformManager: Display: Loaded TargetPlatform 'WindowsNoEditor'
[2023.11.05-12.25.50:137][  0]LogTargetPlatformManager: Display: Loaded TargetPlatform 'Windows'
[2023.11.05-12.25.50:150][  0]LogTargetPlatformManager: Display: Loaded TargetPlatform 'WindowsClient'
[2023.11.05-12.25.50:157][  0]LogTargetPlatformManager: Display: Loaded TargetPlatform 'WindowsServer'
[2023.11.05-12.25.50:157][  0]LogTargetPlatformManager: Display: Building Assets For Windows
[2023.11.05-12.25.50:168][  0]LogAudioDebug: Display: Lib vorbis DLL was dynamically loaded.
[2023.11.05-12.25.50:224][  0]LogTextureFormatOodle: Display: Oodle Texture 2.9.0 init RDO Off
[2023.11.05-12.25.50:272][  0]LogRendererCore: Ray tracing is disabled. Reason: r.RayTracing=0.
[2023.11.05-12.25.50:273][  0]LogShaderCompilers: Guid format shader working directory is 18 characters bigger than the processId version (D:/UE4 Projects/HologramUE/Intermediate/Shaders/WorkingDirectory/117028/).
[2023.11.05-12.25.50:273][  0]LogShaderCompilers: Cleaned the shader compiler working directory 'C:/Users/jakub/AppData/Local/Temp/UnrealShaderWorkingDir/DEE8AB4E493D53A7ACDFD59609023EFE/'.
[2023.11.05-12.25.50:273][  0]LogXGEController: Cannot use XGE Controller as Incredibuild is not installed on this machine.
[2023.11.05-12.25.50:273][  0]LogShaderCompilers: Cannot use XGE Shader Compiler as Incredibuild is not installed on this machine.
[2023.11.05-12.25.50:273][  0]LogShaderCompilers: Display: Using Local Shader Compiler.
[2023.11.05-12.25.51:197][  0]LogDerivedDataCache: Display: Max Cache Size: 512 MB
[2023.11.05-12.25.51:257][  0]LogDerivedDataCache: Loaded boot cache 0.06s 94MB C:/Users/jakub/AppData/Local/UnrealEngine/4.27/DerivedDataCache/Boot.ddc.
[2023.11.05-12.25.51:257][  0]LogDerivedDataCache: Display: Loaded Boot cache: C:/Users/jakub/AppData/Local/UnrealEngine/4.27/DerivedDataCache/Boot.ddc
[2023.11.05-12.25.51:257][  0]LogDerivedDataCache: FDerivedDataBackendGraph:  Pak pak cache file D:/UE4 Projects/HologramUE/DerivedDataCache/DDC.ddp not found, will not use a pak cache.
[2023.11.05-12.25.51:258][  0]LogDerivedDataCache: Unable to find inner node Pak for hierarchical cache Hierarchy.
[2023.11.05-12.25.51:258][  0]LogDerivedDataCache: FDerivedDataBackendGraph:  CompressedPak pak cache file D:/UE4 Projects/HologramUE/DerivedDataCache/Compressed.ddp not found, will not use a pak cache.
[2023.11.05-12.25.51:258][  0]LogDerivedDataCache: Unable to find inner node CompressedPak for hierarchical cache Hierarchy.
[2023.11.05-12.25.51:278][  0]LogDerivedDataCache: Display: Pak cache opened for reading ../../../Engine/DerivedDataCache/Compressed.ddp.
[2023.11.05-12.25.51:278][  0]LogDerivedDataCache: FDerivedDataBackendGraph:  EnterprisePak pak cache file ../../../Enterprise/DerivedDataCache/Compressed.ddp not found, will not use a pak cache.
[2023.11.05-12.25.51:278][  0]LogDerivedDataCache: Unable to find inner node EnterprisePak for hierarchical cache Hierarchy.
[2023.11.05-12.25.51:293][  0]LogDerivedDataCache: Speed tests for C:/Users/jakub/AppData/Local/UnrealEngine/Common/DerivedDataCache took 0.02 seconds
[2023.11.05-12.25.51:293][  0]LogDerivedDataCache: Display: Performance to C:/Users/jakub/AppData/Local/UnrealEngine/Common/DerivedDataCache: Latency=0.06ms. RandomReadSpeed=969.84MBs, RandomWriteSpeed=69.38MBs. Assigned SpeedClass 'Local'
[2023.11.05-12.25.51:294][  0]LogDerivedDataCache: Using Local data cache path C:/Users/jakub/AppData/Local/UnrealEngine/Common/DerivedDataCache: Writable
[2023.11.05-12.25.51:294][  0]LogDerivedDataCache: Shared data cache path not found in *engine.ini, will not use an Shared cache.
[2023.11.05-12.25.51:294][  0]LogDerivedDataCache: Unable to find inner node Shared for hierarchical cache Hierarchy.
[2023.11.05-12.25.51:347][  0]LogSlate: Using FreeType 2.10.0
[2023.11.05-12.25.51:347][  0]LogSlate: SlateFontServices - WITH_FREETYPE: 1, WITH_HARFBUZZ: 1
[2023.11.05-12.25.51:377][  0]LogAssetRegistry: FAssetRegistry took 0.0028 seconds to start up
[2023.11.05-12.25.51:674][  0]LogInit: Selected Device Profile: [Windows]
[2023.11.05-12.25.51:674][  0]LogInit: Active device profile: [000002374B363000][000002374A33A880 49] Windows
[2023.11.05-12.25.51:674][  0]LogInit: Profiles: [000002374B363000][000002374A33A880 49] Windows, [000002374C30D300][0000023731F82A00 49] WindowsNoEditor, [000002374B361200][0000023731F86B80 49] WindowsServer, [000002374C30EE00][0000023731F8AD00 49] WindowsClient, [000002374B362D00][0000023731F8EE80 49] IOS, [000002374C30D700][0000023731F93000 49] iPadAir, [000002374B361600][0000023731F97180 49] iPadAir2, [000002374C2C3F00][0000023731F9F440 49] IPadPro, [000002374C2C3E00][0000023731F9B480 49] iPadAir3, [000002374B362900][0000023731FA3600 49] iPadAir4, [000002374C2C1600][0000023731FA7780 49] iPadMini2, [000002374B361800][000002374C5A3900 49] iPadMini3, [000002374C2C2800][000002374C5A7A80 49] iPadMini4, [000002374B360D00][000002374C5ABC00 49] iPadMini5, [000002374C2FF800][000002374C5B2340 49] iPhone6, [000002374C2FF900][000002374C5AE380 49] iPodTouch6, [000002374C2C0400][000002373C85E600 49] iPhone7, [000002374C2C0300][000002374C5B6640 49] iPodTouch7, [000002374C2FD500][000002374C5BA780 49] iPhone5S, [000002374C2C3C00][000002374C5BE8C0 49] iPhone6Plus, [000002374C2FE900][000002374C5C6A40 49] iPhone6S, [000002374C2C1B00][000002374C5CABC0 49] iPhone6SPlus, [000002374C2FDA00][000002374C5CED40 49] iPhone7Plus, [000002374C2C3A00][000002374C5D2EC0 49] iPhoneSE, [000002374C2FEB00][000002374C5D7040 49] iPhone8, [000002374C2C1700][000002374C5DB1C0 49] iPhone8Plus, [000002374C2FF500][000002374C5DF340 49] iPhoneX, [000002374C2C0800][000002374C5E34C0 49] iPhoneXS, [000002374C2FCD00][000002374C5E7640 49] iPhoneXSMax, [000002374C2C1300][000002374C5EB7C0 49] iPhoneXR, [000002374C2FDE00][000002374C5EF940 49] iPhone11, [000002374C2C3800][000002374C5F3AC0 49] iPhone11Pro, [000002374C2FE200][000002374C5F60C0 49] iPhone11ProMax, [000002374C2C3200][000002374C5FA240 49] iPhoneSE2, [000002374C2FE100][000002374C5FE3C0 49] iPhone12Mini, [000002374C2C3B00][000002374C602540 49] iPhone12, [000002374C2FE000][000002374C6066C0 49] iPhone12Pro, [000002374C2C0200][000002374C5C2800 49] iPhone12ProMax, [000002374C2FDD00][000002374C61C940 49] iPadPro105, [000002374C2C1500][000002374C694A80 49] iPadPro129, [000002374C2FD200][000002374C698BC0 49] iPadPro97, [000002374C2C1400][000002374C728D40 49] iPadPro2_129, [000002374C2FF000][000002374C74CEC0 49] iPad5, [000002374C2C0F00][000002373EF8F040 49] iPad6, [000002374C2FC900][000002373EFC71C0 49] iPad7, [000002374C2C1E00][000002373EFCB340 49] iPad8, [000002374C2FF300][000002373EFCF4C0 49] iPadPro11, [000002374C2C0A00][000002373EFD3640 49] iPadPro2_11, [000002374C2FFE00][000002373EFDB7C0 49] iPadPro3_129, [000002374C2C1D00][000002373EFE7940 49] iPadPro4_129, [000002374C2FD100][000002373EFEBAC0 49] AppleTV, [000002374C2C2900][000002373EFEE0C0 49] AppleTV4K, [000002374C2FD300][000002374A1B4240 49] TVOS, [000002374C2C2E00][000002374A1E43C0 49] Mac, [000002374C2FED00][000002374C648540 49] MacClient, [000002374C2C0E00][000002374C6626C0 49] MacNoEditor, [000002374C2FDF00][000002374C666840 49] MacServer, [000002374C2C2D00][000002374C724980 49] Linux, [000002374C30EA00][000002374C68AAC0 49] LinuxAArch64, [000002374B3B0300][000002374C68EC00 49] LinuxNoEditor, [000002374C30CA00][000002374C6DAD40 49] LinuxAArch64NoEditor, [000002374B3B1B00][000002374C6E2EC0 49] LinuxClient, [000002374C30F700][000002374C6E7040 49] LinuxAArch64Client, [000002374B3B0C00][000002374C7171C0 49] LinuxServer, [000002374C30C400][000002374C71B340 49] LinuxAArch64Server, [000002374B3B1600][000002374C71F4C0 49] Android, [000002374C30F600][000002374A13F640 49] Android_Low, [000002374B3B1900][000002374A1737C0 49] Android_Mid, [000002374C30C300][000002374A177940 49] Android_High, [000002374B3B1700][000002374A17BAC0 49] Android_Default, [000002374C30C800][000002374A17E0C0 49] Android_Adreno4xx, [000002374B3B1500][000002374A182240 49] Android_Adreno5xx_Low, [000002374C30D900][000002374A1863C0 49] Android_Adreno5xx, [000002374B3B0F00][000002373EA20540 49] Android_Adreno6xx, [000002374C30E500][000002373EA286C0 49] Android_Adreno6xx_Vulkan, [000002374B3B1C00][000002374CB3A840 49] Android_Mali_T6xx, [000002374C30E300][000002374CB4A9C0 49] Android_Mali_T7xx, [000002374B3B0200][000002374CB5AB40 49] Android_Mali_T8xx, [000002374C30F800][000002374C6DEC80 49] Android_Mali_G71, [000002374B3B0600][000002374C952DC0 49] Android_Mali_G72, [000002374C30EC00][000002374C956F00 49] Android_Mali_G72_Vulkan, [000002374B3B1300][000002374C95F080 49] Android_Mali_G76, [000002374C2C1A00][000002374C963200 49] Android_Mali_G76_Vulkan, [000002374C2FF700][000002374C967380 49] Android_Mali_G77, [000002374C2C2100][000002374C96B500 49] Android_Mali_G77_Vulkan, [000002374C2FCC00][000002374C96F680 49] Android_Mali_G78, [000002374C2C3600][000002374C995800 49] Android_Mali_G78_Vulkan, [000002374C2FE600][000002374C999980 49] Android_Mali_G710, [000002374C2C0700][000002374C9A5B00 49] Android_Mali_G710_Vulkan, [000002374C2FC400][000002374C9A8100 49] Android_Vulkan_SM5, [000002374C2C0900][000002374C9AC280 49] Android_PowerVR_G6xxx, [000002374C2FC100][000002374A11E400 49] Android_PowerVR_GT7xxx, [000002374C2C2600][000002374A122580 49] Android_PowerVR_GE8xxx, [000002374C2FEA00][000002374A12A700 49] Android_PowerVR_GM9xxx, [000002374C2C2A00][000002374A12E880 49] Android_PowerVR_GM9xxx_Vulkan, [000002374C2FEE00][000002374C9B0A00 49] Android_TegraK1, [000002374C2C2B00][000002374A132B80 49] Android_Unknown_Vulkan, [000002374C2FDB00][000002374A136D00 49] Lumin, [000002374C2C2700][000002374C95AE40 49] Lumin_Desktop, [000002374C2FC300][000002374A126F80 49] HoloLens, 
[2023.11.05-12.25.51:833][  0]LogMeshReduction: Using QuadricMeshReduction for automatic static mesh reduction
[2023.11.05-12.25.51:833][  0]LogMeshReduction: Using SimplygonMeshReduction for automatic skeletal mesh reduction
[2023.11.05-12.25.51:833][  0]LogMeshReduction: Using ProxyLODMeshReduction for automatic mesh merging
[2023.11.05-12.25.51:833][  0]LogMeshReduction: No distributed automatic mesh merging module available
[2023.11.05-12.25.51:833][  0]LogMeshMerging: No distributed automatic mesh merging module available
[2023.11.05-12.25.51:862][  0]LogNetVersion: HologramUE 1.0.0, NetCL: 17155196, EngineNetVer: 17, GameNetVer: 0 (Checksum: 1010442274)
[2023.11.05-12.25.52:330][  0]LogTexture: Default maximum texture size for cubemaps generated from long-lat sources has been changed from 512 to unlimited. In order to preserve old behaiour for '/Engine/MapTemplates/Sky/DaylightAmbientCubemap.DaylightAmbientCubemap', its maximum texture size has been explicitly set to 512.
[2023.11.05-12.25.52:391][  0]LogHMD: PokeAHoleMaterial loaded successfully
[2023.11.05-12.25.52:398][  0]LogUObjectArray: 17178 objects as part of root set at end of initial load.
[2023.11.05-12.25.52:398][  0]LogUObjectAllocator: 4302048 out of 0 bytes used by permanent object pool.
[2023.11.05-12.25.52:398][  0]LogUObjectArray: CloseDisregardForGC: 0/0 objects in disregard for GC pool
[2023.11.05-12.25.52:814][  0]LogNiagaraDebuggerClient: Niagara Debugger Client Initialized | Session: DA2957D844E5AB62127B01A4BA67CE8C | Instance: E28AEEB541DE56BF1C88E18FFA2E6DD2 (DESKTOP-3OKBJLR-117028).
[2023.11.05-12.25.52:862][  0]LogPython: Using Python 3.7.7
[2023.11.05-12.25.53:742][  0]LogTcpMessaging: Initializing TcpMessaging bridge
[2023.11.05-12.25.53:748][  0]LogUdpMessaging: Initializing bridge on interface 0.0.0.0:0 to multicast group 230.0.0.1:6666.
[2023.11.05-12.25.53:973][  0]SourceControl: Source control is disabled
[2023.11.05-12.25.53:973][  0]SourceControl: Source control is disabled
[2023.11.05-12.25.53:990][  0]SourceControl: Source control is disabled
[2023.11.05-12.25.53:995][  0]SourceControl: Source control is disabled
[2023.11.05-12.25.54:004][  0]SourceControl: Source control is disabled
[2023.11.05-12.25.54:014][  0]LogUProjectInfo: Found projects:
[2023.11.05-12.25.54:329][  0]LogOpenImageDenoise: OIDN starting up
[2023.11.05-12.25.54:395][  0]LogAndroidPermission: UAndroidPermissionCallbackProxy::GetInstance
[2023.11.05-12.25.54:428][  0]LogAudioCaptureCore: Display: No Audio Capture implementations found. Audio input will be silent.
[2023.11.05-12.25.54:428][  0]LogAudioCaptureCore: Display: No Audio Capture implementations found. Audio input will be silent.
[2023.11.05-12.25.54:587][  0]LogCollectionManager: Loaded 0 collections in 0.002326 seconds
[2023.11.05-12.25.54:592][  0]LogFileCache: Scanning file cache for directory 'D:/UE4 Projects/HologramUE/Saved/Collections/' took 0.00s
[2023.11.05-12.25.54:592][  0]LogFileCache: Scanning file cache for directory 'D:/UE4 Projects/HologramUE/Content/Developers/jakub/Collections/' took 0.00s
[2023.11.05-12.25.54:592][  0]LogFileCache: Scanning file cache for directory 'D:/UE4 Projects/HologramUE/Content/Collections/' took 0.00s
[2023.11.05-12.25.54:624][  0]LogOcInput: OculusInput pre-init called
[2023.11.05-12.25.54:888][  0]LogEngine: Initializing Engine...
[2023.11.05-12.25.54:891][  0]LogHMD: Failed to enumerate extensions. Please check that you have a valid OpenXR runtime installed.
[2023.11.05-12.25.54:892][  0]LogHMD: Failed to initialize OpenVR with code 110
[2023.11.05-12.25.54:892][  0]LogMagicLeap: Warning: VR disabled because ZI is not enabled.  To enable, in the editor, Edit -> Project Settings -> Plugins -> Magic Leap Plugin -> Enable Zero Iteration
[2023.11.05-12.25.54:893][  0]LogStats: UGameplayTagsManager::InitializeManager -  0.000 s
[2023.11.05-12.25.55:036][  0]LogInit: Initializing FReadOnlyCVARCache
[2023.11.05-12.25.55:047][  0]LogAIModule: Creating AISystem for world Untitled
[2023.11.05-12.25.55:047][  0]LogAudio: Display: Initializing Audio Device Manager...
[2023.11.05-12.25.55:052][  0]LogAudio: Display: Loading Default Audio Settings Objects...
[2023.11.05-12.25.55:053][  0]LogAudio: Display: No default SoundConcurrencyObject specified (or failed to load).
[2023.11.05-12.25.55:054][  0]LogAudio: Display: Audio Device Manager Initialized
[2023.11.05-12.25.55:054][  0]LogAudio: Display: Creating Audio Device:                 Id: 1, Scope: Shared, Realtime: True
[2023.11.05-12.25.55:054][  0]LogAudioMixer: Display: Audio Mixer Platform Settings:
[2023.11.05-12.25.55:054][  0]LogAudioMixer: Display: 	Sample Rate:						  48000
[2023.11.05-12.25.55:054][  0]LogAudioMixer: Display: 	Callback Buffer Frame Size Requested: 1024
[2023.11.05-12.25.55:054][  0]LogAudioMixer: Display: 	Callback Buffer Frame Size To Use:	  1024
[2023.11.05-12.25.55:054][  0]LogAudioMixer: Display: 	Number of buffers to queue:			  2
[2023.11.05-12.25.55:054][  0]LogAudioMixer: Display: 	Max Channels (voices):				  32
[2023.11.05-12.25.55:054][  0]LogAudioMixer: Display: 	Number of Async Source Workers:		  0
[2023.11.05-12.25.55:054][  0]LogAudio: Display: AudioDevice MaxSources: 32
[2023.11.05-12.25.55:054][  0]LogAudio: Display: Audio Spatialization Plugin: None (built-in).
[2023.11.05-12.25.55:054][  0]LogAudio: Display: Audio Reverb Plugin: None (built-in).
[2023.11.05-12.25.55:054][  0]LogAudio: Display: Audio Occlusion Plugin: None (built-in).
[2023.11.05-12.25.55:054][  0]LogAudioMixer: Display: Initializing audio mixer.
[2023.11.05-12.25.55:077][  0]LogAudioMixer: Display: 0: FrontLeft
[2023.11.05-12.25.55:077][  0]LogAudioMixer: Display: 1: FrontRight
[2023.11.05-12.25.55:078][  0]LogAudioMixer: Display: 2: FrontCenter
[2023.11.05-12.25.55:078][  0]LogAudioMixer: Display: 3: LowFrequency
[2023.11.05-12.25.55:078][  0]LogAudioMixer: Display: 4: BackLeft
[2023.11.05-12.25.55:078][  0]LogAudioMixer: Display: 5: BackRight
[2023.11.05-12.25.55:078][  0]LogAudioMixer: Display: 6: SideLeft
[2023.11.05-12.25.55:078][  0]LogAudioMixer: Display: 7: SideRight
[2023.11.05-12.25.55:121][  0]LogAudioMixer: Display: Using Audio Device Głośniki (Realtek High Definition Audio)
[2023.11.05-12.25.55:121][  0]LogAudioMixer: Display: Initializing Sound Submixes...
[2023.11.05-12.25.55:125][  0]LogAudioMixer: Display: Creating Master Submix 'MasterSubmixDefault'
[2023.11.05-12.25.55:125][  0]LogAudioMixer: Display: Creating Master Submix 'MasterReverbSubmixDefault'
[2023.11.05-12.25.55:126][  0]LogAudioMixer: Display: Creating Master Submix 'MasterEQSubmixDefault'
[2023.11.05-12.25.55:126][  0]LogAudioMixer: FMixerPlatformXAudio2::StartAudioStream() called
[2023.11.05-12.25.55:126][  0]LogAudioMixer: Display: Output buffers initialized: Frames=1024, Channels=8, Samples=8192
[2023.11.05-12.25.55:127][  0]LogAudioMixer: Display: Starting AudioMixerPlatformInterface::RunInternal()
[2023.11.05-12.25.55:127][  0]LogAudioMixer: Display: FMixerPlatformXAudio2::SubmitBuffer() called for the first time
[2023.11.05-12.25.55:127][  0]LogInit: FAudioDevice initialized.
[2023.11.05-12.25.55:128][  0]LogAudio: Display: Audio Device (ID: 1) registered with world 'Untitled'.
[2023.11.05-12.25.55:128][  0]LogNetVersion: Set ProjectVersion to 1.0.0.0. Version Checksum will be recalculated on next use.
[2023.11.05-12.25.55:265][  0]LogDerivedDataCache: Saved boot cache 0.14s 94MB C:/Users/jakub/AppData/Local/UnrealEngine/4.27/DerivedDataCache/Boot.ddc.
[2023.11.05-12.25.55:266][  0]LogInit: Texture streaming: Enabled
[2023.11.05-12.25.55:285][  0]LogAnalytics: Display: [UEEditor.Rocket.Release] APIServer = https://datarouter.ol.epicgames.com/. AppVersion = 4.27.2-18319896+++UE4+Release-4.27
[2023.11.05-12.25.55:292][  0]LogEngineSessionManager: EngineSessionManager initialized
[2023.11.05-12.25.55:292][  0]LogEditorSessionSummary: Verbose: Initializing EditorSessionSummaryWriter for editor session tracking
[2023.11.05-12.25.55:297][  0]LogEditorSessionSummary: EditorSessionSummaryWriter initialized
[2023.11.05-12.25.55:399][  0]LogInit: Transaction tracking system initialized
[2023.11.05-12.25.55:429][  0]BlueprintLog: New page: Editor Load
[2023.11.05-12.25.55:530][  0]LocalizationService: Localization service is disabled
[2023.11.05-12.25.55:563][  0]TimingProfiler: Initialize
[2023.11.05-12.25.55:563][  0]TimingProfiler: OnSessionChanged
[2023.11.05-12.25.55:563][  0]LoadingProfiler: Initialize
[2023.11.05-12.25.55:563][  0]LoadingProfiler: OnSessionChanged
[2023.11.05-12.25.55:563][  0]NetworkingProfiler: Initialize
[2023.11.05-12.25.55:563][  0]NetworkingProfiler: OnSessionChanged
[2023.11.05-12.25.55:563][  0]MemoryProfiler: Initialize
[2023.11.05-12.25.55:563][  0]MemoryProfiler: OnSessionChanged
[2023.11.05-12.25.55:787][  0]LogCook: Display: CookSettings for Memory: MemoryMaxUsedVirtual 0MiB, MemoryMaxUsedPhysical 16384MiB, MemoryMinFreeVirtual 0MiB, MemoryMinFreePhysical 1024MiB
[2023.11.05-12.25.55:787][  0]LogCook: Display: Mobile HDR setting 1
[2023.11.05-12.25.56:083][  0]LogFileCache: Scanning file cache for directory 'D:/UE4 Projects/HologramUE/Content/' took 0.01s
[2023.11.05-12.25.56:279][  0]LogInit: Display: Engine is initialized. Leaving FEngineLoop::Init()
[2023.11.05-12.25.56:284][  0]SourceControl: Source control is disabled
[2023.11.05-12.25.56:284][  0]LogUnrealEdMisc: Loading editor; pre map load, took 10.176
[2023.11.05-12.25.56:284][  0]Cmd: MAP LOAD FILE="D:/UE4 Projects/HologramUE/Content/StarterContent/Maps/Minimal_Default.umap" TEMPLATE=0 SHOWPROGRESS=1 FEATURELEVEL=3
[2023.11.05-12.25.56:285][  0]LogEditorServer: Warning: Can't find file 'D:/UE4 Projects/HologramUE/Content/StarterContent/Maps/Minimal_Default.umap'
[2023.11.05-12.25.56:285][  0]Cmd: MAP CHECKDEP NOCLEARLOG
[2023.11.05-12.25.56:285][  0]MapCheck: Map check complete: 0 Error(s), 0 Warning(s), took 0.13ms to complete.
[2023.11.05-12.25.56:285][  0]LogFileHelpers: Loading map 'Minimal_Default' took 0.001
[2023.11.05-12.25.56:287][  0]LogUnrealEdMisc: Total Editor Startup Time, took 10.178
[2023.11.05-12.25.56:438][  0]LogNativeClassHierarchy: Verbose: Native class hierarchy populated in 0.0122 seconds. Added 3822 classes and 928 folders.
[2023.11.05-12.25.56:442][  0]LogNativeClassHierarchy: Verbose: Native class hierarchy updated for 'WidgetCarousel' in 0.0003 seconds. Added 0 classes and 0 folders.
[2023.11.05-12.25.56:444][  0]LogPakFile: PakFile PrimaryIndexSize=187
[2023.11.05-12.25.56:444][  0]LogPakFile: PakFile PathHashIndexSize=101
[2023.11.05-12.25.56:444][  0]LogPakFile: PakFile FullDirectoryIndexSize=148
[2023.11.05-12.25.56:444][  0]LogShaderLibrary: Display: ShaderCodeLibraryPakFileMountedCallback: PakFile 'C:/Program Files/Epic Games/UE_4.27/FeaturePacks/FP_FirstPerson.upack' (chunk index -1, root 'root:/') mounted
[2023.11.05-12.25.56:444][  0]LogShaderLibrary: Display: ShaderCodeLibraryPakFileMountedCallback: pending pak file info (ChunkID:-1 Root:root:/ File:C:/Program Files/Epic Games/UE_4.27/FeaturePacks/FP_FirstPerson.upack)
[2023.11.05-12.25.56:444][  0]LogPakFile: OnPakFileMounted2Time == 0.000071
[2023.11.05-12.25.56:445][  0]LogPakFile: PakFile PrimaryIndexSize=189
[2023.11.05-12.25.56:445][  0]LogPakFile: PakFile PathHashIndexSize=101
[2023.11.05-12.25.56:445][  0]LogPakFile: PakFile FullDirectoryIndexSize=152
[2023.11.05-12.25.56:445][  0]LogShaderLibrary: Display: ShaderCodeLibraryPakFileMountedCallback: PakFile 'C:/Program Files/Epic Games/UE_4.27/FeaturePacks/FP_FirstPersonBP.upack' (chunk index -1, root 'root:/') mounted
[2023.11.05-12.25.56:445][  0]LogShaderLibrary: Display: ShaderCodeLibraryPakFileMountedCallback: pending pak file info (ChunkID:-1 Root:root:/ File:C:/Program Files/Epic Games/UE_4.27/FeaturePacks/FP_FirstPersonBP.upack)
[2023.11.05-12.25.56:445][  0]LogPakFile: OnPakFileMounted2Time == 0.000043
[2023.11.05-12.25.56:446][  0]LogPakFile: PakFile PrimaryIndexSize=191
[2023.11.05-12.25.56:446][  0]LogPakFile: PakFile PathHashIndexSize=101
[2023.11.05-12.25.56:446][  0]LogPakFile: PakFile FullDirectoryIndexSize=160
[2023.11.05-12.25.56:446][  0]LogShaderLibrary: Display: ShaderCodeLibraryPakFileMountedCallback: PakFile 'C:/Program Files/Epic Games/UE_4.27/FeaturePacks/MobileStarterContent.upack' (chunk index -1, root 'root:/') mounted
[2023.11.05-12.25.56:446][  0]LogShaderLibrary: Display: ShaderCodeLibraryPakFileMountedCallback: pending pak file info (ChunkID:-1 Root:root:/ File:C:/Program Files/Epic Games/UE_4.27/FeaturePacks/MobileStarterContent.upack)
[2023.11.05-12.25.56:446][  0]LogPakFile: OnPakFileMounted2Time == 0.000040
[2023.11.05-12.25.56:447][  0]LogPakFile: PakFile PrimaryIndexSize=185
[2023.11.05-12.25.56:447][  0]LogPakFile: PakFile PathHashIndexSize=101
[2023.11.05-12.25.56:447][  0]LogPakFile: PakFile FullDirectoryIndexSize=148
[2023.11.05-12.25.56:447][  0]LogShaderLibrary: Display: ShaderCodeLibraryPakFileMountedCallback: PakFile 'C:/Program Files/Epic Games/UE_4.27/FeaturePacks/StarterContent.upack' (chunk index -1, root 'root:/') mounted
[2023.11.05-12.25.56:447][  0]LogShaderLibrary: Display: ShaderCodeLibraryPakFileMountedCallback: pending pak file info (ChunkID:-1 Root:root:/ File:C:/Program Files/Epic Games/UE_4.27/FeaturePacks/StarterContent.upack)
[2023.11.05-12.25.56:447][  0]LogPakFile: OnPakFileMounted2Time == 0.000043
[2023.11.05-12.25.56:447][  0]LogPakFile: PakFile PrimaryIndexSize=190
[2023.11.05-12.25.56:447][  0]LogPakFile: PakFile PathHashIndexSize=101
[2023.11.05-12.25.56:447][  0]LogPakFile: PakFile FullDirectoryIndexSize=154
[2023.11.05-12.25.56:447][  0]LogShaderLibrary: Display: ShaderCodeLibraryPakFileMountedCallback: PakFile 'C:/Program Files/Epic Games/UE_4.27/FeaturePacks/TP_2DSideScroller.upack' (chunk index -1, root 'root:/') mounted
[2023.11.05-12.25.56:447][  0]LogShaderLibrary: Display: ShaderCodeLibraryPakFileMountedCallback: pending pak file info (ChunkID:-1 Root:root:/ File:C:/Program Files/Epic Games/UE_4.27/FeaturePacks/TP_2DSideScroller.upack)
[2023.11.05-12.25.56:447][  0]LogPakFile: OnPakFileMounted2Time == 0.000040
[2023.11.05-12.25.56:448][  0]LogPakFile: PakFile PrimaryIndexSize=192
[2023.11.05-12.25.56:448][  0]LogPakFile: PakFile PathHashIndexSize=101
[2023.11.05-12.25.56:448][  0]LogPakFile: PakFile FullDirectoryIndexSize=158
[2023.11.05-12.25.56:448][  0]LogShaderLibrary: Display: ShaderCodeLibraryPakFileMountedCallback: PakFile 'C:/Program Files/Epic Games/UE_4.27/FeaturePacks/TP_2DSideScrollerBP.upack' (chunk index -1, root 'root:/') mounted
[2023.11.05-12.25.56:448][  0]LogShaderLibrary: Display: ShaderCodeLibraryPakFileMountedCallback: pending pak file info (ChunkID:-1 Root:root:/ File:C:/Program Files/Epic Games/UE_4.27/FeaturePacks/TP_2DSideScrollerBP.upack)
[2023.11.05-12.25.56:448][  0]LogPakFile: OnPakFileMounted2Time == 0.000039
[2023.11.05-12.25.56:449][  0]LogPakFile: PakFile PrimaryIndexSize=182
[2023.11.05-12.25.56:449][  0]LogPakFile: PakFile PathHashIndexSize=101
[2023.11.05-12.25.56:449][  0]LogPakFile: PakFile FullDirectoryIndexSize=138
[2023.11.05-12.25.56:449][  0]LogShaderLibrary: Display: ShaderCodeLibraryPakFileMountedCallback: PakFile 'C:/Program Files/Epic Games/UE_4.27/FeaturePacks/TP_Flying.upack' (chunk index -1, root 'root:/') mounted
[2023.11.05-12.25.56:449][  0]LogShaderLibrary: Display: ShaderCodeLibraryPakFileMountedCallback: pending pak file info (ChunkID:-1 Root:root:/ File:C:/Program Files/Epic Games/UE_4.27/FeaturePacks/TP_Flying.upack)
[2023.11.05-12.25.56:449][  0]LogPakFile: OnPakFileMounted2Time == 0.000037
[2023.11.05-12.25.56:450][  0]LogPakFile: PakFile PrimaryIndexSize=184
[2023.11.05-12.25.56:450][  0]LogPakFile: PakFile PathHashIndexSize=101
[2023.11.05-12.25.56:450][  0]LogPakFile: PakFile FullDirectoryIndexSize=142
[2023.11.05-12.25.56:450][  0]LogShaderLibrary: Display: ShaderCodeLibraryPakFileMountedCallback: PakFile 'C:/Program Files/Epic Games/UE_4.27/FeaturePacks/TP_FlyingBP.upack' (chunk index -1, root 'root:/') mounted
[2023.11.05-12.25.56:450][  0]LogShaderLibrary: Display: ShaderCodeLibraryPakFileMountedCallback: pending pak file info (ChunkID:-1 Root:root:/ File:C:/Program Files/Epic Games/UE_4.27/FeaturePacks/TP_FlyingBP.upack)
[2023.11.05-12.25.56:450][  0]LogPakFile: OnPakFileMounted2Time == 0.000037
[2023.11.05-12.25.56:450][  0]LogPakFile: PakFile PrimaryIndexSize=188
[2023.11.05-12.25.56:450][  0]LogPakFile: PakFile PathHashIndexSize=101
[2023.11.05-12.25.56:450][  0]LogPakFile: PakFile FullDirectoryIndexSize=150
[2023.11.05-12.25.56:450][  0]LogShaderLibrary: Display: ShaderCodeLibraryPakFileMountedCallback: PakFile 'C:/Program Files/Epic Games/UE_4.27/FeaturePacks/TP_HandheldARBP.upack' (chunk index -1, root 'root:/') mounted
[2023.11.05-12.25.56:450][  0]LogShaderLibrary: Display: ShaderCodeLibraryPakFileMountedCallback: pending pak file info (ChunkID:-1 Root:root:/ File:C:/Program Files/Epic Games/UE_4.27/FeaturePacks/TP_HandheldARBP.upack)
[2023.11.05-12.25.56:450][  0]LogPakFile: OnPakFileMounted2Time == 0.000037
[2023.11.05-12.25.56:451][  0]LogPakFile: PakFile PrimaryIndexSize=182
[2023.11.05-12.25.56:451][  0]LogPakFile: PakFile PathHashIndexSize=101
[2023.11.05-12.25.56:451][  0]LogPakFile: PakFile FullDirectoryIndexSize=138
[2023.11.05-12.25.56:451][  0]LogShaderLibrary: Display: ShaderCodeLibraryPakFileMountedCallback: PakFile 'C:/Program Files/Epic Games/UE_4.27/FeaturePacks/TP_Puzzle.upack' (chunk index -1, root 'root:/') mounted
[2023.11.05-12.25.56:451][  0]LogShaderLibrary: Display: ShaderCodeLibraryPakFileMountedCallback: pending pak file info (ChunkID:-1 Root:root:/ File:C:/Program Files/Epic Games/UE_4.27/FeaturePacks/TP_Puzzle.upack)
[2023.11.05-12.25.56:451][  0]LogPakFile: OnPakFileMounted2Time == 0.000036
[2023.11.05-12.25.56:452][  0]LogPakFile: PakFile PrimaryIndexSize=184
[2023.11.05-12.25.56:452][  0]LogPakFile: PakFile PathHashIndexSize=101
[2023.11.05-12.25.56:452][  0]LogPakFile: PakFile FullDirectoryIndexSize=142
[2023.11.05-12.25.56:452][  0]LogShaderLibrary: Display: ShaderCodeLibraryPakFileMountedCallback: PakFile 'C:/Program Files/Epic Games/UE_4.27/FeaturePacks/TP_PuzzleBP.upack' (chunk index -1, root 'root:/') mounted
[2023.11.05-12.25.56:452][  0]LogShaderLibrary: Display: ShaderCodeLibraryPakFileMountedCallback: pending pak file info (ChunkID:-1 Root:root:/ File:C:/Program Files/Epic Games/UE_4.27/FeaturePacks/TP_PuzzleBP.upack)
[2023.11.05-12.25.56:452][  0]LogPakFile: OnPakFileMounted2Time == 0.000037
[2023.11.05-12.25.56:452][  0]LogPakFile: PakFile PrimaryIndexSize=183
[2023.11.05-12.25.56:452][  0]LogPakFile: PakFile PathHashIndexSize=101
[2023.11.05-12.25.56:452][  0]LogPakFile: PakFile FullDirectoryIndexSize=140
[2023.11.05-12.25.56:452][  0]LogShaderLibrary: Display: ShaderCodeLibraryPakFileMountedCallback: PakFile 'C:/Program Files/Epic Games/UE_4.27/FeaturePacks/TP_Rolling.upack' (chunk index -1, root 'root:/') mounted
[2023.11.05-12.25.56:452][  0]LogShaderLibrary: Display: ShaderCodeLibraryPakFileMountedCallback: pending pak file info (ChunkID:-1 Root:root:/ File:C:/Program Files/Epic Games/UE_4.27/FeaturePacks/TP_Rolling.upack)
[2023.11.05-12.25.56:452][  0]LogPakFile: OnPakFileMounted2Time == 0.000040
[2023.11.05-12.25.56:453][  0]LogPakFile: PakFile PrimaryIndexSize=185
[2023.11.05-12.25.56:453][  0]LogPakFile: PakFile PathHashIndexSize=101
[2023.11.05-12.25.56:453][  0]LogPakFile: PakFile FullDirectoryIndexSize=144
[2023.11.05-12.25.56:453][  0]LogShaderLibrary: Display: ShaderCodeLibraryPakFileMountedCallback: PakFile 'C:/Program Files/Epic Games/UE_4.27/FeaturePacks/TP_RollingBP.upack' (chunk index -1, root 'root:/') mounted
[2023.11.05-12.25.56:453][  0]LogShaderLibrary: Display: ShaderCodeLibraryPakFileMountedCallback: pending pak file info (ChunkID:-1 Root:root:/ File:C:/Program Files/Epic Games/UE_4.27/FeaturePacks/TP_RollingBP.upack)
[2023.11.05-12.25.56:453][  0]LogPakFile: OnPakFileMounted2Time == 0.000047
[2023.11.05-12.25.56:454][  0]LogPakFile: PakFile PrimaryIndexSize=188
[2023.11.05-12.25.56:454][  0]LogPakFile: PakFile PathHashIndexSize=101
[2023.11.05-12.25.56:454][  0]LogPakFile: PakFile FullDirectoryIndexSize=150
[2023.11.05-12.25.56:454][  0]LogShaderLibrary: Display: ShaderCodeLibraryPakFileMountedCallback: PakFile 'C:/Program Files/Epic Games/UE_4.27/FeaturePacks/TP_SideScroller.upack' (chunk index -1, root 'root:/') mounted
[2023.11.05-12.25.56:454][  0]LogShaderLibrary: Display: ShaderCodeLibraryPakFileMountedCallback: pending pak file info (ChunkID:-1 Root:root:/ File:C:/Program Files/Epic Games/UE_4.27/FeaturePacks/TP_SideScroller.upack)
[2023.11.05-12.25.56:454][  0]LogPakFile: OnPakFileMounted2Time == 0.000041
[2023.11.05-12.25.56:455][  0]LogPakFile: PakFile PrimaryIndexSize=190
[2023.11.05-12.25.56:455][  0]LogPakFile: PakFile PathHashIndexSize=101
[2023.11.05-12.25.56:455][  0]LogPakFile: PakFile FullDirectoryIndexSize=154
[2023.11.05-12.25.56:455][  0]LogShaderLibrary: Display: ShaderCodeLibraryPakFileMountedCallback: PakFile 'C:/Program Files/Epic Games/UE_4.27/FeaturePacks/TP_SideScrollerBP.upack' (chunk index -1, root 'root:/') mounted
[2023.11.05-12.25.56:455][  0]LogShaderLibrary: Display: ShaderCodeLibraryPakFileMountedCallback: pending pak file info (ChunkID:-1 Root:root:/ File:C:/Program Files/Epic Games/UE_4.27/FeaturePacks/TP_SideScrollerBP.upack)
[2023.11.05-12.25.56:455][  0]LogPakFile: OnPakFileMounted2Time == 0.000040
[2023.11.05-12.25.56:456][  0]LogPakFile: PakFile PrimaryIndexSize=187
[2023.11.05-12.25.56:456][  0]LogPakFile: PakFile PathHashIndexSize=101
[2023.11.05-12.25.56:456][  0]LogPakFile: PakFile FullDirectoryIndexSize=148
[2023.11.05-12.25.56:456][  0]LogShaderLibrary: Display: ShaderCodeLibraryPakFileMountedCallback: PakFile 'C:/Program Files/Epic Games/UE_4.27/FeaturePacks/TP_ThirdPerson.upack' (chunk index -1, root 'root:/') mounted
[2023.11.05-12.25.56:456][  0]LogShaderLibrary: Display: ShaderCodeLibraryPakFileMountedCallback: pending pak file info (ChunkID:-1 Root:root:/ File:C:/Program Files/Epic Games/UE_4.27/FeaturePacks/TP_ThirdPerson.upack)
[2023.11.05-12.25.56:456][  0]LogPakFile: OnPakFileMounted2Time == 0.000044
[2023.11.05-12.25.56:457][  0]LogPakFile: PakFile PrimaryIndexSize=189
[2023.11.05-12.25.56:457][  0]LogPakFile: PakFile PathHashIndexSize=101
[2023.11.05-12.25.56:457][  0]LogPakFile: PakFile FullDirectoryIndexSize=152
[2023.11.05-12.25.56:457][  0]LogShaderLibrary: Display: ShaderCodeLibraryPakFileMountedCallback: PakFile 'C:/Program Files/Epic Games/UE_4.27/FeaturePacks/TP_ThirdPersonBP.upack' (chunk index -1, root 'root:/') mounted
[2023.11.05-12.25.56:457][  0]LogShaderLibrary: Display: ShaderCodeLibraryPakFileMountedCallback: pending pak file info (ChunkID:-1 Root:root:/ File:C:/Program Files/Epic Games/UE_4.27/FeaturePacks/TP_ThirdPersonBP.upack)
[2023.11.05-12.25.56:457][  0]LogPakFile: OnPakFileMounted2Time == 0.000041
[2023.11.05-12.25.56:457][  0]LogPakFile: PakFile PrimaryIndexSize=183
[2023.11.05-12.25.56:458][  0]LogPakFile: PakFile PathHashIndexSize=101
[2023.11.05-12.25.56:458][  0]LogPakFile: PakFile FullDirectoryIndexSize=140
[2023.11.05-12.25.56:458][  0]LogShaderLibrary: Display: ShaderCodeLibraryPakFileMountedCallback: PakFile 'C:/Program Files/Epic Games/UE_4.27/FeaturePacks/TP_TopDown.upack' (chunk index -1, root 'root:/') mounted
[2023.11.05-12.25.56:458][  0]LogShaderLibrary: Display: ShaderCodeLibraryPakFileMountedCallback: pending pak file info (ChunkID:-1 Root:root:/ File:C:/Program Files/Epic Games/UE_4.27/FeaturePacks/TP_TopDown.upack)
[2023.11.05-12.25.56:458][  0]LogPakFile: OnPakFileMounted2Time == 0.000057
[2023.11.05-12.25.56:458][  0]LogPakFile: PakFile PrimaryIndexSize=185
[2023.11.05-12.25.56:458][  0]LogPakFile: PakFile PathHashIndexSize=101
[2023.11.05-12.25.56:458][  0]LogPakFile: PakFile FullDirectoryIndexSize=144
[2023.11.05-12.25.56:458][  0]LogShaderLibrary: Display: ShaderCodeLibraryPakFileMountedCallback: PakFile 'C:/Program Files/Epic Games/UE_4.27/FeaturePacks/TP_TopDownBP.upack' (chunk index -1, root 'root:/') mounted
[2023.11.05-12.25.56:458][  0]LogShaderLibrary: Display: ShaderCodeLibraryPakFileMountedCallback: pending pak file info (ChunkID:-1 Root:root:/ File:C:/Program Files/Epic Games/UE_4.27/FeaturePacks/TP_TopDownBP.upack)
[2023.11.05-12.25.56:458][  0]LogPakFile: OnPakFileMounted2Time == 0.000045
[2023.11.05-12.25.56:459][  0]LogPakFile: PakFile PrimaryIndexSize=185
[2023.11.05-12.25.56:459][  0]LogPakFile: PakFile PathHashIndexSize=101
[2023.11.05-12.25.56:459][  0]LogPakFile: PakFile FullDirectoryIndexSize=144
[2023.11.05-12.25.56:459][  0]LogShaderLibrary: Display: ShaderCodeLibraryPakFileMountedCallback: PakFile 'C:/Program Files/Epic Games/UE_4.27/FeaturePacks/TP_TwinStick.upack' (chunk index -1, root 'root:/') mounted
[2023.11.05-12.25.56:459][  0]LogShaderLibrary: Display: ShaderCodeLibraryPakFileMountedCallback: pending pak file info (ChunkID:-1 Root:root:/ File:C:/Program Files/Epic Games/UE_4.27/FeaturePacks/TP_TwinStick.upack)
[2023.11.05-12.25.56:459][  0]LogPakFile: OnPakFileMounted2Time == 0.000038
[2023.11.05-12.25.56:460][  0]LogPakFile: PakFile PrimaryIndexSize=187
[2023.11.05-12.25.56:460][  0]LogPakFile: PakFile PathHashIndexSize=101
[2023.11.05-12.25.56:460][  0]LogPakFile: PakFile FullDirectoryIndexSize=148
[2023.11.05-12.25.56:460][  0]LogShaderLibrary: Display: ShaderCodeLibraryPakFileMountedCallback: PakFile 'C:/Program Files/Epic Games/UE_4.27/FeaturePacks/TP_TwinStickBP.upack' (chunk index -1, root 'root:/') mounted
[2023.11.05-12.25.56:460][  0]LogShaderLibrary: Display: ShaderCodeLibraryPakFileMountedCallback: pending pak file info (ChunkID:-1 Root:root:/ File:C:/Program Files/Epic Games/UE_4.27/FeaturePacks/TP_TwinStickBP.upack)
[2023.11.05-12.25.56:460][  0]LogPakFile: OnPakFileMounted2Time == 0.000038
[2023.11.05-12.25.56:460][  0]LogPakFile: PakFile PrimaryIndexSize=183
[2023.11.05-12.25.56:460][  0]LogPakFile: PakFile PathHashIndexSize=101
[2023.11.05-12.25.56:460][  0]LogPakFile: PakFile FullDirectoryIndexSize=140
[2023.11.05-12.25.56:460][  0]LogShaderLibrary: Display: ShaderCodeLibraryPakFileMountedCallback: PakFile 'C:/Program Files/Epic Games/UE_4.27/FeaturePacks/TP_Vehicle.upack' (chunk index -1, root 'root:/') mounted
[2023.11.05-12.25.56:460][  0]LogShaderLibrary: Display: ShaderCodeLibraryPakFileMountedCallback: pending pak file info (ChunkID:-1 Root:root:/ File:C:/Program Files/Epic Games/UE_4.27/FeaturePacks/TP_Vehicle.upack)
[2023.11.05-12.25.56:460][  0]LogPakFile: OnPakFileMounted2Time == 0.000039
[2023.11.05-12.25.56:461][  0]LogPakFile: PakFile PrimaryIndexSize=186
[2023.11.05-12.25.56:461][  0]LogPakFile: PakFile PathHashIndexSize=101
[2023.11.05-12.25.56:461][  0]LogPakFile: PakFile FullDirectoryIndexSize=146
[2023.11.05-12.25.56:461][  0]LogShaderLibrary: Display: ShaderCodeLibraryPakFileMountedCallback: PakFile 'C:/Program Files/Epic Games/UE_4.27/FeaturePacks/TP_VehicleAdv.upack' (chunk index -1, root 'root:/') mounted
[2023.11.05-12.25.56:461][  0]LogShaderLibrary: Display: ShaderCodeLibraryPakFileMountedCallback: pending pak file info (ChunkID:-1 Root:root:/ File:C:/Program Files/Epic Games/UE_4.27/FeaturePacks/TP_VehicleAdv.upack)
[2023.11.05-12.25.56:461][  0]LogPakFile: OnPakFileMounted2Time == 0.000039
[2023.11.05-12.25.56:462][  0]LogPakFile: PakFile PrimaryIndexSize=188
[2023.11.05-12.25.56:462][  0]LogPakFile: PakFile PathHashIndexSize=101
[2023.11.05-12.25.56:462][  0]LogPakFile: PakFile FullDirectoryIndexSize=150
[2023.11.05-12.25.56:462][  0]LogShaderLibrary: Display: ShaderCodeLibraryPakFileMountedCallback: PakFile 'C:/Program Files/Epic Games/UE_4.27/FeaturePacks/TP_VehicleAdvBP.upack' (chunk index -1, root 'root:/') mounted
[2023.11.05-12.25.56:462][  0]LogShaderLibrary: Display: ShaderCodeLibraryPakFileMountedCallback: pending pak file info (ChunkID:-1 Root:root:/ File:C:/Program Files/Epic Games/UE_4.27/FeaturePacks/TP_VehicleAdvBP.upack)
[2023.11.05-12.25.56:462][  0]LogPakFile: OnPakFileMounted2Time == 0.000045
[2023.11.05-12.25.56:463][  0]LogPakFile: PakFile PrimaryIndexSize=185
[2023.11.05-12.25.56:463][  0]LogPakFile: PakFile PathHashIndexSize=101
[2023.11.05-12.25.56:463][  0]LogPakFile: PakFile FullDirectoryIndexSize=144
[2023.11.05-12.25.56:463][  0]LogShaderLibrary: Display: ShaderCodeLibraryPakFileMountedCallback: PakFile 'C:/Program Files/Epic Games/UE_4.27/FeaturePacks/TP_VehicleBP.upack' (chunk index -1, root 'root:/') mounted
[2023.11.05-12.25.56:463][  0]LogShaderLibrary: Display: ShaderCodeLibraryPakFileMountedCallback: pending pak file info (ChunkID:-1 Root:root:/ File:C:/Program Files/Epic Games/UE_4.27/FeaturePacks/TP_VehicleBP.upack)
[2023.11.05-12.25.56:463][  0]LogPakFile: OnPakFileMounted2Time == 0.000039
[2023.11.05-12.25.56:463][  0]LogPakFile: PakFile PrimaryIndexSize=192
[2023.11.05-12.25.56:463][  0]LogPakFile: PakFile PathHashIndexSize=101
[2023.11.05-12.25.56:463][  0]LogPakFile: PakFile FullDirectoryIndexSize=158
[2023.11.05-12.25.56:463][  0]LogShaderLibrary: Display: ShaderCodeLibraryPakFileMountedCallback: PakFile 'C:/Program Files/Epic Games/UE_4.27/FeaturePacks/TP_VirtualRealityBP.upack' (chunk index -1, root 'root:/') mounted
[2023.11.05-12.25.56:464][  0]LogShaderLibrary: Display: ShaderCodeLibraryPakFileMountedCallback: pending pak file info (ChunkID:-1 Root:root:/ File:C:/Program Files/Epic Games/UE_4.27/FeaturePacks/TP_VirtualRealityBP.upack)
[2023.11.05-12.25.56:464][  0]LogPakFile: OnPakFileMounted2Time == 0.000044
[2023.11.05-12.25.56:544][  0]LogNativeClassHierarchy: Verbose: Native class hierarchy updated for 'AddContentDialog' in 0.0003 seconds. Added 0 classes and 0 folders.
[2023.11.05-12.25.56:567][  0]LogSlate: Updating window title bar state: overlay mode, drag disabled, window buttons hidden, title bar hidden
[2023.11.05-12.25.56:574][  0]LogSlate: Updating window title bar state: overlay mode, drag disabled, window buttons hidden, title bar hidden
[2023.11.05-12.25.56:582][  0]LogSlate: Updating window title bar state: overlay mode, drag disabled, window buttons hidden, title bar hidden
[2023.11.05-12.25.56:592][  0]LogSlate: Updating window title bar state: overlay mode, drag disabled, window buttons hidden, title bar hidden
[2023.11.05-12.25.56:595][  0]LogNativeClassHierarchy: Verbose: Native class hierarchy updated for 'SceneOutliner' in 0.0003 seconds. Added 2 classes and 0 folders.
[2023.11.05-12.25.56:637][  0]LogSlate: Took 0.000270 seconds to synchronously load lazily loaded font '../../../Engine/Content/Slate/Fonts/Roboto-Regular.ttf' (155K)
[2023.11.05-12.25.56:639][  0]LogSlate: Took 0.000270 seconds to synchronously load lazily loaded font '../../../Engine/Content/Editor/Slate/Fonts/FontAwesome.ttf' (139K)
[2023.11.05-12.25.56:640][  0]LogSlate: Took 0.000254 seconds to synchronously load lazily loaded font '../../../Engine/Content/Slate/Fonts/Roboto-Bold.ttf' (160K)
[2023.11.05-12.25.56:744][  0]LogRenderer: Reallocating scene render targets to support 1544x924 Format 10 NumSamples 1 (Frame:1).
[2023.11.05-12.25.56:851][  0]LogNativeClassHierarchy: Verbose: Native class hierarchy updated for 'HierarchicalLODOutliner' in 0.0003 seconds. Added 0 classes and 0 folders.
[2023.11.05-12.25.56:851][  0]LogLoad: (Engine Initialization) Total time: 10.74 seconds
[2023.11.05-12.25.56:851][  0]LogLoad: (Engine Initialization) Total Blueprint compile time: 0.00 seconds
[2023.11.05-12.25.56:909][  0]LogAssetRegistry: Asset discovery search completed in 5.5331 seconds
[2023.11.05-12.25.56:915][  0]LogCollectionManager: Fixed up redirectors for 0 collections in 0.000004 seconds (updated 0 objects)
[2023.11.05-12.25.56:917][  0]LogContentStreaming: Texture pool size now 1000 MB
[2023.11.05-12.25.57:546][  2]LogSlate: Took 0.000231 seconds to synchronously load lazily loaded font '../../../Engine/Content/Slate/Fonts/Roboto-Light.ttf' (167K)
[2023.11.05-12.26.09:792][354]LogSlate: Took 0.000202 seconds to synchronously load lazily loaded font '../../../Engine/Content/Slate/Fonts/Roboto-Light.ttf' (167K)
[2023.11.05-12.26.09:817][354]LogFactory: FactoryCreateFile: StaticMesh with FbxFactory (0 0 C:\Users\jakub\Desktop\Hologram FX\FBX\Plane.fbx)
[2023.11.05-12.26.09:832][354]LogFbx: Loading FBX Scene from C:\Users\jakub\Desktop\Hologram FX\FBX\Plane.fbx
[2023.11.05-12.26.10:024][354]LogFbx: FBX Scene Loaded Succesfully
[2023.11.05-12.26.11:186][354]LogSlate: Window 'FBX Import Options' being destroyed
[2023.11.05-12.26.11:230][354]LogFbx: Triangulating skeletal mesh Plane
[2023.11.05-12.26.11:230][354]LogFbx: Triangulating skeletal mesh Plane|Cube.002|Dupli|1
[2023.11.05-12.26.11:468][354]LogFbx: Triangulating skeletal mesh Plane|Cube.003|Dupli|0.1
[2023.11.05-12.26.12:475][354]LogFbx: Warning: Bones digested - 315  Depth of hierarchy - 2
